{"/Users/macbook_pro_i7_512gb/Desktop/Coding/Visma-pra/vite-vue2-starter/vite.config.js": {"path":"/Users/macbook_pro_i7_512gb/Desktop/Coding/Visma-pra/vite-vue2-starter/vite.config.js","statementMap":{"0":{"start":{"line":1,"column":28},"end":{"line":1,"column":55}},"1":{"start":{"line":4,"column":0},"end":{"line":20,"column":1}},"2":{"start":{"line":16,"column":27},"end":{"line":16,"column":53}}},"fnMap":{"0":{"name":"(anonymous_0)","decl":{"start":{"line":16,"column":17},"end":{"line":16,"column":18}},"loc":{"start":{"line":16,"column":27},"end":{"line":16,"column":53}},"line":16}},"branchMap":{},"s":{"0":0,"1":0,"2":0},"f":{"0":0},"b":{},"hash":"28ab7e3e0137bea4ab4effa396c9eb7b07bd2d29"}
,"/Users/macbook_pro_i7_512gb/Desktop/Coding/Visma-pra/vite-vue2-starter/coverage/lcov-report/block-navigation.js": {"path":"/Users/macbook_pro_i7_512gb/Desktop/Coding/Visma-pra/vite-vue2-starter/coverage/lcov-report/block-navigation.js","statementMap":{"0":{"start":{"line":2,"column":17},"end":{"line":78,"column":4}},"1":{"start":{"line":4,"column":33},"end":{"line":4,"column":74}},"2":{"start":{"line":7,"column":30},"end":{"line":7,"column":44}},"3":{"start":{"line":10,"column":22},"end":{"line":10,"column":78}},"4":{"start":{"line":14,"column":8},"end":{"line":17,"column":55}},"5":{"start":{"line":20,"column":34},"end":{"line":20,"column":69}},"6":{"start":{"line":25,"column":8},"end":{"line":27,"column":45}},"7":{"start":{"line":28,"column":8},"end":{"line":28,"column":73}},"8":{"start":{"line":32,"column":8},"end":{"line":32,"column":27}},"9":{"start":{"line":33,"column":8},"end":{"line":33,"column":29}},"10":{"start":{"line":34,"column":8},"end":{"line":38,"column":11}},"11":{"start":{"line":42,"column":24},"end":{"line":42,"column":25}},"12":{"start":{"line":43,"column":8},"end":{"line":47,"column":9}},"13":{"start":{"line":44,"column":12},"end":{"line":44,"column":59}},"14":{"start":{"line":45,"column":15},"end":{"line":47,"column":9}},"15":{"start":{"line":46,"column":12},"end":{"line":46,"column":41}},"16":{"start":{"line":49,"column":8},"end":{"line":49,"column":31}},"17":{"start":{"line":53,"column":24},"end":{"line":53,"column":25}},"18":{"start":{"line":55,"column":8},"end":{"line":60,"column":9}},"19":{"start":{"line":59,"column":12},"end":{"line":59,"column":41}},"20":{"start":{"line":62,"column":8},"end":{"line":62,"column":31}},"21":{"start":{"line":65,"column":4},"end":{"line":77,"column":6}},"22":{"start":{"line":66,"column":8},"end":{"line":76,"column":9}},"23":{"start":{"line":69,"column":16},"end":{"line":69,"column":27}},"24":{"start":{"line":70,"column":16},"end":{"line":70,"column":22}},"25":{"start":{"line":74,"column":16},"end":{"line":74,"column":31}},"26":{"start":{"line":75,"column":16},"end":{"line":75,"column":22}},"27":{"start":{"line":79,"column":0},"end":{"line":79,"column":47}}},"fnMap":{"0":{"name":"init","decl":{"start":{"line":2,"column":27},"end":{"line":2,"column":31}},"loc":{"start":{"line":2,"column":34},"end":{"line":78,"column":1}},"line":2},"1":{"name":"toggleClass","decl":{"start":{"line":24,"column":13},"end":{"line":24,"column":24}},"loc":{"start":{"line":24,"column":32},"end":{"line":29,"column":5}},"line":24},"2":{"name":"makeCurrent","decl":{"start":{"line":31,"column":13},"end":{"line":31,"column":24}},"loc":{"start":{"line":31,"column":32},"end":{"line":39,"column":5}},"line":31},"3":{"name":"goToPrevious","decl":{"start":{"line":41,"column":13},"end":{"line":41,"column":25}},"loc":{"start":{"line":41,"column":28},"end":{"line":50,"column":5}},"line":41},"4":{"name":"goToNext","decl":{"start":{"line":52,"column":13},"end":{"line":52,"column":21}},"loc":{"start":{"line":52,"column":24},"end":{"line":63,"column":5}},"line":52},"5":{"name":"jump","decl":{"start":{"line":65,"column":20},"end":{"line":65,"column":24}},"loc":{"start":{"line":65,"column":32},"end":{"line":77,"column":5}},"line":65}},"branchMap":{"0":{"loc":{"start":{"line":43,"column":8},"end":{"line":47,"column":9}},"type":"if","locations":[{"start":{"line":43,"column":8},"end":{"line":47,"column":9}},{"start":{"line":43,"column":8},"end":{"line":47,"column":9}}],"line":43},"1":{"loc":{"start":{"line":43,"column":12},"end":{"line":43,"column":66}},"type":"binary-expr","locations":[{"start":{"line":43,"column":12},"end":{"line":43,"column":44}},{"start":{"line":43,"column":48},"end":{"line":43,"column":66}}],"line":43},"2":{"loc":{"start":{"line":45,"column":15},"end":{"line":47,"column":9}},"type":"if","locations":[{"start":{"line":45,"column":15},"end":{"line":47,"column":9}},{"start":{"line":45,"column":15},"end":{"line":47,"column":9}}],"line":45},"3":{"loc":{"start":{"line":55,"column":8},"end":{"line":60,"column":9}},"type":"if","locations":[{"start":{"line":55,"column":8},"end":{"line":60,"column":9}},{"start":{"line":55,"column":8},"end":{"line":60,"column":9}}],"line":55},"4":{"loc":{"start":{"line":56,"column":12},"end":{"line":57,"column":61}},"type":"binary-expr","locations":[{"start":{"line":56,"column":12},"end":{"line":56,"column":44}},{"start":{"line":57,"column":12},"end":{"line":57,"column":61}}],"line":56},"5":{"loc":{"start":{"line":66,"column":8},"end":{"line":76,"column":9}},"type":"switch","locations":[{"start":{"line":67,"column":12},"end":{"line":67,"column":20}},{"start":{"line":68,"column":12},"end":{"line":70,"column":22}},{"start":{"line":71,"column":12},"end":{"line":71,"column":20}},{"start":{"line":72,"column":12},"end":{"line":72,"column":20}},{"start":{"line":73,"column":12},"end":{"line":75,"column":22}}],"line":66}},"s":{"0":0,"1":0,"2":0,"3":0,"4":0,"5":0,"6":0,"7":0,"8":0,"9":0,"10":0,"11":0,"12":0,"13":0,"14":0,"15":0,"16":0,"17":0,"18":0,"19":0,"20":0,"21":0,"22":0,"23":0,"24":0,"25":0,"26":0,"27":0},"f":{"0":0,"1":0,"2":0,"3":0,"4":0,"5":0},"b":{"0":[0,0],"1":[0,0],"2":[0,0],"3":[0,0],"4":[0,0],"5":[0,0,0,0,0]},"hash":"f189451e8bbbd11d563f0ffb26e829978aacdc10"}
,"/Users/macbook_pro_i7_512gb/Desktop/Coding/Visma-pra/vite-vue2-starter/coverage/lcov-report/prettify.js": {"path":"/Users/macbook_pro_i7_512gb/Desktop/Coding/Visma-pra/vite-vue2-starter/coverage/lcov-report/prettify.js","statementMap":{"0":{"start":{"line":2,"column":0},"end":{"line":2,"column":39}},"1":{"start":{"line":2,"column":39},"end":{"line":2,"column":15785}},"2":{"start":{"line":2,"column":57},"end":{"line":2,"column":103}},"3":{"start":{"line":2,"column":110},"end":{"line":2,"column":270}},"4":{"start":{"line":2,"column":277},"end":{"line":2,"column":379}},"5":{"start":{"line":2,"column":386},"end":{"line":2,"column":644}},"6":{"start":{"line":2,"column":651},"end":{"line":2,"column":794}},"7":{"start":{"line":2,"column":801},"end":{"line":2,"column":1069}},"8":{"start":{"line":2,"column":1076},"end":{"line":2,"column":1234}},"9":{"start":{"line":2,"column":1241},"end":{"line":2,"column":1321}},"10":{"start":{"line":2,"column":1328},"end":{"line":2,"column":1504}},"11":{"start":{"line":2,"column":1511},"end":{"line":2,"column":1665}},"12":{"start":{"line":2,"column":1672},"end":{"line":2,"column":1844}},"13":{"start":{"line":2,"column":1851},"end":{"line":2,"column":1917}},"14":{"start":{"line":2,"column":1924},"end":{"line":2,"column":1939}},"15":{"start":{"line":2,"column":1946},"end":{"line":2,"column":2058}},"16":{"start":{"line":2,"column":2065},"end":{"line":2,"column":2070}},"17":{"start":{"line":2,"column":2077},"end":{"line":2,"column":2082}},"18":{"start":{"line":2,"column":2089},"end":{"line":2,"column":2094}},"19":{"start":{"line":2,"column":2101},"end":{"line":2,"column":2106}},"20":{"start":{"line":2,"column":2113},"end":{"line":2,"column":2118}},"21":{"start":{"line":2,"column":2125},"end":{"line":2,"column":2130}},"22":{"start":{"line":2,"column":2137},"end":{"line":2,"column":2142}},"23":{"start":{"line":2,"column":2149},"end":{"line":2,"column":2154}},"24":{"start":{"line":2,"column":2161},"end":{"line":2,"column":2166}},"25":{"start":{"line":2,"column":2173},"end":{"line":2,"column":2178}},"26":{"start":{"line":2,"column":2185},"end":{"line":2,"column":2190}},"27":{"start":{"line":2,"column":2197},"end":{"line":2,"column":2202}},"28":{"start":{"line":2,"column":2209},"end":{"line":2,"column":2217}},"29":{"start":{"line":2,"column":2224},"end":{"line":2,"column":2523}},"30":{"start":{"line":2,"column":2545},"end":{"line":2,"column":2546}},"31":{"start":{"line":2,"column":2553},"end":{"line":2,"column":2558}},"32":{"start":{"line":2,"column":2566},"end":{"line":2,"column":2571}},"33":{"start":{"line":2,"column":2572},"end":{"line":2,"column":2754}},"34":{"start":{"line":2,"column":2582},"end":{"line":2,"column":2583}},"35":{"start":{"line":2,"column":2586},"end":{"line":2,"column":2594}},"36":{"start":{"line":2,"column":2611},"end":{"line":2,"column":2615}},"37":{"start":{"line":2,"column":2616},"end":{"line":2,"column":2753}},"38":{"start":{"line":2,"column":2634},"end":{"line":2,"column":2641}},"39":{"start":{"line":2,"column":2647},"end":{"line":2,"column":2752}},"40":{"start":{"line":2,"column":2730},"end":{"line":2,"column":2737}},"41":{"start":{"line":2,"column":2737},"end":{"line":2,"column":2746}},"42":{"start":{"line":2,"column":2746},"end":{"line":2,"column":2751}},"43":{"start":{"line":2,"column":2760},"end":{"line":2,"column":2789}},"44":{"start":{"line":2,"column":2813},"end":{"line":2,"column":2829}},"45":{"start":{"line":2,"column":2830},"end":{"line":2,"column":2852}},"46":{"start":{"line":2,"column":2842},"end":{"line":2,"column":2851}},"47":{"start":{"line":2,"column":2859},"end":{"line":2,"column":2871}},"48":{"start":{"line":2,"column":2872},"end":{"line":2,"column":2881}},"49":{"start":{"line":2,"column":2881},"end":{"line":2,"column":3054}},"50":{"start":{"line":2,"column":2888},"end":{"line":2,"column":2897}},"51":{"start":{"line":2,"column":2903},"end":{"line":2,"column":3053}},"52":{"start":{"line":2,"column":2924},"end":{"line":2,"column":2958}},"53":{"start":{"line":2,"column":2964},"end":{"line":2,"column":3052}},"54":{"start":{"line":2,"column":2987},"end":{"line":2,"column":3022}},"55":{"start":{"line":2,"column":3028},"end":{"line":2,"column":3051}},"56":{"start":{"line":2,"column":3070},"end":{"line":2,"column":3123}},"57":{"start":{"line":2,"column":3080},"end":{"line":2,"column":3122}},"58":{"start":{"line":2,"column":3130},"end":{"line":2,"column":3153}},"59":{"start":{"line":2,"column":3154},"end":{"line":2,"column":3209}},"60":{"start":{"line":2,"column":3198},"end":{"line":2,"column":3208}},"61":{"start":{"line":2,"column":3209},"end":{"line":2,"column":3218}},"62":{"start":{"line":2,"column":3241},"end":{"line":2,"column":3392}},"63":{"start":{"line":2,"column":3400},"end":{"line":2,"column":3402}},"64":{"start":{"line":2,"column":3410},"end":{"line":2,"column":3412}},"65":{"start":{"line":2,"column":3420},"end":{"line":2,"column":3431}},"66":{"start":{"line":2,"column":3432},"end":{"line":2,"column":3796}},"67":{"start":{"line":2,"column":3443},"end":{"line":2,"column":3449}},"68":{"start":{"line":2,"column":3453},"end":{"line":2,"column":3462}},"69":{"start":{"line":2,"column":3482},"end":{"line":2,"column":3488}},"70":{"start":{"line":2,"column":3489},"end":{"line":2,"column":3795}},"71":{"start":{"line":2,"column":3514},"end":{"line":2,"column":3525}},"72":{"start":{"line":2,"column":3538},"end":{"line":2,"column":3544}},"73":{"start":{"line":2,"column":3552},"end":{"line":2,"column":3613}},"74":{"start":{"line":2,"column":3580},"end":{"line":2,"column":3596}},"75":{"start":{"line":2,"column":3596},"end":{"line":2,"column":3601}},"76":{"start":{"line":2,"column":3607},"end":{"line":2,"column":3612}},"77":{"start":{"line":2,"column":3613},"end":{"line":2,"column":3630}},"78":{"start":{"line":2,"column":3630},"end":{"line":2,"column":3794}},"79":{"start":{"line":2,"column":3651},"end":{"line":2,"column":3720}},"80":{"start":{"line":2,"column":3671},"end":{"line":2,"column":3719}},"81":{"start":{"line":2,"column":3720},"end":{"line":2,"column":3793}},"82":{"start":{"line":2,"column":3741},"end":{"line":2,"column":3792}},"83":{"start":{"line":2,"column":3796},"end":{"line":2,"column":3857}},"84":{"start":{"line":2,"column":3820},"end":{"line":2,"column":3854}},"85":{"start":{"line":2,"column":3864},"end":{"line":2,"column":3866}},"86":{"start":{"line":2,"column":3874},"end":{"line":2,"column":3883}},"87":{"start":{"line":2,"column":3884},"end":{"line":2,"column":3998}},"88":{"start":{"line":2,"column":3895},"end":{"line":2,"column":3896}},"89":{"start":{"line":2,"column":3923},"end":{"line":2,"column":3929}},"90":{"start":{"line":2,"column":3930},"end":{"line":2,"column":3997}},"91":{"start":{"line":2,"column":3949},"end":{"line":2,"column":3976}},"92":{"start":{"line":2,"column":3982},"end":{"line":2,"column":3996}},"93":{"start":{"line":2,"column":4005},"end":{"line":2,"column":4010}},"94":{"start":{"line":2,"column":4011},"end":{"line":2,"column":4031}},"95":{"start":{"line":2,"column":4018},"end":{"line":2,"column":4030}},"96":{"start":{"line":2,"column":4031},"end":{"line":2,"column":4052}},"97":{"start":{"line":2,"column":4052},"end":{"line":2,"column":4182}},"98":{"start":{"line":2,"column":4063},"end":{"line":2,"column":4064}},"99":{"start":{"line":2,"column":4091},"end":{"line":2,"column":4097}},"100":{"start":{"line":2,"column":4098},"end":{"line":2,"column":4116}},"101":{"start":{"line":2,"column":4116},"end":{"line":2,"column":4181}},"102":{"start":{"line":2,"column":4132},"end":{"line":2,"column":4163}},"103":{"start":{"line":2,"column":4150},"end":{"line":2,"column":4162}},"104":{"start":{"line":2,"column":4163},"end":{"line":2,"column":4180}},"105":{"start":{"line":2,"column":4182},"end":{"line":2,"column":4195}},"106":{"start":{"line":2,"column":4195},"end":{"line":2,"column":4213}},"107":{"start":{"line":2,"column":4236},"end":{"line":2,"column":4424}},"108":{"start":{"line":2,"column":4432},"end":{"line":2,"column":4441}},"109":{"start":{"line":2,"column":4449},"end":{"line":2,"column":4451}},"110":{"start":{"line":2,"column":4452},"end":{"line":2,"column":4595}},"111":{"start":{"line":2,"column":4463},"end":{"line":2,"column":4464}},"112":{"start":{"line":2,"column":4468},"end":{"line":2,"column":4469}},"113":{"start":{"line":2,"column":4489},"end":{"line":2,"column":4495}},"114":{"start":{"line":2,"column":4496},"end":{"line":2,"column":4594}},"115":{"start":{"line":2,"column":4509},"end":{"line":2,"column":4513}},"116":{"start":{"line":2,"column":4519},"end":{"line":2,"column":4593}},"117":{"start":{"line":2,"column":4550},"end":{"line":2,"column":4566}},"118":{"start":{"line":2,"column":4567},"end":{"line":2,"column":4592}},"119":{"start":{"line":2,"column":4582},"end":{"line":2,"column":4591}},"120":{"start":{"line":2,"column":4595},"end":{"line":2,"column":4656}},"121":{"start":{"line":2,"column":4606},"end":{"line":2,"column":4607}},"122":{"start":{"line":2,"column":4627},"end":{"line":2,"column":4655}},"123":{"start":{"line":2,"column":4643},"end":{"line":2,"column":4654}},"124":{"start":{"line":2,"column":4656},"end":{"line":2,"column":4845}},"125":{"start":{"line":2,"column":4667},"end":{"line":2,"column":4668}},"126":{"start":{"line":2,"column":4672},"end":{"line":2,"column":4673}},"127":{"start":{"line":2,"column":4693},"end":{"line":2,"column":4699}},"128":{"start":{"line":2,"column":4700},"end":{"line":2,"column":4844}},"129":{"start":{"line":2,"column":4713},"end":{"line":2,"column":4718}},"130":{"start":{"line":2,"column":4718},"end":{"line":2,"column":4754}},"131":{"start":{"line":2,"column":4741},"end":{"line":2,"column":4753}},"132":{"start":{"line":2,"column":4760},"end":{"line":2,"column":4843}},"133":{"start":{"line":2,"column":4791},"end":{"line":2,"column":4807}},"134":{"start":{"line":2,"column":4808},"end":{"line":2,"column":4842}},"135":{"start":{"line":2,"column":4823},"end":{"line":2,"column":4841}},"136":{"start":{"line":2,"column":4845},"end":{"line":2,"column":4919}},"137":{"start":{"line":2,"column":4856},"end":{"line":2,"column":4857}},"138":{"start":{"line":2,"column":4861},"end":{"line":2,"column":4862}},"139":{"start":{"line":2,"column":4875},"end":{"line":2,"column":4918}},"140":{"start":{"line":2,"column":4908},"end":{"line":2,"column":4917}},"141":{"start":{"line":2,"column":4919},"end":{"line":2,"column":5178}},"142":{"start":{"line":2,"column":4940},"end":{"line":2,"column":5177}},"143":{"start":{"line":2,"column":4951},"end":{"line":2,"column":4952}},"144":{"start":{"line":2,"column":4972},"end":{"line":2,"column":4978}},"145":{"start":{"line":2,"column":4986},"end":{"line":2,"column":4998}},"146":{"start":{"line":2,"column":4999},"end":{"line":2,"column":5176}},"147":{"start":{"line":2,"column":5026},"end":{"line":2,"column":5038}},"148":{"start":{"line":2,"column":5044},"end":{"line":2,"column":5175}},"149":{"start":{"line":2,"column":5058},"end":{"line":2,"column":5174}},"150":{"start":{"line":2,"column":5108},"end":{"line":2,"column":5124}},"151":{"start":{"line":2,"column":5125},"end":{"line":2,"column":5172}},"152":{"start":{"line":2,"column":5178},"end":{"line":2,"column":5196}},"153":{"start":{"line":2,"column":5204},"end":{"line":2,"column":5206}},"154":{"start":{"line":2,"column":5207},"end":{"line":2,"column":5327}},"155":{"start":{"line":2,"column":5217},"end":{"line":2,"column":5218}},"156":{"start":{"line":2,"column":5221},"end":{"line":2,"column":5229}},"157":{"start":{"line":2,"column":5246},"end":{"line":2,"column":5250}},"158":{"start":{"line":2,"column":5251},"end":{"line":2,"column":5302}},"159":{"start":{"line":2,"column":5279},"end":{"line":2,"column":5301}},"160":{"start":{"line":2,"column":5302},"end":{"line":2,"column":5326}},"161":{"start":{"line":2,"column":5327},"end":{"line":2,"column":5370}},"162":{"start":{"line":2,"column":5391},"end":{"line":2,"column":5415}},"163":{"start":{"line":2,"column":5422},"end":{"line":2,"column":5424}},"164":{"start":{"line":2,"column":5431},"end":{"line":2,"column":5432}},"165":{"start":{"line":2,"column":5439},"end":{"line":2,"column":5441}},"166":{"start":{"line":2,"column":5448},"end":{"line":2,"column":5449}},"167":{"start":{"line":2,"column":5456},"end":{"line":2,"column":5617}},"168":{"start":{"line":2,"column":5475},"end":{"line":2,"column":5502}},"169":{"start":{"line":2,"column":5508},"end":{"line":2,"column":5616}},"170":{"start":{"line":2,"column":5536},"end":{"line":2,"column":5615}},"171":{"start":{"line":2,"column":5623},"end":{"line":2,"column":5650}},"172":{"start":{"line":2,"column":5667},"end":{"line":2,"column":6045}},"173":{"start":{"line":2,"column":5694},"end":{"line":2,"column":5726}},"174":{"start":{"line":2,"column":5719},"end":{"line":2,"column":5725}},"175":{"start":{"line":2,"column":5726},"end":{"line":2,"column":5780}},"176":{"start":{"line":2,"column":5737},"end":{"line":2,"column":5750}},"177":{"start":{"line":2,"column":5773},"end":{"line":2,"column":5779}},"178":{"start":{"line":2,"column":5787},"end":{"line":2,"column":5798}},"179":{"start":{"line":2,"column":5799},"end":{"line":2,"column":5863}},"180":{"start":{"line":2,"column":5824},"end":{"line":2,"column":5834}},"181":{"start":{"line":2,"column":5834},"end":{"line":2,"column":5846}},"182":{"start":{"line":2,"column":5846},"end":{"line":2,"column":5862}},"183":{"start":{"line":2,"column":5863},"end":{"line":2,"column":5869}},"184":{"start":{"line":2,"column":5890},"end":{"line":2,"column":5902}},"185":{"start":{"line":2,"column":5903},"end":{"line":2,"column":6039}},"186":{"start":{"line":2,"column":5917},"end":{"line":2,"column":5991}},"187":{"start":{"line":2,"column":5924},"end":{"line":2,"column":5956}},"188":{"start":{"line":2,"column":5962},"end":{"line":2,"column":5990}},"189":{"start":{"line":2,"column":5991},"end":{"line":2,"column":5999}},"190":{"start":{"line":2,"column":5999},"end":{"line":2,"column":6009}},"191":{"start":{"line":2,"column":6009},"end":{"line":2,"column":6022}},"192":{"start":{"line":2,"column":6022},"end":{"line":2,"column":6038}},"193":{"start":{"line":2,"column":6039},"end":{"line":2,"column":6044}},"194":{"start":{"line":2,"column":6046},"end":{"line":2,"column":6052}},"195":{"start":{"line":2,"column":6052},"end":{"line":2,"column":6107}},"196":{"start":{"line":2,"column":6128},"end":{"line":2,"column":6142}},"197":{"start":{"line":2,"column":6135},"end":{"line":2,"column":6141}},"198":{"start":{"line":2,"column":6148},"end":{"line":2,"column":6172}},"199":{"start":{"line":2,"column":6173},"end":{"line":2,"column":6178}},"200":{"start":{"line":2,"column":6178},"end":{"line":2,"column":6207}},"201":{"start":{"line":2,"column":6214},"end":{"line":2,"column":6218}},"202":{"start":{"line":2,"column":6239},"end":{"line":2,"column":6248}},"203":{"start":{"line":2,"column":6249},"end":{"line":2,"column":6362}},"204":{"start":{"line":2,"column":6259},"end":{"line":2,"column":6271}},"205":{"start":{"line":2,"column":6297},"end":{"line":2,"column":6307}},"206":{"start":{"line":2,"column":6308},"end":{"line":2,"column":6361}},"207":{"start":{"line":2,"column":6362},"end":{"line":2,"column":6386}},"208":{"start":{"line":2,"column":6409},"end":{"line":2,"column":6411}},"209":{"start":{"line":2,"column":6418},"end":{"line":2,"column":6700}},"210":{"start":{"line":2,"column":6437},"end":{"line":2,"column":6448}},"211":{"start":{"line":2,"column":6456},"end":{"line":2,"column":6458}},"212":{"start":{"line":2,"column":6466},"end":{"line":2,"column":6468}},"213":{"start":{"line":2,"column":6469},"end":{"line":2,"column":6665}},"214":{"start":{"line":2,"column":6480},"end":{"line":2,"column":6481}},"215":{"start":{"line":2,"column":6484},"end":{"line":2,"column":6493}},"216":{"start":{"line":2,"column":6511},"end":{"line":2,"column":6517}},"217":{"start":{"line":2,"column":6525},"end":{"line":2,"column":6529}},"218":{"start":{"line":2,"column":6530},"end":{"line":2,"column":6588}},"219":{"start":{"line":2,"column":6537},"end":{"line":2,"column":6587}},"220":{"start":{"line":2,"column":6548},"end":{"line":2,"column":6557}},"221":{"start":{"line":2,"column":6568},"end":{"line":2,"column":6586}},"222":{"start":{"line":2,"column":6595},"end":{"line":2,"column":6599}},"223":{"start":{"line":2,"column":6607},"end":{"line":2,"column":6612}},"224":{"start":{"line":2,"column":6613},"end":{"line":2,"column":6664}},"225":{"start":{"line":2,"column":6640},"end":{"line":2,"column":6652}},"226":{"start":{"line":2,"column":6652},"end":{"line":2,"column":6663}},"227":{"start":{"line":2,"column":6665},"end":{"line":2,"column":6688}},"228":{"start":{"line":2,"column":6688},"end":{"line":2,"column":6695}},"229":{"start":{"line":2,"column":6706},"end":{"line":2,"column":6714}},"230":{"start":{"line":2,"column":6721},"end":{"line":2,"column":7510}},"231":{"start":{"line":2,"column":6740},"end":{"line":2,"column":6753}},"232":{"start":{"line":2,"column":6756},"end":{"line":2,"column":6766}},"233":{"start":{"line":2,"column":6774},"end":{"line":2,"column":6779}},"234":{"start":{"line":2,"column":6787},"end":{"line":2,"column":6788}},"235":{"start":{"line":2,"column":6796},"end":{"line":2,"column":6810}},"236":{"start":{"line":2,"column":6818},"end":{"line":2,"column":6820}},"237":{"start":{"line":2,"column":6821},"end":{"line":2,"column":7492}},"238":{"start":{"line":2,"column":6832},"end":{"line":2,"column":6833}},"239":{"start":{"line":2,"column":6837},"end":{"line":2,"column":6846}},"240":{"start":{"line":2,"column":6866},"end":{"line":2,"column":6872}},"241":{"start":{"line":2,"column":6880},"end":{"line":2,"column":6886}},"242":{"start":{"line":2,"column":6894},"end":{"line":2,"column":6900}},"243":{"start":{"line":2,"column":6908},"end":{"line":2,"column":7216}},"244":{"start":{"line":2,"column":6933},"end":{"line":2,"column":6941}},"245":{"start":{"line":2,"column":6954},"end":{"line":2,"column":6969}},"246":{"start":{"line":2,"column":6970},"end":{"line":2,"column":7099}},"247":{"start":{"line":2,"column":6977},"end":{"line":2,"column":6996}},"248":{"start":{"line":2,"column":6996},"end":{"line":2,"column":7004}},"249":{"start":{"line":2,"column":7010},"end":{"line":2,"column":7085}},"250":{"start":{"line":2,"column":7021},"end":{"line":2,"column":7022}},"251":{"start":{"line":2,"column":7034},"end":{"line":2,"column":7043}},"252":{"start":{"line":2,"column":7043},"end":{"line":2,"column":7062}},"253":{"start":{"line":2,"column":7062},"end":{"line":2,"column":7084}},"254":{"start":{"line":2,"column":7069},"end":{"line":2,"column":7078}},"255":{"start":{"line":2,"column":7078},"end":{"line":2,"column":7083}},"256":{"start":{"line":2,"column":7085},"end":{"line":2,"column":7098}},"257":{"start":{"line":2,"column":7093},"end":{"line":2,"column":7097}},"258":{"start":{"line":2,"column":7099},"end":{"line":2,"column":7144}},"259":{"start":{"line":2,"column":7144},"end":{"line":2,"column":7197}},"260":{"start":{"line":2,"column":7183},"end":{"line":2,"column":7192}},"261":{"start":{"line":2,"column":7192},"end":{"line":2,"column":7196}},"262":{"start":{"line":2,"column":7197},"end":{"line":2,"column":7215}},"263":{"start":{"line":2,"column":7205},"end":{"line":2,"column":7214}},"264":{"start":{"line":2,"column":7223},"end":{"line":2,"column":7225}},"265":{"start":{"line":2,"column":7226},"end":{"line":2,"column":7240}},"266":{"start":{"line":2,"column":7240},"end":{"line":2,"column":7491}},"267":{"start":{"line":2,"column":7248},"end":{"line":2,"column":7264}},"268":{"start":{"line":2,"column":7277},"end":{"line":2,"column":7282}},"269":{"start":{"line":2,"column":7290},"end":{"line":2,"column":7304}},"270":{"start":{"line":2,"column":7312},"end":{"line":2,"column":7324}},"271":{"start":{"line":2,"column":7325},"end":{"line":2,"column":7377}},"272":{"start":{"line":2,"column":7335},"end":{"line":2,"column":7361}},"273":{"start":{"line":2,"column":7361},"end":{"line":2,"column":7376}},"274":{"start":{"line":2,"column":7384},"end":{"line":2,"column":7399}},"275":{"start":{"line":2,"column":7400},"end":{"line":2,"column":7432}},"276":{"start":{"line":2,"column":7432},"end":{"line":2,"column":7458}},"277":{"start":{"line":2,"column":7458},"end":{"line":2,"column":7490}},"278":{"start":{"line":2,"column":7492},"end":{"line":2,"column":7509}},"279":{"start":{"line":2,"column":7511},"end":{"line":2,"column":7519}},"280":{"start":{"line":2,"column":7540},"end":{"line":2,"column":7542}},"281":{"start":{"line":2,"column":7545},"end":{"line":2,"column":7547}},"282":{"start":{"line":2,"column":7548},"end":{"line":2,"column":8035}},"283":{"start":{"line":2,"column":7574},"end":{"line":2,"column":7781}},"284":{"start":{"line":2,"column":7787},"end":{"line":2,"column":8034}},"285":{"start":{"line":2,"column":7810},"end":{"line":2,"column":7936}},"286":{"start":{"line":2,"column":7942},"end":{"line":2,"column":8033}},"287":{"start":{"line":2,"column":8035},"end":{"line":2,"column":8104}},"288":{"start":{"line":2,"column":8057},"end":{"line":2,"column":8103}},"289":{"start":{"line":2,"column":8110},"end":{"line":2,"column":8124}},"290":{"start":{"line":2,"column":8125},"end":{"line":2,"column":8474}},"291":{"start":{"line":2,"column":8131},"end":{"line":2,"column":8473}},"292":{"start":{"line":2,"column":8152},"end":{"line":2,"column":8346}},"293":{"start":{"line":2,"column":8160},"end":{"line":2,"column":8220}},"294":{"start":{"line":2,"column":8226},"end":{"line":2,"column":8345}},"295":{"start":{"line":2,"column":8346},"end":{"line":2,"column":8433}},"296":{"start":{"line":2,"column":8439},"end":{"line":2,"column":8472}},"297":{"start":{"line":2,"column":8474},"end":{"line":2,"column":8571}},"298":{"start":{"line":2,"column":8495},"end":{"line":2,"column":8528}},"299":{"start":{"line":2,"column":8528},"end":{"line":2,"column":8570}},"300":{"start":{"line":2,"column":8571},"end":{"line":2,"column":8746}},"301":{"start":{"line":2,"column":8598},"end":{"line":2,"column":8693}},"302":{"start":{"line":2,"column":8695},"end":{"line":2,"column":8745}},"303":{"start":{"line":2,"column":8752},"end":{"line":2,"column":8759}},"304":{"start":{"line":2,"column":8760},"end":{"line":2,"column":8780}},"305":{"start":{"line":2,"column":8766},"end":{"line":2,"column":8779}},"306":{"start":{"line":2,"column":8786},"end":{"line":2,"column":8822}},"307":{"start":{"line":2,"column":8823},"end":{"line":2,"column":8904}},"308":{"start":{"line":2,"column":8836},"end":{"line":2,"column":8903}},"309":{"start":{"line":2,"column":8904},"end":{"line":2,"column":8942}},"310":{"start":{"line":2,"column":8942},"end":{"line":2,"column":9257}},"311":{"start":{"line":2,"column":9257},"end":{"line":2,"column":9270}},"312":{"start":{"line":2,"column":9277},"end":{"line":2,"column":9371}},"313":{"start":{"line":2,"column":9395},"end":{"line":2,"column":9419}},"314":{"start":{"line":2,"column":9427},"end":{"line":2,"column":9437}},"315":{"start":{"line":2,"column":9445},"end":{"line":2,"column":9460}},"316":{"start":{"line":2,"column":9467},"end":{"line":2,"column":9622}},"317":{"start":{"line":2,"column":9486},"end":{"line":2,"column":9513}},"318":{"start":{"line":2,"column":9519},"end":{"line":2,"column":9621}},"319":{"start":{"line":2,"column":9547},"end":{"line":2,"column":9620}},"320":{"start":{"line":2,"column":9628},"end":{"line":2,"column":9655}},"321":{"start":{"line":2,"column":9663},"end":{"line":2,"column":9685}},"322":{"start":{"line":2,"column":9686},"end":{"line":2,"column":9735}},"323":{"start":{"line":2,"column":9706},"end":{"line":2,"column":9734}},"324":{"start":{"line":2,"column":9741},"end":{"line":2,"column":9745}},"325":{"start":{"line":2,"column":9762},"end":{"line":2,"column":10258}},"326":{"start":{"line":2,"column":9789},"end":{"line":2,"column":9820}},"327":{"start":{"line":2,"column":9814},"end":{"line":2,"column":9819}},"328":{"start":{"line":2,"column":9820},"end":{"line":2,"column":9959}},"329":{"start":{"line":2,"column":9843},"end":{"line":2,"column":9850}},"330":{"start":{"line":2,"column":9850},"end":{"line":2,"column":9898}},"331":{"start":{"line":2,"column":9868},"end":{"line":2,"column":9897}},"332":{"start":{"line":2,"column":9904},"end":{"line":2,"column":9958}},"333":{"start":{"line":2,"column":9915},"end":{"line":2,"column":9928}},"334":{"start":{"line":2,"column":9951},"end":{"line":2,"column":9957}},"335":{"start":{"line":2,"column":9959},"end":{"line":2,"column":9965}},"336":{"start":{"line":2,"column":9979},"end":{"line":2,"column":10252}},"337":{"start":{"line":2,"column":9992},"end":{"line":2,"column":10004}},"338":{"start":{"line":2,"column":10012},"end":{"line":2,"column":10024}},"339":{"start":{"line":2,"column":10025},"end":{"line":2,"column":10251}},"340":{"start":{"line":2,"column":10039},"end":{"line":2,"column":10063}},"341":{"start":{"line":2,"column":10064},"end":{"line":2,"column":10080}},"342":{"start":{"line":2,"column":10087},"end":{"line":2,"column":10122}},"343":{"start":{"line":2,"column":10123},"end":{"line":2,"column":10205}},"344":{"start":{"line":2,"column":10137},"end":{"line":2,"column":10150}},"345":{"start":{"line":2,"column":10151},"end":{"line":2,"column":10204}},"346":{"start":{"line":2,"column":10205},"end":{"line":2,"column":10212}},"347":{"start":{"line":2,"column":10212},"end":{"line":2,"column":10250}},"348":{"start":{"line":2,"column":10220},"end":{"line":2,"column":10249}},"349":{"start":{"line":2,"column":10252},"end":{"line":2,"column":10257}},"350":{"start":{"line":2,"column":10275},"end":{"line":2,"column":10331}},"351":{"start":{"line":2,"column":10298},"end":{"line":2,"column":10315}},"352":{"start":{"line":2,"column":10315},"end":{"line":2,"column":10330}},"353":{"start":{"line":2,"column":10323},"end":{"line":2,"column":10329}},"354":{"start":{"line":2,"column":10357},"end":{"line":2,"column":10382}},"355":{"start":{"line":2,"column":10390},"end":{"line":2,"column":10403}},"356":{"start":{"line":2,"column":10404},"end":{"line":2,"column":10530}},"357":{"start":{"line":2,"column":10418},"end":{"line":2,"column":10426}},"358":{"start":{"line":2,"column":10434},"end":{"line":2,"column":10448}},"359":{"start":{"line":2,"column":10449},"end":{"line":2,"column":10468}},"360":{"start":{"line":2,"column":10468},"end":{"line":2,"column":10529}},"361":{"start":{"line":2,"column":10479},"end":{"line":2,"column":10481}},"362":{"start":{"line":2,"column":10492},"end":{"line":2,"column":10510}},"363":{"start":{"line":2,"column":10510},"end":{"line":2,"column":10528}},"364":{"start":{"line":2,"column":10530},"end":{"line":2,"column":10539}},"365":{"start":{"line":2,"column":10547},"end":{"line":2,"column":10567}},"366":{"start":{"line":2,"column":10568},"end":{"line":2,"column":10623}},"367":{"start":{"line":2,"column":10617},"end":{"line":2,"column":10622}},"368":{"start":{"line":2,"column":10623},"end":{"line":2,"column":10633}},"369":{"start":{"line":2,"column":10634},"end":{"line":2,"column":10671}},"370":{"start":{"line":2,"column":10644},"end":{"line":2,"column":10645}},"371":{"start":{"line":2,"column":10662},"end":{"line":2,"column":10670}},"372":{"start":{"line":2,"column":10671},"end":{"line":2,"column":10717}},"373":{"start":{"line":2,"column":10687},"end":{"line":2,"column":10716}},"374":{"start":{"line":2,"column":10724},"end":{"line":2,"column":10746}},"375":{"start":{"line":2,"column":10747},"end":{"line":2,"column":10771}},"376":{"start":{"line":2,"column":10777},"end":{"line":2,"column":10802}},"377":{"start":{"line":2,"column":10803},"end":{"line":2,"column":10951}},"378":{"start":{"line":2,"column":10813},"end":{"line":2,"column":10814}},"379":{"start":{"line":2,"column":10817},"end":{"line":2,"column":10825}},"380":{"start":{"line":2,"column":10835},"end":{"line":2,"column":10843}},"381":{"start":{"line":2,"column":10843},"end":{"line":2,"column":10871}},"382":{"start":{"line":2,"column":10871},"end":{"line":2,"column":10932}},"383":{"start":{"line":2,"column":10890},"end":{"line":2,"column":10931}},"384":{"start":{"line":2,"column":10932},"end":{"line":2,"column":10950}},"385":{"start":{"line":2,"column":10951},"end":{"line":2,"column":10968}},"386":{"start":{"line":2,"column":10991},"end":{"line":2,"column":11027}},"387":{"start":{"line":2,"column":11035},"end":{"line":2,"column":11040}},"388":{"start":{"line":2,"column":11048},"end":{"line":2,"column":11061}},"389":{"start":{"line":2,"column":11069},"end":{"line":2,"column":11078}},"390":{"start":{"line":2,"column":11085},"end":{"line":2,"column":11086}},"391":{"start":{"line":2,"column":11094},"end":{"line":2,"column":11102}},"392":{"start":{"line":2,"column":11109},"end":{"line":2,"column":11118}},"393":{"start":{"line":2,"column":11126},"end":{"line":2,"column":11127}},"394":{"start":{"line":2,"column":11134},"end":{"line":2,"column":11148}},"395":{"start":{"line":2,"column":11155},"end":{"line":2,"column":11163}},"396":{"start":{"line":2,"column":11170},"end":{"line":2,"column":11171}},"397":{"start":{"line":2,"column":11172},"end":{"line":2,"column":11180}},"398":{"start":{"line":2,"column":11190},"end":{"line":2,"column":11273}},"399":{"start":{"line":2,"column":11209},"end":{"line":2,"column":11272}},"400":{"start":{"line":2,"column":11229},"end":{"line":2,"column":11245}},"401":{"start":{"line":2,"column":11245},"end":{"line":2,"column":11260}},"402":{"start":{"line":2,"column":11266},"end":{"line":2,"column":11271}},"403":{"start":{"line":2,"column":11273},"end":{"line":2,"column":11278}},"404":{"start":{"line":2,"column":11278},"end":{"line":2,"column":11395}},"405":{"start":{"line":2,"column":11304},"end":{"line":2,"column":11309}},"406":{"start":{"line":2,"column":11317},"end":{"line":2,"column":11324}},"407":{"start":{"line":2,"column":11331},"end":{"line":2,"column":11335}},"408":{"start":{"line":2,"column":11336},"end":{"line":2,"column":11368}},"409":{"start":{"line":2,"column":11363},"end":{"line":2,"column":11367}},"410":{"start":{"line":2,"column":11368},"end":{"line":2,"column":11379}},"411":{"start":{"line":2,"column":11379},"end":{"line":2,"column":11390}},"412":{"start":{"line":2,"column":11390},"end":{"line":2,"column":11394}},"413":{"start":{"line":2,"column":11395},"end":{"line":2,"column":11409}},"414":{"start":{"line":2,"column":11416},"end":{"line":2,"column":11420}},"415":{"start":{"line":2,"column":11421},"end":{"line":2,"column":11892}},"416":{"start":{"line":2,"column":11440},"end":{"line":2,"column":11446}},"417":{"start":{"line":2,"column":11453},"end":{"line":2,"column":11465}},"418":{"start":{"line":2,"column":11473},"end":{"line":2,"column":11477}},"419":{"start":{"line":2,"column":11485},"end":{"line":2,"column":11495}},"420":{"start":{"line":2,"column":11502},"end":{"line":2,"column":11516}},"421":{"start":{"line":2,"column":11524},"end":{"line":2,"column":11532}},"422":{"start":{"line":2,"column":11539},"end":{"line":2,"column":11857}},"423":{"start":{"line":2,"column":11582},"end":{"line":2,"column":11610}},"424":{"start":{"line":2,"column":11589},"end":{"line":2,"column":11609}},"425":{"start":{"line":2,"column":11610},"end":{"line":2,"column":11625}},"426":{"start":{"line":2,"column":11632},"end":{"line":2,"column":11648}},"427":{"start":{"line":2,"column":11656},"end":{"line":2,"column":11680}},"428":{"start":{"line":2,"column":11681},"end":{"line":2,"column":11701}},"429":{"start":{"line":2,"column":11708},"end":{"line":2,"column":11721}},"430":{"start":{"line":2,"column":11722},"end":{"line":2,"column":11745}},"431":{"start":{"line":2,"column":11745},"end":{"line":2,"column":11764}},"432":{"start":{"line":2,"column":11764},"end":{"line":2,"column":11856}},"433":{"start":{"line":2,"column":11772},"end":{"line":2,"column":11821}},"434":{"start":{"line":2,"column":11821},"end":{"line":2,"column":11855}},"435":{"start":{"line":2,"column":11857},"end":{"line":2,"column":11861}},"436":{"start":{"line":2,"column":11861},"end":{"line":2,"column":11876}},"437":{"start":{"line":2,"column":11870},"end":{"line":2,"column":11875}},"438":{"start":{"line":2,"column":11876},"end":{"line":2,"column":11891}},"439":{"start":{"line":2,"column":11886},"end":{"line":2,"column":11890}},"440":{"start":{"line":2,"column":11899},"end":{"line":2,"column":11901}},"441":{"start":{"line":2,"column":11918},"end":{"line":2,"column":12069}},"442":{"start":{"line":2,"column":11928},"end":{"line":2,"column":11936}},"443":{"start":{"line":2,"column":11952},"end":{"line":2,"column":11956}},"444":{"start":{"line":2,"column":11957},"end":{"line":2,"column":12068}},"445":{"start":{"line":2,"column":11982},"end":{"line":2,"column":11988}},"446":{"start":{"line":2,"column":11994},"end":{"line":2,"column":12067}},"447":{"start":{"line":2,"column":12013},"end":{"line":2,"column":12066}},"448":{"start":{"line":2,"column":12086},"end":{"line":2,"column":12166}},"449":{"start":{"line":2,"column":12116},"end":{"line":2,"column":12165}},"450":{"start":{"line":2,"column":12166},"end":{"line":2,"column":12177}},"451":{"start":{"line":2,"column":12178},"end":{"line":2,"column":12200}},"452":{"start":{"line":2,"column":12200},"end":{"line":2,"column":12643}},"453":{"start":{"line":2,"column":12643},"end":{"line":2,"column":13152}},"454":{"start":{"line":2,"column":13152},"end":{"line":2,"column":13189}},"455":{"start":{"line":2,"column":13189},"end":{"line":2,"column":13287}},"456":{"start":{"line":2,"column":13287},"end":{"line":2,"column":13331}},"457":{"start":{"line":2,"column":13331},"end":{"line":2,"column":13424}},"458":{"start":{"line":2,"column":13424},"end":{"line":2,"column":13472}},"459":{"start":{"line":2,"column":13472},"end":{"line":2,"column":13550}},"460":{"start":{"line":2,"column":13550},"end":{"line":2,"column":13646}},"461":{"start":{"line":2,"column":13646},"end":{"line":2,"column":13743}},"462":{"start":{"line":2,"column":13743},"end":{"line":2,"column":13828}},"463":{"start":{"line":2,"column":13828},"end":{"line":2,"column":13893}},"464":{"start":{"line":2,"column":13893},"end":{"line":2,"column":14024}},"465":{"start":{"line":2,"column":14024},"end":{"line":2,"column":14060}},"466":{"start":{"line":2,"column":14080},"end":{"line":2,"column":14095}},"467":{"start":{"line":2,"column":14096},"end":{"line":2,"column":14267}},"468":{"start":{"line":2,"column":14106},"end":{"line":2,"column":14121}},"469":{"start":{"line":2,"column":14128},"end":{"line":2,"column":14140}},"470":{"start":{"line":2,"column":14141},"end":{"line":2,"column":14156}},"471":{"start":{"line":2,"column":14156},"end":{"line":2,"column":14172}},"472":{"start":{"line":2,"column":14172},"end":{"line":2,"column":14184}},"473":{"start":{"line":2,"column":14184},"end":{"line":2,"column":14194}},"474":{"start":{"line":2,"column":14194},"end":{"line":2,"column":14198}},"475":{"start":{"line":2,"column":14208},"end":{"line":2,"column":14266}},"476":{"start":{"line":2,"column":14232},"end":{"line":2,"column":14265}},"477":{"start":{"line":2,"column":14292},"end":{"line":2,"column":14321}},"478":{"start":{"line":2,"column":14322},"end":{"line":2,"column":14336}},"479":{"start":{"line":2,"column":14336},"end":{"line":2,"column":14349}},"480":{"start":{"line":2,"column":14342},"end":{"line":2,"column":14348}},"481":{"start":{"line":2,"column":14355},"end":{"line":2,"column":14399}},"482":{"start":{"line":2,"column":14400},"end":{"line":2,"column":14405}},"483":{"start":{"line":2,"column":14405},"end":{"line":2,"column":14423}},"484":{"start":{"line":2,"column":14454},"end":{"line":2,"column":14494}},"485":{"start":{"line":2,"column":14502},"end":{"line":2,"column":14531}},"486":{"start":{"line":2,"column":14538},"end":{"line":2,"column":14540}},"487":{"start":{"line":2,"column":14541},"end":{"line":2,"column":14629}},"488":{"start":{"line":2,"column":14552},"end":{"line":2,"column":14553}},"489":{"start":{"line":2,"column":14573},"end":{"line":2,"column":14628}},"490":{"start":{"line":2,"column":14583},"end":{"line":2,"column":14584}},"491":{"start":{"line":2,"column":14587},"end":{"line":2,"column":14600}},"492":{"start":{"line":2,"column":14610},"end":{"line":2,"column":14627}},"493":{"start":{"line":2,"column":14629},"end":{"line":2,"column":14637}},"494":{"start":{"line":2,"column":14643},"end":{"line":2,"column":14647}},"495":{"start":{"line":2,"column":14648},"end":{"line":2,"column":14698}},"496":{"start":{"line":2,"column":14659},"end":{"line":2,"column":14697}},"497":{"start":{"line":2,"column":14677},"end":{"line":2,"column":14695}},"498":{"start":{"line":2,"column":14704},"end":{"line":2,"column":14705}},"499":{"start":{"line":2,"column":14719},"end":{"line":2,"column":14751}},"500":{"start":{"line":2,"column":14759},"end":{"line":2,"column":14776}},"501":{"start":{"line":2,"column":14798},"end":{"line":2,"column":14852}},"502":{"start":{"line":2,"column":14854},"end":{"line":2,"column":15434}},"503":{"start":{"line":2,"column":14894},"end":{"line":2,"column":14898}},"504":{"start":{"line":2,"column":14906},"end":{"line":2,"column":14918}},"505":{"start":{"line":2,"column":14919},"end":{"line":2,"column":15433}},"506":{"start":{"line":2,"column":14959},"end":{"line":2,"column":14971}},"507":{"start":{"line":2,"column":14979},"end":{"line":2,"column":15046}},"508":{"start":{"line":2,"column":15020},"end":{"line":2,"column":15045}},"509":{"start":{"line":2,"column":15046},"end":{"line":2,"column":15062}},"510":{"start":{"line":2,"column":15053},"end":{"line":2,"column":15061}},"511":{"start":{"line":2,"column":15069},"end":{"line":2,"column":15074}},"512":{"start":{"line":2,"column":15075},"end":{"line":2,"column":15256}},"513":{"start":{"line":2,"column":15086},"end":{"line":2,"column":15099}},"514":{"start":{"line":2,"column":15121},"end":{"line":2,"column":15255}},"515":{"start":{"line":2,"column":15241},"end":{"line":2,"column":15249}},"516":{"start":{"line":2,"column":15249},"end":{"line":2,"column":15254}},"517":{"start":{"line":2,"column":15256},"end":{"line":2,"column":15432}},"518":{"start":{"line":2,"column":15271},"end":{"line":2,"column":15316}},"519":{"start":{"line":2,"column":15317},"end":{"line":2,"column":15361}},"520":{"start":{"line":2,"column":15361},"end":{"line":2,"column":15377}},"521":{"start":{"line":2,"column":15368},"end":{"line":2,"column":15376}},"522":{"start":{"line":2,"column":15377},"end":{"line":2,"column":15427}},"523":{"start":{"line":2,"column":15427},"end":{"line":2,"column":15431}},"524":{"start":{"line":2,"column":15434},"end":{"line":2,"column":15485}},"525":{"start":{"line":2,"column":15449},"end":{"line":2,"column":15466}},"526":{"start":{"line":2,"column":15472},"end":{"line":2,"column":15484}},"527":{"start":{"line":2,"column":15479},"end":{"line":2,"column":15483}},"528":{"start":{"line":2,"column":15486},"end":{"line":2,"column":15489}},"529":{"start":{"line":2,"column":15490},"end":{"line":2,"column":15514}},"530":{"start":{"line":2,"column":15514},"end":{"line":2,"column":15535}},"531":{"start":{"line":2,"column":15535},"end":{"line":2,"column":15780}},"532":{"start":{"line":2,"column":15785},"end":{"line":2,"column":16550}},"533":{"start":{"line":2,"column":16550},"end":{"line":2,"column":17330}},"534":{"start":{"line":2,"column":17330},"end":{"line":2,"column":17476}},"535":{"start":{"line":2,"column":17476},"end":{"line":2,"column":17568}}},"fnMap":{"0":{"name":"(anonymous_0)","decl":{"start":{"line":2,"column":40},"end":{"line":2,"column":41}},"loc":{"start":{"line":2,"column":50},"end":{"line":2,"column":15781}},"line":2},"1":{"name":"k","decl":{"start":{"line":2,"column":2533},"end":{"line":2,"column":2534}},"loc":{"start":{"line":2,"column":2537},"end":{"line":2,"column":5371}},"line":2},"2":{"name":"ab","decl":{"start":{"line":2,"column":2799},"end":{"line":2,"column":2801}},"loc":{"start":{"line":2,"column":2805},"end":{"line":2,"column":3055}},"line":2},"3":{"name":"T","decl":{"start":{"line":2,"column":3064},"end":{"line":2,"column":3065}},"loc":{"start":{"line":2,"column":3069},"end":{"line":2,"column":3219}},"line":2},"4":{"name":"X","decl":{"start":{"line":2,"column":3228},"end":{"line":2,"column":3229}},"loc":{"start":{"line":2,"column":3233},"end":{"line":2,"column":4214}},"line":2},"5":{"name":"(anonymous_5)","decl":{"start":{"line":2,"column":3804},"end":{"line":2,"column":3805}},"loc":{"start":{"line":2,"column":3819},"end":{"line":2,"column":3855}},"line":2},"6":{"name":"W","decl":{"start":{"line":2,"column":4223},"end":{"line":2,"column":4224}},"loc":{"start":{"line":2,"column":4228},"end":{"line":2,"column":5197}},"line":2},"7":{"name":"(anonymous_7)","decl":{"start":{"line":2,"column":5088},"end":{"line":2,"column":5089}},"loc":{"start":{"line":2,"column":5100},"end":{"line":2,"column":5173}},"line":2},"8":{"name":"a","decl":{"start":{"line":2,"column":5380},"end":{"line":2,"column":5381}},"loc":{"start":{"line":2,"column":5384},"end":{"line":2,"column":6108}},"line":2},"9":{"name":"aa","decl":{"start":{"line":2,"column":5660},"end":{"line":2,"column":5662}},"loc":{"start":{"line":2,"column":5666},"end":{"line":2,"column":6046}},"line":2},"10":{"name":"B","decl":{"start":{"line":2,"column":6117},"end":{"line":2,"column":6118}},"loc":{"start":{"line":2,"column":6127},"end":{"line":2,"column":6208}},"line":2},"11":{"name":"o","decl":{"start":{"line":2,"column":6228},"end":{"line":2,"column":6229}},"loc":{"start":{"line":2,"column":6232},"end":{"line":2,"column":6387}},"line":2},"12":{"name":"g","decl":{"start":{"line":2,"column":6396},"end":{"line":2,"column":6397}},"loc":{"start":{"line":2,"column":6402},"end":{"line":2,"column":7520}},"line":2},"13":{"name":"(anonymous_13)","decl":{"start":{"line":2,"column":6419},"end":{"line":2,"column":6420}},"loc":{"start":{"line":2,"column":6429},"end":{"line":2,"column":6696}},"line":2},"14":{"name":"(anonymous_14)","decl":{"start":{"line":2,"column":6721},"end":{"line":2,"column":6722}},"loc":{"start":{"line":2,"column":6733},"end":{"line":2,"column":7510}},"line":2},"15":{"name":"i","decl":{"start":{"line":2,"column":7529},"end":{"line":2,"column":7530}},"loc":{"start":{"line":2,"column":7533},"end":{"line":2,"column":9271}},"line":2},"16":{"name":"Q","decl":{"start":{"line":2,"column":9381},"end":{"line":2,"column":9382}},"loc":{"start":{"line":2,"column":9388},"end":{"line":2,"column":10969}},"line":2},"17":{"name":"ae","decl":{"start":{"line":2,"column":9755},"end":{"line":2,"column":9757}},"loc":{"start":{"line":2,"column":9761},"end":{"line":2,"column":10259}},"line":2},"18":{"name":"ad","decl":{"start":{"line":2,"column":10268},"end":{"line":2,"column":10270}},"loc":{"start":{"line":2,"column":10274},"end":{"line":2,"column":10634}},"line":2},"19":{"name":"ai","decl":{"start":{"line":2,"column":10340},"end":{"line":2,"column":10342}},"loc":{"start":{"line":2,"column":10349},"end":{"line":2,"column":10540}},"line":2},"20":{"name":"D","decl":{"start":{"line":2,"column":10978},"end":{"line":2,"column":10979}},"loc":{"start":{"line":2,"column":10983},"end":{"line":2,"column":11893}},"line":2},"21":{"name":"c","decl":{"start":{"line":2,"column":11911},"end":{"line":2,"column":11912}},"loc":{"start":{"line":2,"column":11917},"end":{"line":2,"column":12070}},"line":2},"22":{"name":"q","decl":{"start":{"line":2,"column":12079},"end":{"line":2,"column":12080}},"loc":{"start":{"line":2,"column":12085},"end":{"line":2,"column":12178}},"line":2},"23":{"name":"d","decl":{"start":{"line":2,"column":14069},"end":{"line":2,"column":14070}},"loc":{"start":{"line":2,"column":14073},"end":{"line":2,"column":14268}},"line":2},"24":{"name":"y","decl":{"start":{"line":2,"column":14277},"end":{"line":2,"column":14278}},"loc":{"start":{"line":2,"column":14285},"end":{"line":2,"column":14424}},"line":2},"25":{"name":"b","decl":{"start":{"line":2,"column":14433},"end":{"line":2,"column":14434}},"loc":{"start":{"line":2,"column":14438},"end":{"line":2,"column":15490}},"line":2},"26":{"name":"Y","decl":{"start":{"line":2,"column":14448},"end":{"line":2,"column":14449}},"loc":{"start":{"line":2,"column":14453},"end":{"line":2,"column":14495}},"line":2},"27":{"name":"(anonymous_27)","decl":{"start":{"line":2,"column":14666},"end":{"line":2,"column":14667}},"loc":{"start":{"line":2,"column":14676},"end":{"line":2,"column":14696}},"line":2},"28":{"name":"U","decl":{"start":{"line":2,"column":14786},"end":{"line":2,"column":14787}},"loc":{"start":{"line":2,"column":14789},"end":{"line":2,"column":15486}},"line":2}},"branchMap":{"0":{"loc":{"start":{"line":2,"column":2616},"end":{"line":2,"column":2753}},"type":"if","locations":[{"start":{"line":2,"column":2616},"end":{"line":2,"column":2753}},{"start":{"line":2,"column":2616},"end":{"line":2,"column":2753}}],"line":2},"1":{"loc":{"start":{"line":2,"column":2647},"end":{"line":2,"column":2752}},"type":"if","locations":[{"start":{"line":2,"column":2647},"end":{"line":2,"column":2752}},{"start":{"line":2,"column":2647},"end":{"line":2,"column":2752}}],"line":2},"2":{"loc":{"start":{"line":2,"column":2830},"end":{"line":2,"column":2852}},"type":"if","locations":[{"start":{"line":2,"column":2830},"end":{"line":2,"column":2852}},{"start":{"line":2,"column":2830},"end":{"line":2,"column":2852}}],"line":2},"3":{"loc":{"start":{"line":2,"column":2881},"end":{"line":2,"column":3054}},"type":"if","locations":[{"start":{"line":2,"column":2881},"end":{"line":2,"column":3054}},{"start":{"line":2,"column":2881},"end":{"line":2,"column":3054}}],"line":2},"4":{"loc":{"start":{"line":2,"column":2903},"end":{"line":2,"column":3053}},"type":"if","locations":[{"start":{"line":2,"column":2903},"end":{"line":2,"column":3053}},{"start":{"line":2,"column":2903},"end":{"line":2,"column":3053}}],"line":2},"5":{"loc":{"start":{"line":2,"column":2906},"end":{"line":2,"column":2922}},"type":"binary-expr","locations":[{"start":{"line":2,"column":2906},"end":{"line":2,"column":2913}},{"start":{"line":2,"column":2915},"end":{"line":2,"column":2922}}],"line":2},"6":{"loc":{"start":{"line":2,"column":2964},"end":{"line":2,"column":3052}},"type":"if","locations":[{"start":{"line":2,"column":2964},"end":{"line":2,"column":3052}},{"start":{"line":2,"column":2964},"end":{"line":2,"column":3052}}],"line":2},"7":{"loc":{"start":{"line":2,"column":2967},"end":{"line":2,"column":2985}},"type":"binary-expr","locations":[{"start":{"line":2,"column":2967},"end":{"line":2,"column":2975}},{"start":{"line":2,"column":2977},"end":{"line":2,"column":2985}}],"line":2},"8":{"loc":{"start":{"line":2,"column":3070},"end":{"line":2,"column":3123}},"type":"if","locations":[{"start":{"line":2,"column":3070},"end":{"line":2,"column":3123}},{"start":{"line":2,"column":3070},"end":{"line":2,"column":3123}}],"line":2},"9":{"loc":{"start":{"line":2,"column":3087},"end":{"line":2,"column":3105}},"type":"cond-expr","locations":[{"start":{"line":2,"column":3093},"end":{"line":2,"column":3099}},{"start":{"line":2,"column":3100},"end":{"line":2,"column":3105}}],"line":2},"10":{"loc":{"start":{"line":2,"column":3154},"end":{"line":2,"column":3209}},"type":"if","locations":[{"start":{"line":2,"column":3154},"end":{"line":2,"column":3209}},{"start":{"line":2,"column":3154},"end":{"line":2,"column":3209}}],"line":2},"11":{"loc":{"start":{"line":2,"column":3157},"end":{"line":2,"column":3196}},"type":"binary-expr","locations":[{"start":{"line":2,"column":3157},"end":{"line":2,"column":3166}},{"start":{"line":2,"column":3168},"end":{"line":2,"column":3176}},{"start":{"line":2,"column":3178},"end":{"line":2,"column":3186}},{"start":{"line":2,"column":3188},"end":{"line":2,"column":3196}}],"line":2},"12":{"loc":{"start":{"line":2,"column":3443},"end":{"line":2,"column":3449}},"type":"cond-expr","locations":[{"start":{"line":2,"column":3446},"end":{"line":2,"column":3447}},{"start":{"line":2,"column":3448},"end":{"line":2,"column":3449}}],"line":2},"13":{"loc":{"start":{"line":2,"column":3489},"end":{"line":2,"column":3795}},"type":"if","locations":[{"start":{"line":2,"column":3489},"end":{"line":2,"column":3795}},{"start":{"line":2,"column":3489},"end":{"line":2,"column":3795}}],"line":2},"14":{"loc":{"start":{"line":2,"column":3552},"end":{"line":2,"column":3613}},"type":"if","locations":[{"start":{"line":2,"column":3552},"end":{"line":2,"column":3613}},{"start":{"line":2,"column":3552},"end":{"line":2,"column":3613}}],"line":2},"15":{"loc":{"start":{"line":2,"column":3555},"end":{"line":2,"column":3578}},"type":"binary-expr","locations":[{"start":{"line":2,"column":3555},"end":{"line":2,"column":3562}},{"start":{"line":2,"column":3564},"end":{"line":2,"column":3578}}],"line":2},"16":{"loc":{"start":{"line":2,"column":3630},"end":{"line":2,"column":3794}},"type":"if","locations":[{"start":{"line":2,"column":3630},"end":{"line":2,"column":3794}},{"start":{"line":2,"column":3630},"end":{"line":2,"column":3794}}],"line":2},"17":{"loc":{"start":{"line":2,"column":3635},"end":{"line":2,"column":3648}},"type":"binary-expr","locations":[{"start":{"line":2,"column":3635},"end":{"line":2,"column":3640}},{"start":{"line":2,"column":3642},"end":{"line":2,"column":3648}}],"line":2},"18":{"loc":{"start":{"line":2,"column":3651},"end":{"line":2,"column":3720}},"type":"if","locations":[{"start":{"line":2,"column":3651},"end":{"line":2,"column":3720}},{"start":{"line":2,"column":3651},"end":{"line":2,"column":3720}}],"line":2},"19":{"loc":{"start":{"line":2,"column":3656},"end":{"line":2,"column":3668}},"type":"binary-expr","locations":[{"start":{"line":2,"column":3656},"end":{"line":2,"column":3661}},{"start":{"line":2,"column":3663},"end":{"line":2,"column":3668}}],"line":2},"20":{"loc":{"start":{"line":2,"column":3720},"end":{"line":2,"column":3793}},"type":"if","locations":[{"start":{"line":2,"column":3720},"end":{"line":2,"column":3793}},{"start":{"line":2,"column":3720},"end":{"line":2,"column":3793}}],"line":2},"21":{"loc":{"start":{"line":2,"column":3725},"end":{"line":2,"column":3738}},"type":"binary-expr","locations":[{"start":{"line":2,"column":3725},"end":{"line":2,"column":3730}},{"start":{"line":2,"column":3732},"end":{"line":2,"column":3738}}],"line":2},"22":{"loc":{"start":{"line":2,"column":3826},"end":{"line":2,"column":3854}},"type":"binary-expr","locations":[{"start":{"line":2,"column":3827},"end":{"line":2,"column":3838}},{"start":{"line":2,"column":3842},"end":{"line":2,"column":3853}}],"line":2},"23":{"loc":{"start":{"line":2,"column":3930},"end":{"line":2,"column":3997}},"type":"if","locations":[{"start":{"line":2,"column":3930},"end":{"line":2,"column":3997}},{"start":{"line":2,"column":3930},"end":{"line":2,"column":3997}}],"line":2},"24":{"loc":{"start":{"line":2,"column":4011},"end":{"line":2,"column":4031}},"type":"if","locations":[{"start":{"line":2,"column":4011},"end":{"line":2,"column":4031}},{"start":{"line":2,"column":4011},"end":{"line":2,"column":4031}}],"line":2},"25":{"loc":{"start":{"line":2,"column":4116},"end":{"line":2,"column":4181}},"type":"if","locations":[{"start":{"line":2,"column":4116},"end":{"line":2,"column":4181}},{"start":{"line":2,"column":4116},"end":{"line":2,"column":4181}}],"line":2},"26":{"loc":{"start":{"line":2,"column":4132},"end":{"line":2,"column":4163}},"type":"if","locations":[{"start":{"line":2,"column":4132},"end":{"line":2,"column":4163}},{"start":{"line":2,"column":4132},"end":{"line":2,"column":4163}}],"line":2},"27":{"loc":{"start":{"line":2,"column":4496},"end":{"line":2,"column":4594}},"type":"if","locations":[{"start":{"line":2,"column":4496},"end":{"line":2,"column":4594}},{"start":{"line":2,"column":4496},"end":{"line":2,"column":4594}}],"line":2},"28":{"loc":{"start":{"line":2,"column":4519},"end":{"line":2,"column":4593}},"type":"if","locations":[{"start":{"line":2,"column":4519},"end":{"line":2,"column":4593}},{"start":{"line":2,"column":4519},"end":{"line":2,"column":4593}}],"line":2},"29":{"loc":{"start":{"line":2,"column":4567},"end":{"line":2,"column":4592}},"type":"if","locations":[{"start":{"line":2,"column":4567},"end":{"line":2,"column":4592}},{"start":{"line":2,"column":4567},"end":{"line":2,"column":4592}}],"line":2},"30":{"loc":{"start":{"line":2,"column":4570},"end":{"line":2,"column":4580}},"type":"binary-expr","locations":[{"start":{"line":2,"column":4570},"end":{"line":2,"column":4572}},{"start":{"line":2,"column":4574},"end":{"line":2,"column":4580}}],"line":2},"31":{"loc":{"start":{"line":2,"column":4627},"end":{"line":2,"column":4655}},"type":"if","locations":[{"start":{"line":2,"column":4627},"end":{"line":2,"column":4655}},{"start":{"line":2,"column":4627},"end":{"line":2,"column":4655}}],"line":2},"32":{"loc":{"start":{"line":2,"column":4700},"end":{"line":2,"column":4844}},"type":"if","locations":[{"start":{"line":2,"column":4700},"end":{"line":2,"column":4844}},{"start":{"line":2,"column":4700},"end":{"line":2,"column":4844}}],"line":2},"33":{"loc":{"start":{"line":2,"column":4718},"end":{"line":2,"column":4754}},"type":"if","locations":[{"start":{"line":2,"column":4718},"end":{"line":2,"column":4754}},{"start":{"line":2,"column":4718},"end":{"line":2,"column":4754}}],"line":2},"34":{"loc":{"start":{"line":2,"column":4760},"end":{"line":2,"column":4843}},"type":"if","locations":[{"start":{"line":2,"column":4760},"end":{"line":2,"column":4843}},{"start":{"line":2,"column":4760},"end":{"line":2,"column":4843}}],"line":2},"35":{"loc":{"start":{"line":2,"column":4808},"end":{"line":2,"column":4842}},"type":"if","locations":[{"start":{"line":2,"column":4808},"end":{"line":2,"column":4842}},{"start":{"line":2,"column":4808},"end":{"line":2,"column":4842}}],"line":2},"36":{"loc":{"start":{"line":2,"column":4811},"end":{"line":2,"column":4821}},"type":"binary-expr","locations":[{"start":{"line":2,"column":4811},"end":{"line":2,"column":4813}},{"start":{"line":2,"column":4815},"end":{"line":2,"column":4821}}],"line":2},"37":{"loc":{"start":{"line":2,"column":4875},"end":{"line":2,"column":4918}},"type":"if","locations":[{"start":{"line":2,"column":4875},"end":{"line":2,"column":4918}},{"start":{"line":2,"column":4875},"end":{"line":2,"column":4918}}],"line":2},"38":{"loc":{"start":{"line":2,"column":4878},"end":{"line":2,"column":4906}},"type":"binary-expr","locations":[{"start":{"line":2,"column":4878},"end":{"line":2,"column":4890}},{"start":{"line":2,"column":4892},"end":{"line":2,"column":4906}}],"line":2},"39":{"loc":{"start":{"line":2,"column":4919},"end":{"line":2,"column":5178}},"type":"if","locations":[{"start":{"line":2,"column":4919},"end":{"line":2,"column":5178}},{"start":{"line":2,"column":4919},"end":{"line":2,"column":5178}}],"line":2},"40":{"loc":{"start":{"line":2,"column":4922},"end":{"line":2,"column":4938}},"type":"binary-expr","locations":[{"start":{"line":2,"column":4922},"end":{"line":2,"column":4935}},{"start":{"line":2,"column":4937},"end":{"line":2,"column":4938}}],"line":2},"41":{"loc":{"start":{"line":2,"column":4999},"end":{"line":2,"column":5176}},"type":"if","locations":[{"start":{"line":2,"column":4999},"end":{"line":2,"column":5176}},{"start":{"line":2,"column":4999},"end":{"line":2,"column":5176}}],"line":2},"42":{"loc":{"start":{"line":2,"column":5002},"end":{"line":2,"column":5024}},"type":"binary-expr","locations":[{"start":{"line":2,"column":5002},"end":{"line":2,"column":5014}},{"start":{"line":2,"column":5016},"end":{"line":2,"column":5024}}],"line":2},"43":{"loc":{"start":{"line":2,"column":5044},"end":{"line":2,"column":5175}},"type":"if","locations":[{"start":{"line":2,"column":5044},"end":{"line":2,"column":5175}},{"start":{"line":2,"column":5044},"end":{"line":2,"column":5175}}],"line":2},"44":{"loc":{"start":{"line":2,"column":5251},"end":{"line":2,"column":5302}},"type":"if","locations":[{"start":{"line":2,"column":5251},"end":{"line":2,"column":5302}},{"start":{"line":2,"column":5251},"end":{"line":2,"column":5302}}],"line":2},"45":{"loc":{"start":{"line":2,"column":5254},"end":{"line":2,"column":5277}},"type":"binary-expr","locations":[{"start":{"line":2,"column":5254},"end":{"line":2,"column":5263}},{"start":{"line":2,"column":5265},"end":{"line":2,"column":5277}}],"line":2},"46":{"loc":{"start":{"line":2,"column":5358},"end":{"line":2,"column":5369}},"type":"cond-expr","locations":[{"start":{"line":2,"column":5361},"end":{"line":2,"column":5365}},{"start":{"line":2,"column":5366},"end":{"line":2,"column":5369}}],"line":2},"47":{"loc":{"start":{"line":2,"column":5456},"end":{"line":2,"column":5617}},"type":"if","locations":[{"start":{"line":2,"column":5456},"end":{"line":2,"column":5617}},{"start":{"line":2,"column":5456},"end":{"line":2,"column":5617}}],"line":2},"48":{"loc":{"start":{"line":2,"column":5508},"end":{"line":2,"column":5616}},"type":"if","locations":[{"start":{"line":2,"column":5508},"end":{"line":2,"column":5616}},{"start":{"line":2,"column":5508},"end":{"line":2,"column":5616}}],"line":2},"49":{"loc":{"start":{"line":2,"column":5623},"end":{"line":2,"column":5650}},"type":"binary-expr","locations":[{"start":{"line":2,"column":5623},"end":{"line":2,"column":5624}},{"start":{"line":2,"column":5626},"end":{"line":2,"column":5650}}],"line":2},"50":{"loc":{"start":{"line":2,"column":5667},"end":{"line":2,"column":6045}},"type":"switch","locations":[{"start":{"line":2,"column":5687},"end":{"line":2,"column":5869}},{"start":{"line":2,"column":5869},"end":{"line":2,"column":5876}},{"start":{"line":2,"column":5876},"end":{"line":2,"column":6044}}],"line":2},"51":{"loc":{"start":{"line":2,"column":5694},"end":{"line":2,"column":5726}},"type":"if","locations":[{"start":{"line":2,"column":5694},"end":{"line":2,"column":5726}},{"start":{"line":2,"column":5694},"end":{"line":2,"column":5726}}],"line":2},"52":{"loc":{"start":{"line":2,"column":5799},"end":{"line":2,"column":5863}},"type":"if","locations":[{"start":{"line":2,"column":5799},"end":{"line":2,"column":5863}},{"start":{"line":2,"column":5799},"end":{"line":2,"column":5863}}],"line":2},"53":{"loc":{"start":{"line":2,"column":5802},"end":{"line":2,"column":5822}},"type":"binary-expr","locations":[{"start":{"line":2,"column":5802},"end":{"line":2,"column":5811}},{"start":{"line":2,"column":5813},"end":{"line":2,"column":5822}}],"line":2},"54":{"loc":{"start":{"line":2,"column":5903},"end":{"line":2,"column":6039}},"type":"if","locations":[{"start":{"line":2,"column":5903},"end":{"line":2,"column":6039}},{"start":{"line":2,"column":5903},"end":{"line":2,"column":6039}}],"line":2},"55":{"loc":{"start":{"line":2,"column":5917},"end":{"line":2,"column":5991}},"type":"if","locations":[{"start":{"line":2,"column":5917},"end":{"line":2,"column":5991}},{"start":{"line":2,"column":5917},"end":{"line":2,"column":5991}}],"line":2},"56":{"loc":{"start":{"line":2,"column":6128},"end":{"line":2,"column":6142}},"type":"if","locations":[{"start":{"line":2,"column":6128},"end":{"line":2,"column":6142}},{"start":{"line":2,"column":6128},"end":{"line":2,"column":6142}}],"line":2},"57":{"loc":{"start":{"line":2,"column":6310},"end":{"line":2,"column":6361}},"type":"cond-expr","locations":[{"start":{"line":2,"column":6319},"end":{"line":2,"column":6324}},{"start":{"line":2,"column":6326},"end":{"line":2,"column":6361}}],"line":2},"58":{"loc":{"start":{"line":2,"column":6319},"end":{"line":2,"column":6324}},"type":"cond-expr","locations":[{"start":{"line":2,"column":6321},"end":{"line":2,"column":6322}},{"start":{"line":2,"column":6323},"end":{"line":2,"column":6324}}],"line":2},"59":{"loc":{"start":{"line":2,"column":6326},"end":{"line":2,"column":6361}},"type":"cond-expr","locations":[{"start":{"line":2,"column":6335},"end":{"line":2,"column":6358}},{"start":{"line":2,"column":6360},"end":{"line":2,"column":6361}}],"line":2},"60":{"loc":{"start":{"line":2,"column":6335},"end":{"line":2,"column":6358}},"type":"cond-expr","locations":[{"start":{"line":2,"column":6355},"end":{"line":2,"column":6356}},{"start":{"line":2,"column":6357},"end":{"line":2,"column":6358}}],"line":2},"61":{"loc":{"start":{"line":2,"column":6369},"end":{"line":2,"column":6386}},"type":"cond-expr","locations":[{"start":{"line":2,"column":6375},"end":{"line":2,"column":6384}},{"start":{"line":2,"column":6385},"end":{"line":2,"column":6386}}],"line":2},"62":{"loc":{"start":{"line":2,"column":6530},"end":{"line":2,"column":6588}},"type":"if","locations":[{"start":{"line":2,"column":6530},"end":{"line":2,"column":6588}},{"start":{"line":2,"column":6530},"end":{"line":2,"column":6588}}],"line":2},"63":{"loc":{"start":{"line":2,"column":6613},"end":{"line":2,"column":6664}},"type":"if","locations":[{"start":{"line":2,"column":6613},"end":{"line":2,"column":6664}},{"start":{"line":2,"column":6613},"end":{"line":2,"column":6664}}],"line":2},"64":{"loc":{"start":{"line":2,"column":6796},"end":{"line":2,"column":6810}},"type":"binary-expr","locations":[{"start":{"line":2,"column":6796},"end":{"line":2,"column":6806}},{"start":{"line":2,"column":6808},"end":{"line":2,"column":6810}}],"line":2},"65":{"loc":{"start":{"line":2,"column":6908},"end":{"line":2,"column":7216}},"type":"if","locations":[{"start":{"line":2,"column":6908},"end":{"line":2,"column":7216}},{"start":{"line":2,"column":6908},"end":{"line":2,"column":7216}}],"line":2},"66":{"loc":{"start":{"line":2,"column":6970},"end":{"line":2,"column":7099}},"type":"if","locations":[{"start":{"line":2,"column":6970},"end":{"line":2,"column":7099}},{"start":{"line":2,"column":6970},"end":{"line":2,"column":7099}}],"line":2},"67":{"loc":{"start":{"line":2,"column":7062},"end":{"line":2,"column":7084}},"type":"if","locations":[{"start":{"line":2,"column":7062},"end":{"line":2,"column":7084}},{"start":{"line":2,"column":7062},"end":{"line":2,"column":7084}}],"line":2},"68":{"loc":{"start":{"line":2,"column":7085},"end":{"line":2,"column":7098}},"type":"if","locations":[{"start":{"line":2,"column":7085},"end":{"line":2,"column":7098}},{"start":{"line":2,"column":7085},"end":{"line":2,"column":7098}}],"line":2},"69":{"loc":{"start":{"line":2,"column":7102},"end":{"line":2,"column":7143}},"type":"binary-expr","locations":[{"start":{"line":2,"column":7102},"end":{"line":2,"column":7114}},{"start":{"line":2,"column":7116},"end":{"line":2,"column":7143}}],"line":2},"70":{"loc":{"start":{"line":2,"column":7144},"end":{"line":2,"column":7197}},"type":"if","locations":[{"start":{"line":2,"column":7144},"end":{"line":2,"column":7197}},{"start":{"line":2,"column":7144},"end":{"line":2,"column":7197}}],"line":2},"71":{"loc":{"start":{"line":2,"column":7147},"end":{"line":2,"column":7181}},"type":"binary-expr","locations":[{"start":{"line":2,"column":7147},"end":{"line":2,"column":7149}},{"start":{"line":2,"column":7151},"end":{"line":2,"column":7181}}],"line":2},"72":{"loc":{"start":{"line":2,"column":7153},"end":{"line":2,"column":7180}},"type":"binary-expr","locations":[{"start":{"line":2,"column":7153},"end":{"line":2,"column":7155}},{"start":{"line":2,"column":7157},"end":{"line":2,"column":7180}}],"line":2},"73":{"loc":{"start":{"line":2,"column":7197},"end":{"line":2,"column":7215}},"type":"if","locations":[{"start":{"line":2,"column":7197},"end":{"line":2,"column":7215}},{"start":{"line":2,"column":7197},"end":{"line":2,"column":7215}}],"line":2},"74":{"loc":{"start":{"line":2,"column":7240},"end":{"line":2,"column":7491}},"type":"if","locations":[{"start":{"line":2,"column":7240},"end":{"line":2,"column":7491}},{"start":{"line":2,"column":7240},"end":{"line":2,"column":7491}}],"line":2},"75":{"loc":{"start":{"line":2,"column":7325},"end":{"line":2,"column":7377}},"type":"if","locations":[{"start":{"line":2,"column":7325},"end":{"line":2,"column":7377}},{"start":{"line":2,"column":7325},"end":{"line":2,"column":7377}}],"line":2},"76":{"loc":{"start":{"line":2,"column":7548},"end":{"line":2,"column":8035}},"type":"if","locations":[{"start":{"line":2,"column":7548},"end":{"line":2,"column":8035}},{"start":{"line":2,"column":7548},"end":{"line":2,"column":8035}}],"line":2},"77":{"loc":{"start":{"line":2,"column":7787},"end":{"line":2,"column":8034}},"type":"if","locations":[{"start":{"line":2,"column":7787},"end":{"line":2,"column":8034}},{"start":{"line":2,"column":7787},"end":{"line":2,"column":8034}}],"line":2},"78":{"loc":{"start":{"line":2,"column":8035},"end":{"line":2,"column":8104}},"type":"if","locations":[{"start":{"line":2,"column":8035},"end":{"line":2,"column":8104}},{"start":{"line":2,"column":8035},"end":{"line":2,"column":8104}}],"line":2},"79":{"loc":{"start":{"line":2,"column":8125},"end":{"line":2,"column":8474}},"type":"if","locations":[{"start":{"line":2,"column":8125},"end":{"line":2,"column":8474}},{"start":{"line":2,"column":8125},"end":{"line":2,"column":8474}}],"line":2},"80":{"loc":{"start":{"line":2,"column":8131},"end":{"line":2,"column":8473}},"type":"if","locations":[{"start":{"line":2,"column":8131},"end":{"line":2,"column":8473}},{"start":{"line":2,"column":8131},"end":{"line":2,"column":8473}}],"line":2},"81":{"loc":{"start":{"line":2,"column":8152},"end":{"line":2,"column":8346}},"type":"if","locations":[{"start":{"line":2,"column":8152},"end":{"line":2,"column":8346}},{"start":{"line":2,"column":8152},"end":{"line":2,"column":8346}}],"line":2},"82":{"loc":{"start":{"line":2,"column":8474},"end":{"line":2,"column":8571}},"type":"if","locations":[{"start":{"line":2,"column":8474},"end":{"line":2,"column":8571}},{"start":{"line":2,"column":8474},"end":{"line":2,"column":8571}}],"line":2},"83":{"loc":{"start":{"line":2,"column":8571},"end":{"line":2,"column":8746}},"type":"if","locations":[{"start":{"line":2,"column":8571},"end":{"line":2,"column":8746}},{"start":{"line":2,"column":8571},"end":{"line":2,"column":8746}}],"line":2},"84":{"loc":{"start":{"line":2,"column":8760},"end":{"line":2,"column":8780}},"type":"if","locations":[{"start":{"line":2,"column":8760},"end":{"line":2,"column":8780}},{"start":{"line":2,"column":8760},"end":{"line":2,"column":8780}}],"line":2},"85":{"loc":{"start":{"line":2,"column":8823},"end":{"line":2,"column":8904}},"type":"if","locations":[{"start":{"line":2,"column":8823},"end":{"line":2,"column":8904}},{"start":{"line":2,"column":8823},"end":{"line":2,"column":8904}}],"line":2},"86":{"loc":{"start":{"line":2,"column":9467},"end":{"line":2,"column":9622}},"type":"if","locations":[{"start":{"line":2,"column":9467},"end":{"line":2,"column":9622}},{"start":{"line":2,"column":9467},"end":{"line":2,"column":9622}}],"line":2},"87":{"loc":{"start":{"line":2,"column":9519},"end":{"line":2,"column":9621}},"type":"if","locations":[{"start":{"line":2,"column":9519},"end":{"line":2,"column":9621}},{"start":{"line":2,"column":9519},"end":{"line":2,"column":9621}}],"line":2},"88":{"loc":{"start":{"line":2,"column":9628},"end":{"line":2,"column":9655}},"type":"binary-expr","locations":[{"start":{"line":2,"column":9628},"end":{"line":2,"column":9629}},{"start":{"line":2,"column":9631},"end":{"line":2,"column":9655}}],"line":2},"89":{"loc":{"start":{"line":2,"column":9762},"end":{"line":2,"column":10258}},"type":"switch","locations":[{"start":{"line":2,"column":9782},"end":{"line":2,"column":9965}},{"start":{"line":2,"column":9965},"end":{"line":2,"column":9972}},{"start":{"line":2,"column":9972},"end":{"line":2,"column":10257}}],"line":2},"90":{"loc":{"start":{"line":2,"column":9789},"end":{"line":2,"column":9820}},"type":"if","locations":[{"start":{"line":2,"column":9789},"end":{"line":2,"column":9820}},{"start":{"line":2,"column":9789},"end":{"line":2,"column":9820}}],"line":2},"91":{"loc":{"start":{"line":2,"column":9820},"end":{"line":2,"column":9959}},"type":"if","locations":[{"start":{"line":2,"column":9820},"end":{"line":2,"column":9959}},{"start":{"line":2,"column":9820},"end":{"line":2,"column":9959}}],"line":2},"92":{"loc":{"start":{"line":2,"column":9850},"end":{"line":2,"column":9898}},"type":"if","locations":[{"start":{"line":2,"column":9850},"end":{"line":2,"column":9898}},{"start":{"line":2,"column":9850},"end":{"line":2,"column":9898}}],"line":2},"93":{"loc":{"start":{"line":2,"column":9979},"end":{"line":2,"column":10252}},"type":"if","locations":[{"start":{"line":2,"column":9979},"end":{"line":2,"column":10252}},{"start":{"line":2,"column":9979},"end":{"line":2,"column":10252}}],"line":2},"94":{"loc":{"start":{"line":2,"column":10025},"end":{"line":2,"column":10251}},"type":"if","locations":[{"start":{"line":2,"column":10025},"end":{"line":2,"column":10251}},{"start":{"line":2,"column":10025},"end":{"line":2,"column":10251}}],"line":2},"95":{"loc":{"start":{"line":2,"column":10123},"end":{"line":2,"column":10205}},"type":"if","locations":[{"start":{"line":2,"column":10123},"end":{"line":2,"column":10205}},{"start":{"line":2,"column":10123},"end":{"line":2,"column":10205}}],"line":2},"96":{"loc":{"start":{"line":2,"column":10212},"end":{"line":2,"column":10250}},"type":"if","locations":[{"start":{"line":2,"column":10212},"end":{"line":2,"column":10250}},{"start":{"line":2,"column":10212},"end":{"line":2,"column":10250}}],"line":2},"97":{"loc":{"start":{"line":2,"column":10315},"end":{"line":2,"column":10330}},"type":"if","locations":[{"start":{"line":2,"column":10315},"end":{"line":2,"column":10330}},{"start":{"line":2,"column":10315},"end":{"line":2,"column":10330}}],"line":2},"98":{"loc":{"start":{"line":2,"column":10357},"end":{"line":2,"column":10382}},"type":"cond-expr","locations":[{"start":{"line":2,"column":10360},"end":{"line":2,"column":10379}},{"start":{"line":2,"column":10380},"end":{"line":2,"column":10382}}],"line":2},"99":{"loc":{"start":{"line":2,"column":10404},"end":{"line":2,"column":10530}},"type":"if","locations":[{"start":{"line":2,"column":10404},"end":{"line":2,"column":10530}},{"start":{"line":2,"column":10404},"end":{"line":2,"column":10530}}],"line":2},"100":{"loc":{"start":{"line":2,"column":10579},"end":{"line":2,"column":10614}},"type":"binary-expr","locations":[{"start":{"line":2,"column":10580},"end":{"line":2,"column":10596}},{"start":{"line":2,"column":10599},"end":{"line":2,"column":10614}}],"line":2},"101":{"loc":{"start":{"line":2,"column":10671},"end":{"line":2,"column":10717}},"type":"if","locations":[{"start":{"line":2,"column":10671},"end":{"line":2,"column":10717}},{"start":{"line":2,"column":10671},"end":{"line":2,"column":10717}}],"line":2},"102":{"loc":{"start":{"line":2,"column":10777},"end":{"line":2,"column":10802}},"type":"binary-expr","locations":[{"start":{"line":2,"column":10777},"end":{"line":2,"column":10799}},{"start":{"line":2,"column":10801},"end":{"line":2,"column":10802}}],"line":2},"103":{"loc":{"start":{"line":2,"column":10871},"end":{"line":2,"column":10932}},"type":"if","locations":[{"start":{"line":2,"column":10871},"end":{"line":2,"column":10932}},{"start":{"line":2,"column":10871},"end":{"line":2,"column":10932}}],"line":2},"104":{"loc":{"start":{"line":2,"column":11209},"end":{"line":2,"column":11272}},"type":"if","locations":[{"start":{"line":2,"column":11209},"end":{"line":2,"column":11272}},{"start":{"line":2,"column":11209},"end":{"line":2,"column":11272}}],"line":2},"105":{"loc":{"start":{"line":2,"column":11342},"end":{"line":2,"column":11361}},"type":"binary-expr","locations":[{"start":{"line":2,"column":11342},"end":{"line":2,"column":11348}},{"start":{"line":2,"column":11350},"end":{"line":2,"column":11361}}],"line":2},"106":{"loc":{"start":{"line":2,"column":11453},"end":{"line":2,"column":11465}},"type":"binary-expr","locations":[{"start":{"line":2,"column":11453},"end":{"line":2,"column":11461}},{"start":{"line":2,"column":11463},"end":{"line":2,"column":11465}}],"line":2},"107":{"loc":{"start":{"line":2,"column":11485},"end":{"line":2,"column":11495}},"type":"binary-expr","locations":[{"start":{"line":2,"column":11485},"end":{"line":2,"column":11491}},{"start":{"line":2,"column":11493},"end":{"line":2,"column":11495}}],"line":2},"108":{"loc":{"start":{"line":2,"column":11539},"end":{"line":2,"column":11857}},"type":"if","locations":[{"start":{"line":2,"column":11539},"end":{"line":2,"column":11857}},{"start":{"line":2,"column":11539},"end":{"line":2,"column":11857}}],"line":2},"109":{"loc":{"start":{"line":2,"column":11542},"end":{"line":2,"column":11580}},"type":"binary-expr","locations":[{"start":{"line":2,"column":11542},"end":{"line":2,"column":11557}},{"start":{"line":2,"column":11560},"end":{"line":2,"column":11579}}],"line":2},"110":{"loc":{"start":{"line":2,"column":11582},"end":{"line":2,"column":11610}},"type":"if","locations":[{"start":{"line":2,"column":11582},"end":{"line":2,"column":11610}},{"start":{"line":2,"column":11582},"end":{"line":2,"column":11610}}],"line":2},"111":{"loc":{"start":{"line":2,"column":11764},"end":{"line":2,"column":11856}},"type":"if","locations":[{"start":{"line":2,"column":11764},"end":{"line":2,"column":11856}},{"start":{"line":2,"column":11764},"end":{"line":2,"column":11856}}],"line":2},"112":{"loc":{"start":{"line":2,"column":11861},"end":{"line":2,"column":11876}},"type":"if","locations":[{"start":{"line":2,"column":11861},"end":{"line":2,"column":11876}},{"start":{"line":2,"column":11861},"end":{"line":2,"column":11876}}],"line":2},"113":{"loc":{"start":{"line":2,"column":11876},"end":{"line":2,"column":11891}},"type":"if","locations":[{"start":{"line":2,"column":11876},"end":{"line":2,"column":11891}},{"start":{"line":2,"column":11876},"end":{"line":2,"column":11891}}],"line":2},"114":{"loc":{"start":{"line":2,"column":11957},"end":{"line":2,"column":12068}},"type":"if","locations":[{"start":{"line":2,"column":11957},"end":{"line":2,"column":12068}},{"start":{"line":2,"column":11957},"end":{"line":2,"column":12068}}],"line":2},"115":{"loc":{"start":{"line":2,"column":11994},"end":{"line":2,"column":12067}},"type":"if","locations":[{"start":{"line":2,"column":11994},"end":{"line":2,"column":12067}},{"start":{"line":2,"column":11994},"end":{"line":2,"column":12067}}],"line":2},"116":{"loc":{"start":{"line":2,"column":12086},"end":{"line":2,"column":12166}},"type":"if","locations":[{"start":{"line":2,"column":12086},"end":{"line":2,"column":12166}},{"start":{"line":2,"column":12086},"end":{"line":2,"column":12166}}],"line":2},"117":{"loc":{"start":{"line":2,"column":12091},"end":{"line":2,"column":12113}},"type":"binary-expr","locations":[{"start":{"line":2,"column":12091},"end":{"line":2,"column":12092}},{"start":{"line":2,"column":12094},"end":{"line":2,"column":12113}}],"line":2},"118":{"loc":{"start":{"line":2,"column":12118},"end":{"line":2,"column":12165}},"type":"c
[...]
0],"44":[0,0],"45":[0,0],"46":[0,0,0,0,0],"47":[0,0],"48":[0,0],"49":[0,0,0,0],"50":[0,0],"51":[0,0],"52":[0,0],"53":[0,0],"54":[0,0],"55":[0,0],"56":[0,0,0],"57":[0,0],"58":[0,0],"59":[0,0],"60":[0,0],"61":[0,0],"62":[0,0],"63":[0,0],"64":[0,0,0,0,0,0,0],"65":[0,0,0],"66":[0,0],"67":[0,0],"68":[0,0],"69":[0,0],"70":[0,0,0,0],"71":[0,0],"72":[0,0],"73":[0,0],"74":[0,0],"75":[0,0],"76":[0,0],"77":[0,0,0,0,0,0],"78":[0,0],"79":[0,0],"80":[0,0],"81":[0,0],"82":[0,0],"83":[0,0],"84":[0,0],"85":[0,0,0],"86":[0,0],"87":[0,0],"88":[0,0],"89":[0,0,0,0,0],"90":[0,0],"91":[0,0,0],"92":[0,0],"93":[0,0],"94":[0,0],"95":[0,0],"96":[0,0],"97":[0,0,0,0],"98":[0,0],"99":[0,0],"100":[0,0],"101":[0,0],"102":[0,0],"103":[0,0],"104":[0,0],"105":[0,0],"106":[0,0],"107":[0,0],"108":[0,0],"109":[0,0],"110":[0,0],"111":[0,0],"112":[0,0],"113":[0,0],"114":[0,0],"115":[0,0],"116":[0,0],"117":[0,0],"118":[0,0],"119":[0,0],"120":[0,0],"121":[0,0,0],"122":[0,0],"123":[0,0],"124":[0,0],"125":[0,0],"126":[0,0],"127":[0,0],"128":[0,0],"129":[0,0],"130":[0,0],"131":[0,0],"132":[0,0],"133":[0,0],"134":[0,0],"135":[0,0],"136":[0,0],"137":[0,0],"138":[0,0],"139":[0,0],"140":[0,0],"141":[0,0],"142":[0,0],"143":[0,0],"144":[0,0],"145":[0,0],"146":[0,0],"147":[0,0],"148":[0,0,0],"149":[0,0],"150":[0,0],"151":[0,0],"152":[0,0],"153":[0,0],"154":[0,0,0],"155":[0,0],"156":[0,0],"157":[0,0],"158":[0,0,0,0],"159":[0,0],"160":[0,0],"161":[0,0],"162":[0,0],"163":[0,0],"164":[0,0],"165":[0,0],"166":[0,0],"167":[0,0],"168":[0,0],"169":[0,0,0,0,0],"170":[0,0],"171":[0,0],"172":[0,0],"173":[0,0],"174":[0,0,0],"175":[0,0],"176":[0,0],"177":[0,0],"178":[0,0],"179":[0,0,0,0],"180":[0,0],"181":[0,0],"182":[0,0],"183":[0,0],"184":[0,0],"185":[0,0],"186":[0,0],"187":[0,0],"188":[0,0,0,0],"189":[0,0],"190":[0,0],"191":[0,0],"192":[0,0],"193":[0,0],"194":[0,0],"195":[0,0],"196":[0,0],"197":[0,0],"198":[0,0],"199":[0,0],"200":[0,0],"201":[0,0],"202":[0,0],"203":[0,0],"204":[0,0],"205":[0,0],"206":[0,0],"207":[0,0],"208":[0,0],"209":[0,0],"210":[0,0],"211":[0,0],"212":[0,0],"213":[0,0],"214":[0,0,0],"215":[0,0,0],"216":[0,0],"217":[0,0],"218":[0,0,0],"219":[0,0],"220":[0,0],"221":[0,0],"222":[0,0],"223":[0,0],"224":[0,0],"225":[0,0,0,0,0],"226":[0,0],"227":[0,0],"228":[0,0],"229":[0,0],"230":[0,0],"231":[0,0],"232":[0,0],"233":[0,0],"234":[0,0],"235":[0,0],"236":[0,0],"237":[0,0,0,0],"238":[0,0,0,0],"239":[0,0],"240":[0,0],"241":[0,0],"242":[0,0],"243":[0,0],"244":[0,0,0],"245":[0,0],"246":[0,0],"247":[0,0],"248":[0,0],"249":[0,0],"250":[0,0,0,0,0,0],"251":[0,0,0],"252":[0,0],"253":[0,0,0],"254":[0,0],"255":[0,0],"256":[0,0,0,0],"257":[0,0],"258":[0,0,0],"259":[0,0],"260":[0,0],"261":[0,0],"262":[0,0],"263":[0,0],"264":[0,0],"265":[0,0],"266":[0,0],"267":[0,0],"268":[0,0],"269":[0,0],"270":[0,0],"271":[0,0],"272":[0,0],"273":[0,0],"274":[0,0],"275":[0,0],"276":[0,0],"277":[0,0],"278":[0,0,0],"279":[0,0],"280":[0,0],"281":[0,0],"282":[0,0],"283":[0,0],"284":[0,0],"285":[0,0,0],"286":[0,0],"287":[0,0],"288":[0,0],"289":[0,0],"290":[0,0],"291":[0,0,0],"292":[0,0],"293":[0,0],"294":[0,0],"295":[0,0,0],"296":[0,0],"297":[0,0],"298":[0,0,0],"299":[0,0],"300":[0,0],"301":[0,0],"302":[0,0],"303":[0,0],"304":[0,0],"305":[0,0],"306":[0,0],"307":[0,0],"308":[0,0,0],"309":[0,0],"310":[0,0],"311":[0,0],"312":[0,0],"313":[0,0],"314":[0,0],"315":[0,0,0],"316":[0,0],"317":[0,0],"318":[0,0],"319":[0,0,0],"320":[0,0],"321":[0,0],"322":[0,0,0,0,0,0],"323":[0,0,0],"324":[0,0],"325":[0,0],"326":[0,0],"327":[0,0],"328":[0,0],"329":[0,0],"330":[0,0],"331":[0,0],"332":[0,0],"333":[0,0],"334":[0,0],"335":[0,0],"336":[0,0],"337":[0,0],"338":[0,0],"339":[0,0],"340":[0,0],"341":[0,0],"342":[0,0],"343":[0,0],"344":[0,0],"345":[0,0,0,0],"346":[0,0],"347":[0,0],"348":[0,0],"349":[0,0],"350":[0,0],"351":[0,0],"352":[0,0],"353":[0,0],"354":[0,0],"355":[0,0],"356":[0,0],"357":[0,0],"358":[0,0],"359":[0,0],"360":[0,0],"361":[0,0],"362":[0,0,0],"363":[0,0],"364":[0,0],"365":[0,0],"366":[0,0],"367":[0,0],"368":[0,0],"369":[0,0,0],"370":[0,0,0],"371":[0,0],"372":[0,0],"373":[0,0],"374":[0,0],"375":[0,0],"376":[0,0],"377":[0,0],"378":[0,0],"379":[0,0],"380":[0,0],"381":[0,0],"382":[0,0],"383":[0,0],"384":[0,0],"385":[0,0],"386":[0,0],"387":[0,0],"388":[0,0],"389":[0,0],"390":[0,0],"391":[0,0,0,0],"392":[0,0],"393":[0,0],"394":[0,0],"395":[0,0,0],"396":[0,0],"397":[0,0],"398":[0,0],"399":[0,0,0],"400":[0,0],"401":[0,0,0],"402":[0,0],"403":[0,0],"404":[0,0],"405":[0,0],"406":[0,0],"407":[0,0,0],"408":[0,0],"409":[0,0],"410":[0,0,0],"411":[0,0],"412":[0,0],"413":[0,0],"414":[0,0],"415":[0,0],"416":[0,0],"417":[0,0],"418":[0,0],"419":[0,0,0,0,0],"420":[0,0,0,0],"421":[0,0],"422":[0,0],"423":[0,0],"424":[0,0],"425":[0,0,0],"426":[0,0],"427":[0,0],"428":[0,0],"429":[0,0],"430":[0,0],"431":[0,0],"432":[0,0],"433":[0,0],"434":[0,0],"435":[0,0],"436":[0,0,0],"437":[0,0],"438":[0,0],"439":[0,0],"440":[0,0],"441":[0,0,0,0],"442":[0,0],"443":[0,0,0,0],"444":[0,0,0],"445":[0,0],"446":[0,0],"447":[0,0],"448":[0,0],"449":[0,0],"450":[0,0],"451":[0,0],"452":[0,0],"453":[0,0],"454":[0,0],"455":[0,0],"456":[0,0],"457":[0,0],"458":[0,0],"459":[0,0],"460":[0,0],"461":[0,0],"462":[0,0],"463":[0,0],"464":[0,0],"465":[0,0,0],"466":[0,0],"467":[0,0],"468":[0,0],"469":[0,0],"470":[0,0],"471":[0,0],"472":[0,0],"473":[0,0],"474":[0,0],"475":[0,0],"476":[0,0],"477":[0,0],"478":[0,0],"479":[0,0,0,0],"480":[0,0],"481":[0,0],"482":[0,0],"483":[0,0],"484":[0,0],"485":[0,0,0],"486":[0,0],"487":[0,0],"488":[0,0],"489":[0,0],"490":[0,0],"491":[0,0],"492":[0,0],"493":[0,0],"494":[0,0],"495":[0,0],"496":[0,0],"497":[0,0],"498":[0,0],"499":[0,0],"500":[0,0],"501":[0,0],"502":[0,0],"503":[0,0],"504":[0,0],"505":[0,0],"506":[0,0],"507":[0,0],"508":[0,0],"509":[0,0],"510":[0,0],"511":[0,0],"512":[0,0,0],"513":[0,0],"514":[0,0],"515":[0,0],"516":[0,0],"517":[0,0,0],"518":[0,0,0,0],"519":[0,0],"520":[0,0],"521":[0,0],"522":[0,0],"523":[0,0],"524":[0,0],"525":[0,0],"526":[0,0],"527":[0,0],"528":[0,0],"529":[0,0],"530":[0,0,0],"531":[0,0],"532":[0,0],"533":[0,0],"534":[0,0],"535":[0,0],"536":[0,0],"537":[0,0],"538":[0,0],"539":[0,0],"540":[0,0],"541":[0,0],"542":[0,0],"543":[0,0],"544":[0,0],"545":[0,0],"546":[0,0],"547":[0,0],"548":[0,0],"549":[0,0],"550":[0,0],"551":[0,0],"552":[0,0],"553":[0,0,0,0],"554":[0,0],"555":[0,0],"556":[0,0,0,0],"557":[0,0],"558":[0,0],"559":[0,0],"560":[0,0],"561":[0,0],"562":[0,0,0],"563":[0,0],"564":[0,0],"565":[0,0],"566":[0,0],"567":[0,0,0,0,0,0],"568":[0,0],"569":[0,0],"570":[0,0],"571":[0,0,0],"572":[0,0,0],"573":[0,0],"574":[0,0],"575":[0,0],"576":[0,0],"577":[0,0],"578":[0,0,0],"579":[0,0],"580":[0,0,0],"581":[0,0],"582":[0,0],"583":[0,0],"584":[0,0],"585":[0,0,0],"586":[0,0,0],"587":[0,0],"588":[0,0],"589":[0,0],"590":[0,0],"591":[0,0],"592":[0,0],"593":[0,0],"594":[0,0,0],"595":[0,0],"596":[0,0],"597":[0,0],"598":[0,0],"599":[0,0],"600":[0,0],"601":[0,0,0,0,0],"602":[0,0],"603":[0,0],"604":[0,0],"605":[0,0],"606":[0,0],"607":[0,0],"608":[0,0],"609":[0,0],"610":[0,0],"611":[0,0,0,0,0,0,0,0],"612":[0,0],"613":[0,0,0],"614":[0,0,0],"615":[0,0,0],"616":[0,0],"617":[0,0,0],"618":[0,0],"619":[0,0,0],"620":[0,0,0],"621":[0,0],"622":[0,0],"623":[0,0],"624":[0,0],"625":[0,0],"626":[0,0],"627":[0,0],"628":[0,0],"629":[0,0],"630":[0,0],"631":[0,0],"632":[0,0],"633":[0,0,0,0],"634":[0,0],"635":[0,0],"636":[0,0],"637":[0,0],"638":[0,0,0,0],"639":[0,0],"640":[0,0],"641":[0,0],"642":[0,0],"643":[0,0],"644":[0,0],"645":[0,0],"646":[0,0],"647":[0,0],"648":[0,0],"649":[0,0],"650":[0,0],"651":[0,0],"652":[0,0],"653":[0,0],"654":[0,0],"655":[0,0],"656":[0,0,0,0,0,0],"657":[0,0],"658":[0,0,0,0,0],"659":[0,0],"660":[0,0],"661":[0,0],"662":[0,0],"663":[0,0],"664":[0,0],"665":[0,0],"666":[0,0,0,0],"667":[0,0],"668":[0,0],"669":[0,0],"670":[0,0],"671":[0,0],"672":[0,0],"673":[0,0],"674":[0,0],"675":[0,0],"676":[0,0],"677":[0,0],"678":[0,0],"679":[0,0],"680":[0,0],"681":[0,0],"682":[0,0],"683":[0,0],"684":[0,0],"685":[0,0],"686":[0,0],"687":[0,0],"688":[0,0],"689":[0,0],"690":[0,0],"691":[0,0],"692":[0,0],"693":[0,0],"694":[0,0],"695":[0,0,0],"696":[0,0],"697":[0,0],"698":[0,0,0,0],"699":[0,0],"700":[0,0],"701":[0,0],"702":[0,0],"703":[0,0],"704":[0,0],"705":[0,0],"706":[0,0],"707":[0,0],"708":[0,0],"709":[0,0],"710":[0,0],"711":[0,0],"712":[0,0],"713":[0,0],"714":[0,0],"715":[0,0],"716":[0,0,0,0],"717":[0,0,0],"718":[0,0],"719":[0,0],"720":[0,0],"721":[0,0],"722":[0,0,0,0],"723":[0,0],"724":[0,0,0],"725":[0,0],"726":[0,0],"727":[0,0],"728":[0,0],"729":[0,0],"730":[0,0],"731":[0,0],"732":[0,0],"733":[0,0],"734":[0,0],"735":[0,0],"736":[0,0],"737":[0,0],"738":[0,0],"739":[0,0],"740":[0,0],"741":[0,0],"742":[0,0],"743":[0,0],"744":[0,0],"745":[0,0],"746":[0,0],"747":[0,0],"748":[0,0,0],"749":[0,0,0],"750":[0,0],"751":[0,0],"752":[0,0],"753":[0,0],"754":[0,0],"755":[0,0],"756":[0,0],"757":[0,0,0],"758":[0,0],"759":[0,0],"760":[0,0],"761":[0,0],"762":[0,0],"763":[0,0],"764":[0,0],"765":[0,0],"766":[0,0],"767":[0,0],"768":[0,0],"769":[0,0],"770":[0,0],"771":[0,0],"772":[0,0],"773":[0,0],"774":[0,0,0],"775":[0,0],"776":[0,0],"777":[0,0],"778":[0,0,0],"779":[0,0],"780":[0,0],"781":[0,0],"782":[0,0],"783":[0,0],"784":[0,0],"785":[0,0,0],"786":[0,0],"787":[0,0],"788":[0,0,0],"789":[0,0,0],"790":[0,0],"791":[0,0],"792":[0,0],"793":[0,0],"794":[0,0],"795":[0,0],"796":[0,0],"797":[0,0],"798":[0,0,0],"799":[0,0,0,0],"800":[0,0],"801":[0,0],"802":[0,0],"803":[0,0],"804":[0,0],"805":[0,0],"806":[0,0],"807":[0,0],"808":[0,0],"809":[0,0,0],"810":[0,0],"811":[0,0],"812":[0,0],"813":[0,0],"814":[0,0],"815":[0,0],"816":[0,0,0],"817":[0,0],"818":[0,0],"819":[0,0],"820":[0,0],"821":[0,0],"822":[0,0],"823":[0,0],"824":[0,0,0],"825":[0,0],"826":[0,0],"827":[0,0],"828":[0,0],"829":[0,0],"830":[0,0],"831":[0,0],"832":[0,0,0],"833":[0,0],"834":[0,0],"835":[0,0],"836":[0,0],"837":[0,0],"838":[0,0],"839":[0,0],"840":[0,0],"841":[0,0],"842":[0,0,0],"843":[0,0],"844":[0,0],"845":[0,0],"846":[0,0,0],"847":[0,0],"848":[0,0],"849":[0,0],"850":[0,0],"851":[0,0],"852":[0,0],"853":[0,0],"854":[0,0],"855":[0,0],"856":[0,0],"857":[0,0],"858":[0,0],"859":[0,0],"860":[0,0],"861":[0,0],"862":[0,0],"863":[0,0],"864":[0,0],"865":[0,0,0],"866":[0,0,0,0,0],"867":[0,0],"868":[0,0,0],"869":[0,0],"870":[0,0],"871":[0,0],"872":[0,0],"873":[0,0],"874":[0,0],"875":[0,0],"876":[0,0,0,0],"877":[0,0],"878":[0,0],"879":[0,0],"880":[0,0],"881":[0,0],"882":[0,0,0],"883":[0,0],"884":[0,0],"885":[0,0],"886":[0,0,0,0,0],"887":[0,0,0,0],"888":[0,0],"889":[0,0],"890":[0,0,0],"891":[0,0],"892":[0,0],"893":[0,0],"894":[0,0],"895":[0,0],"896":[0,0],"897":[0,0],"898":[0,0],"899":[0,0],"900":[0,0],"901":[0,0],"902":[0,0],"903":[0,0],"904":[0,0],"905":[0,0],"906":[0,0],"907":[0,0],"908":[0,0],"909":[0,0],"910":[0,0],"911":[0,0],"912":[0,0],"913":[0,0],"914":[0,0],"915":[0,0],"916":[0,0],"917":[0,0,0,0],"918":[0,0],"919":[0,0],"920":[0,0],"921":[0,0,0],"922":[0,0],"923":[0,0],"924":[0,0],"925":[0,0,0],"926":[0,0],"927":[0,0],"928":[0,0],"929":[0,0],"930":[0,0,0],"931":[0,0],"932":[0,0],"933":[0,0],"934":[0,0],"935":[0,0],"936":[0,0],"937":[0,0],"938":[0,0,0],"939":[0,0],"940":[0,0],"941":[0,0],"942":[0,0],"943":[0,0],"944":[0,0],"945":[0,0],"946":[0,0,0],"947":[0,0],"948":[0,0],"949":[0,0],"950":[0,0],"951":[0,0],"952":[0,0],"953":[0,0],"954":[0,0],"955":[0,0],"956":[0,0],"957":[0,0],"958":[0,0,0],"959":[0,0],"960":[0,0],"961":[0,0],"962":[0,0,0],"963":[0,0],"964":[0,0],"965":[0,0],"966":[0,0],"967":[0,0],"968":[0,0],"969":[0,0],"970":[0,0,0],"971":[0,0],"972":[0,0],"973":[0,0],"974":[0,0],"975":[0,0],"976":[0,0],"977":[0,0],"978":[0,0],"979":[0,0],"980":[0,0],"981":[0,0,0],"982":[0,0],"983":[0,0],"984":[0,0],"985":[0,0],"986":[0,0],"987":[0,0],"988":[0,0],"989":[0,0],"990":[0,0],"991":[0,0],"992":[0,0],"993":[0,0],"994":[0,0],"995":[0,0],"996":[0,0],"997":[0,0],"998":[0,0],"999":[0,0],"1000":[0,0],"1001":[0,0],"1002":[0,0],"1003":[0,0],"1004":[0,0],"1005":[0,0],"1006":[0,0],"1007":[0,0],"1008":[0,0],"1009":[0,0],"1010":[0,0,0],"1011":[0,0,0,0,0,0],"1012":[0,0],"1013":[0,0],"1014":[0,0],"1015":[0,0],"1016":[0,0],"1017":[0,0],"1018":[0,0],"1019":[0,0],"1020":[0,0,0],"1021":[0,0],"1022":[0,0,0,0],"1023":[0,0],"1024":[0,0],"1025":[0,0],"1026":[0,0],"1027":[0,0],"1028":[0,0,0],"1029":[0,0],"1030":[0,0,0,0,0],"1031":[0,0],"1032":[0,0],"1033":[0,0],"1034":[0,0,0,0,0,0,0,0,0],"1035":[0,0],"1036":[0,0],"1037":[0,0],"1038":[0,0],"1039":[0,0],"1040":[0,0],"1041":[0,0],"1042":[0,0],"1043":[0,0],"1044":[0,0,0],"1045":[0,0],"1046":[0,0],"1047":[0,0],"1048":[0,0],"1049":[0,0],"1050":[0,0],"1051":[0,0,0]},"hash":"5617b26e54b3f12589438addc5e8ea9fb16c56c3"}
,"/Users/macbook_pro_i7_512gb/Desktop/Coding/Visma-pra/vite-vue2-starter/src/main.js": {"path":"/Users/macbook_pro_i7_512gb/Desktop/Coding/Visma-pra/vite-vue2-starter/src/main.js","statementMap":{"0":{"start":{"line":9,"column":0},"end":{"line":9,"column":18}},"1":{"start":{"line":11,"column":0},"end":{"line":17,"column":2}},"2":{"start":{"line":19,"column":0},"end":{"line":22,"column":17}},"3":{"start":{"line":20,"column":17},"end":{"line":20,"column":23}}},"fnMap":{"0":{"name":"(anonymous_0)","decl":{"start":{"line":20,"column":10},"end":{"line":20,"column":11}},"loc":{"start":{"line":20,"column":17},"end":{"line":20,"column":23}},"line":20}},"branchMap":{},"s":{"0":0,"1":0,"2":0,"3":0},"f":{"0":0},"b":{},"hash":"f188290e57877d7daa7fd623eeeb3d5dd4692dde"}
,"/Users/macbook_pro_i7_512gb/Desktop/Coding/Visma-pra/vite-vue2-starter/src/api/apiCalls.js": {"path":"/Users/macbook_pro_i7_512gb/Desktop/Coding/Visma-pra/vite-vue2-starter/src/api/apiCalls.js","statementMap":{"0":{"start":{"line":2,"column":2},"end":{"line":10,"column":3}},"1":{"start":{"line":3,"column":21},"end":{"line":5,"column":6}},"2":{"start":{"line":6,"column":4},"end":{"line":6,"column":58}},"3":{"start":{"line":6,"column":22},"end":{"line":6,"column":58}},"4":{"start":{"line":8,"column":4},"end":{"line":8,"column":16}},"5":{"start":{"line":9,"column":4},"end":{"line":9,"column":24}},"6":{"start":{"line":14,"column":2},"end":{"line":28,"column":3}},"7":{"start":{"line":15,"column":21},"end":{"line":21,"column":6}},"8":{"start":{"line":22,"column":4},"end":{"line":22,"column":58}},"9":{"start":{"line":22,"column":22},"end":{"line":22,"column":58}},"10":{"start":{"line":24,"column":4},"end":{"line":24,"column":32}},"11":{"start":{"line":26,"column":4},"end":{"line":26,"column":16}},"12":{"start":{"line":27,"column":4},"end":{"line":27,"column":24}},"13":{"start":{"line":32,"column":2},"end":{"line":46,"column":3}},"14":{"start":{"line":33,"column":21},"end":{"line":39,"column":6}},"15":{"start":{"line":40,"column":4},"end":{"line":40,"column":58}},"16":{"start":{"line":40,"column":22},"end":{"line":40,"column":58}},"17":{"start":{"line":42,"column":4},"end":{"line":42,"column":32}},"18":{"start":{"line":44,"column":4},"end":{"line":44,"column":16}},"19":{"start":{"line":45,"column":4},"end":{"line":45,"column":24}},"20":{"start":{"line":50,"column":2},"end":{"line":59,"column":3}},"21":{"start":{"line":51,"column":21},"end":{"line":51,"column":38}},"22":{"start":{"line":53,"column":4},"end":{"line":53,"column":58}},"23":{"start":{"line":53,"column":22},"end":{"line":53,"column":58}},"24":{"start":{"line":55,"column":4},"end":{"line":55,"column":19}},"25":{"start":{"line":57,"column":4},"end":{"line":57,"column":16}},"26":{"start":{"line":58,"column":4},"end":{"line":58,"column":24}}},"fnMap":{"0":{"name":"deleteData","decl":{"start":{"line":1,"column":22},"end":{"line":1,"column":32}},"loc":{"start":{"line":1,"column":43},"end":{"line":11,"column":1}},"line":1},"1":{"name":"putData","decl":{"start":{"line":13,"column":22},"end":{"line":13,"column":29}},"loc":{"start":{"line":13,"column":42},"end":{"line":29,"column":1}},"line":13},"2":{"name":"postData","decl":{"start":{"line":31,"column":22},"end":{"line":31,"column":30}},"loc":{"start":{"line":31,"column":43},"end":{"line":47,"column":1}},"line":31},"3":{"name":"getData","decl":{"start":{"line":49,"column":22},"end":{"line":49,"column":29}},"loc":{"start":{"line":49,"column":36},"end":{"line":60,"column":1}},"line":49}},"branchMap":{"0":{"loc":{"start":{"line":6,"column":4},"end":{"line":6,"column":58}},"type":"if","locations":[{"start":{"line":6,"column":4},"end":{"line":6,"column":58}},{"start":{"line":6,"column":4},"end":{"line":6,"column":58}}],"line":6},"1":{"loc":{"start":{"line":22,"column":4},"end":{"line":22,"column":58}},"type":"if","locations":[{"start":{"line":22,"column":4},"end":{"line":22,"column":58}},{"start":{"line":22,"column":4},"end":{"line":22,"column":58}}],"line":22},"2":{"loc":{"start":{"line":40,"column":4},"end":{"line":40,"column":58}},"type":"if","locations":[{"start":{"line":40,"column":4},"end":{"line":40,"column":58}},{"start":{"line":40,"column":4},"end":{"line":40,"column":58}}],"line":40},"3":{"loc":{"start":{"line":53,"column":4},"end":{"line":53,"column":58}},"type":"if","locations":[{"start":{"line":53,"column":4},"end":{"line":53,"column":58}},{"start":{"line":53,"column":4},"end":{"line":53,"column":58}}],"line":53}},"s":{"0":0,"1":0,"2":0,"3":0,"4":0,"5":0,"6":0,"7":0,"8":0,"9":0,"10":0,"11":0,"12":0,"13":0,"14":0,"15":0,"16":0,"17":0,"18":0,"19":0,"20":0,"21":0,"22":0,"23":0,"24":0,"25":0,"26":0},"f":{"0":0,"1":0,"2":0,"3":0},"b":{"0":[0,0],"1":[0,0],"2":[0,0],"3":[0,0]},"hash":"69a73dcdfa7af5840007dc8261640bc74fe7713e"}
,"/Users/macbook_pro_i7_512gb/Desktop/Coding/Visma-pra/vite-vue2-starter/src/store/store.js": {"path":"/Users/macbook_pro_i7_512gb/Desktop/Coding/Visma-pra/vite-vue2-starter/src/store/store.js","statementMap":{"0":{"start":{"line":6,"column":0},"end":{"line":6,"column":13}},"1":{"start":{"line":8,"column":21},"end":{"line":35,"column":2}},"2":{"start":{"line":14,"column":6},"end":{"line":14,"column":31}},"3":{"start":{"line":17,"column":6},"end":{"line":17,"column":77}},"4":{"start":{"line":17,"column":57},"end":{"line":17,"column":76}},"5":{"start":{"line":22,"column":23},"end":{"line":22,"column":50}},"6":{"start":{"line":23,"column":6},"end":{"line":24,"column":53}},"7":{"start":{"line":24,"column":8},"end":{"line":24,"column":53}},"8":{"start":{"line":27,"column":6},"end":{"line":27,"column":42}},"9":{"start":{"line":32,"column":6},"end":{"line":32,"column":69}},"10":{"start":{"line":32,"column":46},"end":{"line":32,"column":68}}},"fnMap":{"0":{"name":"(anonymous_0)","decl":{"start":{"line":13,"column":4},"end":{"line":13,"column":5}},"loc":{"start":{"line":13,"column":33},"end":{"line":15,"column":5}},"line":13},"1":{"name":"(anonymous_1)","decl":{"start":{"line":16,"column":4},"end":{"line":16,"column":5}},"loc":{"start":{"line":16,"column":35},"end":{"line":18,"column":5}},"line":16},"2":{"name":"(anonymous_2)","decl":{"start":{"line":17,"column":47},"end":{"line":17,"column":48}},"loc":{"start":{"line":17,"column":57},"end":{"line":17,"column":76}},"line":17},"3":{"name":"(anonymous_3)","decl":{"start":{"line":21,"column":4},"end":{"line":21,"column":5}},"loc":{"start":{"line":21,"column":49},"end":{"line":25,"column":5}},"line":21},"4":{"name":"(anonymous_4)","decl":{"start":{"line":26,"column":4},"end":{"line":26,"column":5}},"loc":{"start":{"line":26,"column":36},"end":{"line":28,"column":5}},"line":26},"5":{"name":"(anonymous_5)","decl":{"start":{"line":31,"column":20},"end":{"line":31,"column":21}},"loc":{"start":{"line":31,"column":31},"end":{"line":33,"column":5}},"line":31},"6":{"name":"(anonymous_6)","decl":{"start":{"line":32,"column":36},"end":{"line":32,"column":37}},"loc":{"start":{"line":32,"column":46},"end":{"line":32,"column":68}},"line":32}},"branchMap":{"0":{"loc":{"start":{"line":23,"column":6},"end":{"line":24,"column":53}},"type":"if","locations":[{"start":{"line":23,"column":6},"end":{"line":24,"column":53}},{"start":{"line":23,"column":6},"end":{"line":24,"column":53}}],"line":23}},"s":{"0":0,"1":0,"2":0,"3":0,"4":0,"5":0,"6":0,"7":0,"8":0,"9":0,"10":0},"f":{"0":0,"1":0,"2":0,"3":0,"4":0,"5":0,"6":0},"b":{"0":[0,0]},"hash":"433e3c225677b74bcc6031b0021b3cd5b48e2977"}
}
