TN:
SF:/Users/macbook_pro_i7_512gb/Desktop/Coding/Visma-pra/vite-vue2-starter/vite.config.js
FN:16,(anonymous_0)
FNF:1
FNH:0
FNDA:0,(anonymous_0)
DA:1,0
DA:4,0
DA:16,0
LF:3
LH:0
BRF:0
BRH:0
end_of_record
TN:
SF:/Users/macbook_pro_i7_512gb/Desktop/Coding/Visma-pra/vite-vue2-starter/coverage/lcov-report/block-navigation.js
FN:2,init
FN:24,toggleClass
FN:31,makeCurrent
FN:41,goToPrevious
FN:52,goToNext
FN:65,jump
FNF:6
FNH:0
FNDA:0,init
FNDA:0,toggleClass
FNDA:0,makeCurrent
FNDA:0,goToPrevious
FNDA:0,goToNext
FNDA:0,jump
DA:2,0
DA:4,0
DA:7,0
DA:10,0
DA:14,0
DA:20,0
DA:25,0
DA:28,0
DA:32,0
DA:33,0
DA:34,0
DA:42,0
DA:43,0
DA:44,0
DA:45,0
DA:46,0
DA:49,0
DA:53,0
DA:55,0
DA:59,0
DA:62,0
DA:65,0
DA:66,0
DA:69,0
DA:70,0
DA:74,0
DA:75,0
DA:79,0
LF:28
LH:0
BRDA:43,0,0,0
BRDA:43,0,1,0
BRDA:43,1,0,0
BRDA:43,1,1,0
BRDA:45,2,0,0
BRDA:45,2,1,0
BRDA:55,3,0,0
BRDA:55,3,1,0
BRDA:56,4,0,0
BRDA:56,4,1,0
BRDA:66,5,0,0
BRDA:66,5,1,0
BRDA:66,5,2,0
BRDA:66,5,3,0
BRDA:66,5,4,0
BRF:15
BRH:0
end_of_record
TN:
SF:/Users/macbook_pro_i7_512gb/Desktop/Coding/Visma-pra/vite-vue2-starter/coverage/lcov-report/prettify.js
FN:2,(anonymous_0)
FN:2,k
FN:2,ab
FN:2,T
FN:2,X
FN:2,(anonymous_5)
FN:2,W
FN:2,(anonymous_7)
FN:2,a
FN:2,aa
FN:2,B
FN:2,o
FN:2,g
FN:2,(anonymous_13)
FN:2,(anonymous_14)
FN:2,i
FN:2,Q
FN:2,ae
FN:2,ad
FN:2,ai
FN:2,D
FN:2,c
FN:2,q
FN:2,d
FN:2,y
FN:2,b
FN:2,Y
FN:2,(anonymous_27)
FN:2,U
FNF:29
FNH:0
FNDA:0,(anonymous_0)
FNDA:0,k
FNDA:0,ab
FNDA:0,T
FNDA:0,X
FNDA:0,(anonymous_5)
FNDA:0,W
FNDA:0,(anonymous_7)
FNDA:0,a
FNDA:0,aa
FNDA:0,B
FNDA:0,o
FNDA:0,g
FNDA:0,(anonymous_13)
FNDA:0,(anonymous_14)
FNDA:0,i
FNDA:0,Q
FNDA:0,ae
FNDA:0,ad
FNDA:0,ai
FNDA:0,D
FNDA:0,c
FNDA:0,q
FNDA:0,d
FNDA:0,y
FNDA:0,b
FNDA:0,Y
FNDA:0,(anonymous_27)
FNDA:0,U
DA:2,0
LF:1
LH:0
BRDA:2,0,0,0
BRDA:2,0,1,0
BRDA:2,1,0,0
BRDA:2,1,1,0
BRDA:2,2,0,0
BRDA:2,2,1,0
BRDA:2,3,0,0
BRDA:2,3,1,0
BRDA:2,4,0,0
BRDA:2,4,1,0
BRDA:2,5,0,0
BRDA:2,5,1,0
BRDA:2,6,0,0
BRDA:2,6,1,0
BRDA:2,7,0,0
BRDA:2,7,1,0
BRDA:2,8,0,0
BRDA:2,8,1,0
BRDA:2,9,0,0
BRDA:2,9,1,0
BRDA:2,10,0,0
BRDA:2,10,1,0
BRDA:2,11,0,0
BRDA:2,11,1,0
BRDA:2,11,2,0
BRDA:2,11,3,0
BRDA:2,12,0,0
BRDA:2,12,1,0
BRDA:2,13,0,0
BRDA:2,13,1,0
BRDA:2,14,0,0
BRDA:2,14,1,0
BRDA:2,15,0,0
BRDA:2,15,1,0
BRDA:2,16,0,0
BRDA:2,16,1,0
BRDA:2,17,0,0
BRDA:2,17,1,0
BRDA:2,18,0,0
BRDA:2,18,1,0
BRDA:2,19,0,0
BRDA:2,19,1,0
BRDA:2,20,0,0
BRDA:2,20,1,0
BRDA:2,21,0,0
BRDA:2,21,1,0
BRDA:2,22,0,0
BRDA:2,22,1,0
BRDA:2,23,0,0
BRDA:2,23,1,0
BRDA:2,24,0,0
BRDA:2,24,1,0
BRDA:2,25,0,0
BRDA:2,25,1,0
BRDA:2,26,0,0
BRDA:2,26,1,0
BRDA:2,27,0,0
BRDA:2,27,1,0
BRDA:2,28,0,0
BRDA:2,28,1,0
BRDA:2,29,0,0
BRDA:2,29,1,0
BRDA:2,30,0,0
BRDA:2,30,1,0
BRDA:2,31,0,0
BRDA:2,31,1,0
BRDA:2,32,0,0
BRDA:2,32,1,0
BRDA:2,33,0,0
BRDA:2,33,1,0
BRDA:2,34,0,0
BRDA:2,34,1,0
BRDA:2,35,0,0
BRDA:2,35,1,0
BRDA:2,36,0,0
BRDA:2,36,1,0
BRDA:2,37,0,0
BRDA:2,37,1,0
BRDA:2,38,0,0
BRDA:2,38,1,0
BRDA:2,39,0,0
BRDA:2,39,1,0
BRDA:2,40,0,0
BRDA:2,40,1,0
BRDA:2,41,0,0
BRDA:2,41,1,0
BRDA:2,42,0,0
BRDA:2,42,1,0
BRDA:2,43,0,0
BRDA:2,43,1,0
BRDA:2,44,0,0
BRDA:2,44,1,0
BRDA:2,45,0,0
BRDA:2,45,1,0
BRDA:2,46,0,0
BRDA:2,46,1,0
BRDA:2,47,0,0
BRDA:2,47,1,0
BRDA:2,48,0,0
BRDA:2,48,1,0
BRDA:2,49,0,0
BRDA:2,49,1,0
BRDA:2,50,0,0
BRDA:2,50,1,0
BRDA:2,50,2,0
BRDA:2,51,0,0
BRDA:2,51,1,0
BRDA:2,52,0,0
BRDA:2,52,1,0
BRDA:2,53,0,0
BRDA:2,53,1,0
BRDA:2,54,0,0
BRDA:2,54,1,0
BRDA:2,55,0,0
BRDA:2,55,1,0
BRDA:2,56,0,0
BRDA:2,56,1,0
BRDA:2,57,0,0
BRDA:2,57,1,0
BRDA:2,58,0,0
BRDA:2,58,1,0
BRDA:2,59,0,0
BRDA:2,59,1,0
BRDA:2,60,0,0
BRDA:2,60,1,0
BRDA:2,61,0,0
BRDA:2,61,1,0
BRDA:2,62,0,0
BRDA:2,62,1,0
BRDA:2,63,0,0
BRDA:2,63,1,0
BRDA:2,64,0,0
BRDA:2,64,1,0
BRDA:2,65,0,0
BRDA:2,65,1,0
BRDA:2,66,0,0
BRDA:2,66,1,0
BRDA:2,67,0,0
BRDA:2,67,1,0
BRDA:2,68,0,0
BRDA:2,68,1,0
BRDA:2,69,0,0
BRDA:2,69,1,0
BRDA:2,70,0,0
BRDA:2,70,1,0
BRDA:2,71,0,0
BRDA:2,71,1,0
BRDA:2,72,0,0
BRDA:2,72,1,0
BRDA:2,73,0,0
BRDA:2,73,1,0
BRDA:2,74,0,0
BRDA:2,74,1,0
BRDA:2,75,0,0
BRDA:2,75,1,0
BRDA:2,76,0,0
BRDA:2,76,1,0
BRDA:2,77,0,0
BRDA:2,77,1,0
BRDA:2,78,0,0
BRDA:2,78,1,0
BRDA:2,79,0,0
BRDA:2,79,1,0
BRDA:2,80,0,0
BRDA:2,80,1,0
BRDA:2,81,0,0
BRDA:2,81,1,0
BRDA:2,82,0,0
BRDA:2,82,1,0
BRDA:2,83,0,0
BRDA:2,83,1,0
BRDA:2,84,0,0
BRDA:2,84,1,0
BRDA:2,85,0,0
BRDA:2,85,1,0
BRDA:2,86,0,0
BRDA:2,86,1,0
BRDA:2,87,0,0
BRDA:2,87,1,0
BRDA:2,88,0,0
BRDA:2,88,1,0
BRDA:2,89,0,0
BRDA:2,89,1,0
BRDA:2,89,2,0
BRDA:2,90,0,0
BRDA:2,90,1,0
BRDA:2,91,0,0
BRDA:2,91,1,0
BRDA:2,92,0,0
BRDA:2,92,1,0
BRDA:2,93,0,0
BRDA:2,93,1,0
BRDA:2,94,0,0
BRDA:2,94,1,0
BRDA:2,95,0,0
BRDA:2,95,1,0
BRDA:2,96,0,0
BRDA:2,96,1,0
BRDA:2,97,0,0
BRDA:2,97,1,0
BRDA:2,98,0,0
BRDA:2,98,1,0
BRDA:2,99,0,0
BRDA:2,99,1,0
BRDA:2,100,0,0
BRDA:2,100,1,0
BRDA:2,101,0,0
BRDA:2,101,1,0
BRDA:2,102,0,0
BRDA:2,102,1,0
BRDA:2,103,0,0
BRDA:2,103,1,0
BRDA:2,104,0,0
BRDA:2,104,1,0
BRDA:2,105,0,0
BRDA:2,105,1,0
BRDA:2,106,0,0
BRDA:2,106,1,0
BRDA:2,107,0,0
BRDA:2,107,1,0
BRDA:2,108,0,0
BRDA:2,108,1,0
BRDA:2,109,0,0
BRDA:2,109,1,0
BRDA:2,110,0,0
BRDA:2,110,1,0
BRDA:2,111,0,0
BRDA:2,111,1,0
BRDA:2,112,0,0
BRDA:2,112,1,0
BRDA:2,113,0,0
BRDA:2,113,1,0
BRDA:2,114,0,0
BRDA:2,114,1,0
BRDA:2,115,0,0
BRDA:2,115,1,0
BRDA:2,116,0,0
BRDA:2,116,1,0
BRDA:2,117,0,0
BRDA:2,117,1,0
BRDA:2,118,0,0
BRDA:2,118,1,0
BRDA:2,119,0,0
BRDA:2,119,1,0
BRDA:2,120,0,0
BRDA:2,120,1,0
BRDA:2,121,0,0
BRDA:2,121,1,0
BRDA:2,122,0,0
BRDA:2,122,1,0
BRDA:2,123,0,0
BRDA:2,123,1,0
BRDA:2,124,0,0
BRDA:2,124,1,0
BRDA:2,125,0,0
BRDA:2,125,1,0
BRDA:2,126,0,0
BRDA:2,126,1,0
BRDA:2,127,0,0
BRDA:2,127,1,0
BRDA:2,128,0,0
BRDA:2,128,1,0
BRDA:2,128,2,0
BRDA:2,129,0,0
BRDA:2,129,1,0
BRDA:2,130,0,0
BRDA:2,130,1,0
BRDA:2,131,0,0
BRDA:2,131,1,0
BRDA:2,131,2,0
BRDA:2,131,3,0
BRDA:2,131,4,0
BRDA:2,132,0,0
BRDA:2,132,1,0
BRDA:2,133,0,0
BRDA:2,133,1,0
BRDA:2,134,0,0
BRDA:2,134,1,0
BRDA:2,135,0,0
BRDA:2,135,1,0
BRDA:2,136,0,0
BRDA:2,136,1,0
BRDA:2,137,0,0
BRDA:2,137,1,0
BRDA:2,138,0,0
BRDA:2,138,1,0
BRF:286
BRH:0
end_of_record
TN:
SF:/Users/macbook_pro_i7_512gb/Desktop/Coding/Visma-pra/vite-vue2-starter/coverage/lcov-report/sorter.js
FN:2,(anonymous_0)
FN:11,getTable
FN:15,getTableHeader
FN:19,getTableBody
FN:23,getNthColumn
FN:28,loadColumns
FN:53,loadRowData
FN:72,loadData
FN:81,sortByIndex
FN:83,(anonymous_9)
FN:95,(anonymous_10)
FN:112,removeSortIndicators
FN:120,addSortIndicators
FN:126,enableUI
FN:129,ithSorter
FN:132,(anonymous_15)
FN:159,(anonymous_16)
FNF:17
FNH:0
FNDA:0,(anonymous_0)
FNDA:0,getTable
FNDA:0,getTableHeader
FNDA:0,getTableBody
FNDA:0,getNthColumn
FNDA:0,loadColumns
FNDA:0,loadRowData
FNDA:0,loadData
FNDA:0,sortByIndex
FNDA:0,(anonymous_9)
FNDA:0,(anonymous_10)
FNDA:0,removeSortIndicators
FNDA:0,addSortIndicators
FNDA:0,enableUI
FNDA:0,ithSorter
FNDA:0,(anonymous_15)
FNDA:0,(anonymous_16)
DA:2,0
DA:5,0
DA:12,0
DA:16,0
DA:20,0
DA:24,0
DA:29,0
DA:31,0
DA:35,0
DA:36,0
DA:37,0
DA:42,0
DA:43,0
DA:44,0
DA:45,0
DA:49,0
DA:54,0
DA:57,0
DA:60,0
DA:61,0
DA:62,0
DA:63,0
DA:64,0
DA:65,0
DA:67,0
DA:69,0
DA:73,0
DA:76,0
DA:77,0
DA:82,0
DA:83,0
DA:84,0
DA:85,0
DA:86,0
DA:88,0
DA:89,0
DA:90,0
DA:91,0
DA:94,0
DA:95,0
DA:96,0
DA:100,0
DA:101,0
DA:102,0
DA:105,0
DA:107,0
DA:108,0
DA:113,0
DA:114,0
DA:116,0
DA:117,0
DA:121,0
DA:129,0
DA:130,0
DA:132,0
DA:133,0
DA:135,0
DA:136,0
DA:138,0
DA:139,0
DA:140,0
DA:141,0
DA:142,0
DA:145,0
DA:146,0
DA:149,0
DA:150,0
DA:151,0
DA:153,0
DA:159,0
DA:160,0
DA:161,0
DA:163,0
DA:164,0
DA:165,0
DA:166,0
DA:170,0
LF:77
LH:0
BRDA:40,0,0,0
BRDA:40,0,1,0
BRDA:43,1,0,0
BRDA:43,1,1,0
BRDA:64,2,0,0
BRDA:64,2,1,0
BRDA:86,3,0,0
BRDA:86,3,1,0
BRDA:86,4,0,0
BRDA:86,4,1,0
BRDA:94,5,0,0
BRDA:94,5,1,0
BRDA:121,6,0,0
BRDA:121,6,1,0
BRDA:135,7,0,0
BRDA:135,7,1,0
BRDA:146,8,0,0
BRDA:146,8,1,0
BRDA:150,9,0,0
BRDA:150,9,1,0
BRDA:160,10,0,0
BRDA:160,10,1,0
BRF:22
BRH:0
end_of_record
TN:
SF:/Users/macbook_pro_i7_512gb/Desktop/Coding/Visma-pra/vite-vue2-starter/dist/assets/index.f9a27888.js
FN:1,(anonymous_0)
FN:1,(anonymous_1)
FN:1,(anonymous_2)
FN:1,(anonymous_3)
FN:1,(anonymous_4)
FN:1,(anonymous_5)
FN:1,t
FN:1,(anonymous_7)
FN:1,(anonymous_8)
FN:1,(anonymous_9)
FN:1,(anonymous_10)
FN:1,(anonymous_11)
FN:1,(anonymous_12)
FN:1,(anonymous_13)
FN:1,(anonymous_14)
FN:1,(anonymous_15)
FN:1,(anonymous_16)
FN:1,(anonymous_17)
FN:1,(anonymous_18)
FNF:19
FNH:0
FNDA:0,(anonymous_0)
FNDA:0,(anonymous_1)
FNDA:0,(anonymous_2)
FNDA:0,(anonymous_3)
FNDA:0,(anonymous_4)
FNDA:0,(anonymous_5)
FNDA:0,t
FNDA:0,(anonymous_7)
FNDA:0,(anonymous_8)
FNDA:0,(anonymous_9)
FNDA:0,(anonymous_10)
FNDA:0,(anonymous_11)
FNDA:0,(anonymous_12)
FNDA:0,(anonymous_13)
FNDA:0,(anonymous_14)
FNDA:0,(anonymous_15)
FNDA:0,(anonymous_16)
FNDA:0,(anonymous_17)
FNDA:0,(anonymous_18)
DA:1,0
LF:1
LH:0
BRDA:1,0,0,0
BRDA:1,1,0,0
BRDA:1,2,0,0
BRDA:1,2,1,0
BRDA:1,3,0,0
BRDA:1,3,1,0
BRDA:1,4,0,0
BRDA:1,4,1,0
BRDA:1,5,0,0
BRDA:1,5,1,0
BRDA:1,6,0,0
BRDA:1,6,1,0
BRDA:1,7,0,0
BRDA:1,7,1,0
BRDA:1,8,0,0
BRDA:1,8,1,0
BRDA:1,9,0,0
BRDA:1,9,1,0
BRDA:1,9,2,0
BRDA:1,10,0,0
BRDA:1,10,1,0
BRDA:1,10,2,0
BRDA:1,10,3,0
BRDA:1,10,4,0
BRDA:1,10,5,0
BRDA:1,11,0,0
BRDA:1,11,1,0
BRDA:1,12,0,0
BRDA:1,12,1,0
BRDA:1,12,2,0
BRDA:1,13,0,0
BRDA:1,13,1,0
BRDA:1,14,0,0
BRDA:1,14,1,0
BRDA:1,15,0,0
BRDA:1,15,1,0
BRDA:1,16,0,0
BRDA:1,16,1,0
BRDA:1,17,0,0
BRDA:1,17,1,0
BRDA:1,18,0,0
BRDA:1,18,1,0
BRDA:1,19,0,0
BRDA:1,19,1,0
BRDA:1,20,0,0
BRDA:1,20,1,0
BRDA:1,21,0,0
BRDA:1,21,1,0
BRF:48
BRH:0
end_of_record
TN:
SF:/Users/macbook_pro_i7_512gb/Desktop/Coding/Visma-pra/vite-vue2-starter/dist/assets/vendor.5ef5a750.js
FN:6,e
FN:6,n
FN:6,r
FN:6,o
FN:6,i
FN:6,s
FN:6,c
FN:6,u
FN:6,l
FN:6,f
FN:6,p
FN:6,(anonymous_11)
FN:6,(anonymous_12)
FN:6,v
FN:6,m
FN:6,y
FN:6,(anonymous_16)
FN:6,(anonymous_17)
FN:6,(anonymous_18)
FN:6,(anonymous_19)
FN:6,(anonymous_20)
FN:6,(anonymous_21)
FN:6,(anonymous_22)
FN:6,n
FN:6,A
FN:6,x
FN:6,O
FN:6,k
FN:6,(anonymous_28)
FN:6,(anonymous_29)
FN:6,j
FN:6,(anonymous_31)
FN:6,(anonymous_32)
FN:6,T
FN:6,I
FN:6,(anonymous_35)
FN:6,L
FN:6,M
FN:6,(anonymous_38)
FN:6,(anonymous_39)
FN:6,et
FN:6,(anonymous_41)
FN:6,t
FN:6,(anonymous_43)
FN:6,(anonymous_44)
FN:6,(anonymous_45)
FN:6,(anonymous_46)
FN:6,(anonymous_47)
FN:6,(anonymous_48)
FN:6,(anonymous_49)
FN:6,(anonymous_50)
FN:6,ct
FN:6,ut
FN:6,(anonymous_53)
FN:6,(anonymous_54)
FN:6,(anonymous_55)
FN:6,dt
FN:6,vt
FN:6,(anonymous_58)
FN:6,(anonymous_59)
FN:6,_t
FN:6,(anonymous_61)
FN:6,(anonymous_62)
FN:6,Ct
FN:6,$t
FN:6,(anonymous_65)
FN:6,(anonymous_66)
FN:6,wt
FN:6,At
FN:6,xt
FN:6,(anonymous_70)
FN:6,(anonymous_71)
FN:6,kt
FN:6,St
FN:6,(anonymous_74)
FN:6,(anonymous_75)
FN:6,Et
FN:6,(anonymous_77)
FN:6,jt
FN:6,(anonymous_79)
FN:6,(anonymous_80)
FN:6,(anonymous_81)
FN:6,(anonymous_82)
FN:6,(anonymous_83)
FN:6,(anonymous_84)
FN:6,It
FN:6,(anonymous_86)
FN:6,(anonymous_87)
FN:6,(anonymous_88)
FN:6,c
FN:6,Dt
FN:6,Nt
FN:6,(anonymous_92)
FN:6,Pt
FN:6,Lt
FN:6,Mt
FN:6,Ft
FN:6,Rt
FN:6,(anonymous_98)
FN:6,Ut
FN:6,Vt
FN:6,qt
FN:6,(anonymous_102)
FN:6,(anonymous_103)
FN:6,(anonymous_104)
FN:6,(anonymous_105)
FN:6,Jt
FN:6,(anonymous_107)
FN:6,(anonymous_108)
FN:6,Yt
FN:6,te
FN:6,(anonymous_111)
FN:6,ne
FN:6,n
FN:6,re
FN:6,oe
FN:6,c
FN:6,ie
FN:6,ae
FN:6,se
FN:6,ce
FN:6,ue
FN:6,le
FN:6,fe
FN:6,pe
FN:6,de
FN:6,(anonymous_126)
FN:6,ve
FN:6,(anonymous_128)
FN:6,he
FN:6,me
FN:6,ye
FN:6,ge
FN:6,_e
FN:6,be
FN:6,(anonymous_135)
FN:6,(anonymous_136)
FN:6,Ce
FN:6,$e
FN:6,we
FN:6,Ae
FN:6,xe
FN:6,Oe
FN:6,ke
FN:6,Se
FN:6,Ee
FN:6,je
FN:6,(anonymous_147)
FN:6,(anonymous_148)
FN:6,(anonymous_149)
FN:6,(anonymous_150)
FN:6,Te
FN:6,Ie
FN:6,(anonymous_153)
FN:6,(anonymous_154)
FN:6,(anonymous_155)
FN:6,(anonymous_156)
FN:6,(anonymous_157)
FN:6,(anonymous_158)
FN:6,Pe
FN:6,(anonymous_160)
FN:6,(anonymous_161)
FN:6,(anonymous_162)
FN:6,(anonymous_163)
FN:6,(anonymous_164)
FN:6,(anonymous_165)
FN:6,(anonymous_166)
FN:6,(anonymous_167)
FN:6,(anonymous_168)
FN:6,(anonymous_169)
FN:6,(anonymous_170)
FN:6,(anonymous_171)
FN:6,Le
FN:6,(anonymous_173)
FN:6,Me
FN:6,(anonymous_175)
FN:6,(anonymous_176)
FN:6,(anonymous_177)
FN:6,Fe
FN:6,Ve
FN:6,Be
FN:6,He
FN:6,ze
FN:6,We
FN:6,qe
FN:6,r
FN:6,Ke
FN:6,Ge
FN:6,(anonymous_188)
FN:6,Ze
FN:6,Je
FN:6,Qe
FN:6,Ye
FN:6,(anonymous_193)
FN:6,ln
FN:6,(anonymous_195)
FN:6,(anonymous_196)
FN:6,(anonymous_197)
FN:6,(anonymous_198)
FN:6,(anonymous_199)
FN:6,(anonymous_200)
FN:6,(anonymous_201)
FN:6,(anonymous_202)
FN:6,(anonymous_203)
FN:6,(anonymous_204)
FN:6,(anonymous_205)
FN:6,(anonymous_206)
FN:6,(anonymous_207)
FN:6,(anonymous_208)
FN:6,(anonymous_209)
FN:6,vn
FN:6,(anonymous_211)
FN:6,(anonymous_212)
FN:6,hn
FN:6,(anonymous_214)
FN:6,(anonymous_215)
FN:6,(anonymous_216)
FN:6,(anonymous_217)
FN:6,(anonymous_218)
FN:6,(anonymous_219)
FN:6,(anonymous_220)
FN:6,yn
FN:6,gn
FN:6,(anonymous_223)
FN:6,_n
FN:6,(anonymous_225)
FN:6,bn
FN:6,$n
FN:6,(anonymous_228)
FN:6,wn
FN:6,An
FN:6,(anonymous_231)
FN:6,(anonymous_232)
FN:6,(anonymous_233)
FN:6,(anonymous_234)
FN:6,(anonymous_235)
FN:6,xn
FN:6,On
FN:6,kn
FN:6,Sn
FN:6,(anonymous_240)
FN:6,(anonymous_241)
FN:6,(anonymous_242)
FN:6,(anonymous_243)
FN:6,(anonymous_244)
FN:6,(anonymous_245)
FN:6,(anonymous_246)
FN:6,(anonymous_247)
FN:6,(anonymous_248)
FN:6,(anonymous_249)
FN:6,(anonymous_250)
FN:6,(anonymous_251)
FN:6,(anonymous_252)
FN:6,(anonymous_253)
FN:6,(anonymous_254)
FN:6,(anonymous_255)
FN:6,(anonymous_256)
FN:6,(anonymous_257)
FN:6,r
FN:6,(anonymous_259)
FN:6,(anonymous_260)
FN:6,(anonymous_261)
FN:6,(anonymous_262)
FN:6,(anonymous_263)
FN:6,(anonymous_264)
FN:6,(anonymous_265)
FN:6,(anonymous_266)
FN:6,(anonymous_267)
FN:6,(anonymous_268)
FN:6,(anonymous_269)
FN:6,(anonymous_270)
FN:6,(anonymous_271)
FN:6,(anonymous_272)
FN:6,(anonymous_273)
FN:6,(anonymous_274)
FN:6,(anonymous_275)
FN:6,(anonymous_276)
FN:6,(anonymous_277)
FN:6,(anonymous_278)
FN:6,(anonymous_279)
FN:6,(anonymous_280)
FN:6,(anonymous_281)
FN:6,(anonymous_282)
FN:6,(anonymous_283)
FN:6,(anonymous_284)
FN:6,(anonymous_285)
FN:6,(anonymous_286)
FN:6,(anonymous_287)
FN:6,(anonymous_288)
FN:6,(anonymous_289)
FN:6,(anonymous_290)
FN:6,Un
FN:6,(anonymous_292)
FN:6,Vn
FN:6,Bn
FN:6,Hn
FN:6,(anonymous_296)
FN:6,(anonymous_297)
FN:6,(anonymous_298)
FN:6,(anonymous_299)
FN:6,(anonymous_300)
FN:6,(anonymous_301)
FN:6,(anonymous_302)
FN:6,(anonymous_303)
FN:6,(anonymous_304)
FN:6,(anonymous_305)
FN:6,(anonymous_306)
FN:6,(anonymous_307)
FN:6,(anonymous_308)
FN:6,(anonymous_309)
FN:6,(anonymous_310)
FN:6,(anonymous_311)
FN:6,(anonymous_312)
FN:6,(anonymous_313)
FN:6,Qn
FN:6,er
FN:6,(anonymous_316)
FN:6,nr
FN:6,(anonymous_318)
FN:6,or
FN:6,(anonymous_320)
FN:6,(anonymous_321)
FN:6,(anonymous_322)
FN:6,ar
FN:6,sr
FN:6,cr
FN:6,lr
FN:6,fr
FN:6,(anonymous_328)
FN:6,pr
FN:6,(anonymous_330)
FN:6,vr
FN:6,yr
FN:6,o
FN:6,_r
FN:6,(anonymous_335)
FN:6,br
FN:6,Cr
FN:6,(anonymous_338)
FN:6,Ar
FN:6,xr
FN:6,(anonymous_341)
FN:6,(anonymous_342)
FN:6,(anonymous_343)
FN:6,(anonymous_344)
FN:6,Sr
FN:6,Er
FN:6,(anonymous_347)
FN:6,(anonymous_348)
FN:6,Lr
FN:6,(anonymous_350)
FN:6,Rr
FN:6,(anonymous_352)
FN:6,Ur
FN:6,(anonymous_354)
FN:6,Vr
FN:6,(anonymous_356)
FN:6,(anonymous_357)
FN:6,Gr
FN:6,(anonymous_359)
FN:6,Zr
FN:6,Jr
FN:6,Qr
FN:6,(anonymous_363)
FN:6,(anonymous_364)
FN:6,(anonymous_365)
FN:6,to
FN:6,eo
FN:6,(anonymous_368)
FN:6,no
FN:6,ro
FN:6,(anonymous_371)
FN:6,(anonymous_372)
FN:6,(anonymous_373)
FN:6,oo
FN:6,(anonymous_375)
FN:6,w
FN:6,(anonymous_377)
FN:6,io
FN:6,ao
FN:6,so
FN:6,(anonymous_381)
FN:6,l
FN:6,f
FN:6,(anonymous_384)
FN:6,(anonymous_385)
FN:6,d
FN:6,v
FN:6,h
FN:6,m
FN:6,y
FN:6,g
FN:6,_
FN:6,b
FN:6,C
FN:6,$
FN:6,(anonymous_396)
FN:6,n
FN:6,w
FN:6,A
FN:6,(anonymous_400)
FN:6,x
FN:6,k
FN:6,(anonymous_403)
FN:6,(anonymous_404)
FN:6,(anonymous_405)
FN:6,(anonymous_406)
FN:6,(anonymous_407)
FN:6,(anonymous_408)
FN:6,(anonymous_409)
FN:6,(anonymous_410)
FN:6,lo
FN:6,(anonymous_412)
FN:6,fo
FN:6,po
FN:6,(anonymous_415)
FN:6,vo
FN:6,ho
FN:6,mo
FN:6,yo
FN:6,go
FN:6,(anonymous_421)
FN:6,(anonymous_422)
FN:6,(anonymous_423)
FN:6,(anonymous_424)
FN:6,(anonymous_425)
FN:6,(anonymous_426)
FN:6,Co
FN:6,$o
FN:6,wo
FN:6,(anonymous_430)
FN:6,(anonymous_431)
FN:6,(anonymous_432)
FN:6,(anonymous_433)
FN:6,(anonymous_434)
FN:6,(anonymous_435)
FN:6,(anonymous_436)
FN:6,(anonymous_437)
FN:6,So
FN:6,Eo
FN:6,jo
FN:6,(anonymous_441)
FN:6,(anonymous_442)
FN:6,(anonymous_443)
FN:6,(anonymous_444)
FN:6,(anonymous_445)
FN:6,t
FN:6,(anonymous_447)
FN:6,(anonymous_448)
FN:6,(anonymous_449)
FN:6,(anonymous_450)
FN:6,(anonymous_451)
FN:6,(anonymous_452)
FN:6,(anonymous_453)
FN:6,(anonymous_454)
FN:6,(anonymous_455)
FN:6,(anonymous_456)
FN:6,(anonymous_457)
FNF:458
FNH:0
FNDA:0,e
FNDA:0,n
FNDA:0,r
FNDA:0,o
FNDA:0,i
FNDA:0,s
FNDA:0,c
FNDA:0,u
FNDA:0,l
FNDA:0,f
FNDA:0,p
FNDA:0,(anonymous_11)
FNDA:0,(anonymous_12)
FNDA:0,v
FNDA:0,m
FNDA:0,y
FNDA:0,(anonymous_16)
FNDA:0,(anonymous_17)
FNDA:0,(anonymous_18)
FNDA:0,(anonymous_19)
FNDA:0,(anonymous_20)
FNDA:0,(anonymous_21)
FNDA:0,(anonymous_22)
FNDA:0,n
FNDA:0,A
FNDA:0,x
FNDA:0,O
FNDA:0,k
FNDA:0,(anonymous_28)
FNDA:0,(anonymous_29)
FNDA:0,j
FNDA:0,(anonymous_31)
FNDA:0,(anonymous_32)
FNDA:0,T
FNDA:0,I
FNDA:0,(anonymous_35)
FNDA:0,L
FNDA:0,M
FNDA:0,(anonymous_38)
FNDA:0,(anonymous_39)
FNDA:0,et
FNDA:0,(anonymous_41)
FNDA:0,t
FNDA:0,(anonymous_43)
FNDA:0,(anonymous_44)
FNDA:0,(anonymous_45)
FNDA:0,(anonymous_46)
FNDA:0,(anonymous_47)
FNDA:0,(anonymous_48)
FNDA:0,(anonymous_49)
FNDA:0,(anonymous_50)
FNDA:0,ct
FNDA:0,ut
FNDA:0,(anonymous_53)
FNDA:0,(anonymous_54)
FNDA:0,(anonymous_55)
FNDA:0,dt
FNDA:0,vt
FNDA:0,(anonymous_58)
FNDA:0,(anonymous_59)
FNDA:0,_t
FNDA:0,(anonymous_61)
FNDA:0,(anonymous_62)
FNDA:0,Ct
FNDA:0,$t
FNDA:0,(anonymous_65)
FNDA:0,(anonymous_66)
FNDA:0,wt
FNDA:0,At
FNDA:0,xt
FNDA:0,(anonymous_70)
FNDA:0,(anonymous_71)
FNDA:0,kt
FNDA:0,St
FNDA:0,(anonymous_74)
FNDA:0,(anonymous_75)
FNDA:0,Et
FNDA:0,(anonymous_77)
FNDA:0,jt
FNDA:0,(anonymous_79)
FNDA:0,(anonymous_80)
FNDA:0,(anonymous_81)
FNDA:0,(anonymous_82)
FNDA:0,(anonymous_83)
FNDA:0,(anonymous_84)
FNDA:0,It
FNDA:0,(anonymous_86)
FNDA:0,(anonymous_87)
FNDA:0,(anonymous_88)
FNDA:0,c
FNDA:0,Dt
FNDA:0,Nt
FNDA:0,(anonymous_92)
FNDA:0,Pt
FNDA:0,Lt
FNDA:0,Mt
FNDA:0,Ft
FNDA:0,Rt
FNDA:0,(anonymous_98)
FNDA:0,Ut
FNDA:0,Vt
FNDA:0,qt
FNDA:0,(anonymous_102)
FNDA:0,(anonymous_103)
FNDA:0,(anonymous_104)
FNDA:0,(anonymous_105)
FNDA:0,Jt
FNDA:0,(anonymous_107)
FNDA:0,(anonymous_108)
FNDA:0,Yt
FNDA:0,te
FNDA:0,(anonymous_111)
FNDA:0,ne
FNDA:0,n
FNDA:0,re
FNDA:0,oe
FNDA:0,c
FNDA:0,ie
FNDA:0,ae
FNDA:0,se
FNDA:0,ce
FNDA:0,ue
FNDA:0,le
FNDA:0,fe
FNDA:0,pe
FNDA:0,de
FNDA:0,(anonymous_126)
FNDA:0,ve
FNDA:0,(anonymous_128)
FNDA:0,he
FNDA:0,me
FNDA:0,ye
FNDA:0,ge
FNDA:0,_e
FNDA:0,be
FNDA:0,(anonymous_135)
FNDA:0,(anonymous_136)
FNDA:0,Ce
FNDA:0,$e
FNDA:0,we
FNDA:0,Ae
FNDA:0,xe
FNDA:0,Oe
FNDA:0,ke
FNDA:0,Se
FNDA:0,Ee
FNDA:0,je
FNDA:0,(anonymous_147)
FNDA:0,(anonymous_148)
FNDA:0,(anonymous_149)
FNDA:0,(anonymous_150)
FNDA:0,Te
FNDA:0,Ie
FNDA:0,(anonymous_153)
FNDA:0,(anonymous_154)
FNDA:0,(anonymous_155)
FNDA:0,(anonymous_156)
FNDA:0,(anonymous_157)
FNDA:0,(anonymous_158)
FNDA:0,Pe
FNDA:0,(anonymous_160)
FNDA:0,(anonymous_161)
FNDA:0,(anonymous_162)
FNDA:0,(anonymous_163)
FNDA:0,(anonymous_164)
FNDA:0,(anonymous_165)
FNDA:0,(anonymous_166)
FNDA:0,(anonymous_167)
FNDA:0,(anonymous_168)
FNDA:0,(anonymous_169)
FNDA:0,(anonymous_170)
FNDA:0,(anonymous_171)
FNDA:0,Le
FNDA:0,(anonymous_173)
FNDA:0,Me
FNDA:0,(anonymous_175)
FNDA:0,(anonymous_176)
FNDA:0,(anonymous_177)
FNDA:0,Fe
FNDA:0,Ve
FNDA:0,Be
FNDA:0,He
FNDA:0,ze
FNDA:0,We
FNDA:0,qe
FNDA:0,r
FNDA:0,Ke
FNDA:0,Ge
FNDA:0,(anonymous_188)
FNDA:0,Ze
FNDA:0,Je
FNDA:0,Qe
FNDA:0,Ye
FNDA:0,(anonymous_193)
FNDA:0,ln
FNDA:0,(anonymous_195)
FNDA:0,(anonymous_196)
FNDA:0,(anonymous_197)
FNDA:0,(anonymous_198)
FNDA:0,(anonymous_199)
FNDA:0,(anonymous_200)
FNDA:0,(anonymous_201)
FNDA:0,(anonymous_202)
FNDA:0,(anonymous_203)
FNDA:0,(anonymous_204)
FNDA:0,(anonymous_205)
FNDA:0,(anonymous_206)
FNDA:0,(anonymous_207)
FNDA:0,(anonymous_208)
FNDA:0,(anonymous_209)
FNDA:0,vn
FNDA:0,(anonymous_211)
FNDA:0,(anonymous_212)
FNDA:0,hn
FNDA:0,(anonymous_214)
FNDA:0,(anonymous_215)
FNDA:0,(anonymous_216)
FNDA:0,(anonymous_217)
FNDA:0,(anonymous_218)
FNDA:0,(anonymous_219)
FNDA:0,(anonymous_220)
FNDA:0,yn
FNDA:0,gn
FNDA:0,(anonymous_223)
FNDA:0,_n
FNDA:0,(anonymous_225)
FNDA:0,bn
FNDA:0,$n
FNDA:0,(anonymous_228)
FNDA:0,wn
FNDA:0,An
FNDA:0,(anonymous_231)
FNDA:0,(anonymous_232)
FNDA:0,(anonymous_233)
FNDA:0,(anonymous_234)
FNDA:0,(anonymous_235)
FNDA:0,xn
FNDA:0,On
FNDA:0,kn
FNDA:0,Sn
FNDA:0,(anonymous_240)
FNDA:0,(anonymous_241)
FNDA:0,(anonymous_242)
FNDA:0,(anonymous_243)
FNDA:0,(anonymous_244)
FNDA:0,(anonymous_245)
FNDA:0,(anonymous_246)
FNDA:0,(anonymous_247)
FNDA:0,(anonymous_248)
FNDA:0,(anonymous_249)
FNDA:0,(anonymous_250)
FNDA:0,(anonymous_251)
FNDA:0,(anonymous_252)
FNDA:0,(anonymous_253)
FNDA:0,(anonymous_254)
FNDA:0,(anonymous_255)
FNDA:0,(anonymous_256)
FNDA:0,(anonymous_257)
FNDA:0,r
FNDA:0,(anonymous_259)
FNDA:0,(anonymous_260)
FNDA:0,(anonymous_261)
FNDA:0,(anonymous_262)
FNDA:0,(anonymous_263)
FNDA:0,(anonymous_264)
FNDA:0,(anonymous_265)
FNDA:0,(anonymous_266)
FNDA:0,(anonymous_267)
FNDA:0,(anonymous_268)
FNDA:0,(anonymous_269)
FNDA:0,(anonymous_270)
FNDA:0,(anonymous_271)
FNDA:0,(anonymous_272)
FNDA:0,(anonymous_273)
FNDA:0,(anonymous_274)
FNDA:0,(anonymous_275)
FNDA:0,(anonymous_276)
FNDA:0,(anonymous_277)
FNDA:0,(anonymous_278)
FNDA:0,(anonymous_279)
FNDA:0,(anonymous_280)
FNDA:0,(anonymous_281)
FNDA:0,(anonymous_282)
FNDA:0,(anonymous_283)
FNDA:0,(anonymous_284)
FNDA:0,(anonymous_285)
FNDA:0,(anonymous_286)
FNDA:0,(anonymous_287)
FNDA:0,(anonymous_288)
FNDA:0,(anonymous_289)
FNDA:0,(anonymous_290)
FNDA:0,Un
FNDA:0,(anonymous_292)
FNDA:0,Vn
FNDA:0,Bn
FNDA:0,Hn
FNDA:0,(anonymous_296)
FNDA:0,(anonymous_297)
FNDA:0,(anonymous_298)
FNDA:0,(anonymous_299)
FNDA:0,(anonymous_300)
FNDA:0,(anonymous_301)
FNDA:0,(anonymous_302)
FNDA:0,(anonymous_303)
FNDA:0,(anonymous_304)
FNDA:0,(anonymous_305)
FNDA:0,(anonymous_306)
FNDA:0,(anonymous_307)
FNDA:0,(anonymous_308)
FNDA:0,(anonymous_309)
FNDA:0,(anonymous_310)
FNDA:0,(anonymous_311)
FNDA:0,(anonymous_312)
FNDA:0,(anonymous_313)
FNDA:0,Qn
FNDA:0,er
FNDA:0,(anonymous_316)
FNDA:0,nr
FNDA:0,(anonymous_318)
FNDA:0,or
FNDA:0,(anonymous_320)
FNDA:0,(anonymous_321)
FNDA:0,(anonymous_322)
FNDA:0,ar
FNDA:0,sr
FNDA:0,cr
FNDA:0,lr
FNDA:0,fr
FNDA:0,(anonymous_328)
FNDA:0,pr
FNDA:0,(anonymous_330)
FNDA:0,vr
FNDA:0,yr
FNDA:0,o
FNDA:0,_r
FNDA:0,(anonymous_335)
FNDA:0,br
FNDA:0,Cr
FNDA:0,(anonymous_338)
FNDA:0,Ar
FNDA:0,xr
FNDA:0,(anonymous_341)
FNDA:0,(anonymous_342)
FNDA:0,(anonymous_343)
FNDA:0,(anonymous_344)
FNDA:0,Sr
FNDA:0,Er
FNDA:0,(anonymous_347)
FNDA:0,(anonymous_348)
FNDA:0,Lr
FNDA:0,(anonymous_350)
FNDA:0,Rr
FNDA:0,(anonymous_352)
FNDA:0,Ur
FNDA:0,(anonymous_354)
FNDA:0,Vr
FNDA:0,(anonymous_356)
FNDA:0,(anonymous_357)
FNDA:0,Gr
FNDA:0,(anonymous_359)
FNDA:0,Zr
FNDA:0,Jr
FNDA:0,Qr
FNDA:0,(anonymous_363)
FNDA:0,(anonymous_364)
FNDA:0,(anonymous_365)
FNDA:0,to
FNDA:0,eo
FNDA:0,(anonymous_368)
FNDA:0,no
FNDA:0,ro
FNDA:0,(anonymous_371)
FNDA:0,(anonymous_372)
FNDA:0,(anonymous_373)
FNDA:0,oo
FNDA:0,(anonymous_375)
FNDA:0,w
FNDA:0,(anonymous_377)
FNDA:0,io
FNDA:0,ao
FNDA:0,so
FNDA:0,(anonymous_381)
FNDA:0,l
FNDA:0,f
FNDA:0,(anonymous_384)
FNDA:0,(anonymous_385)
FNDA:0,d
FNDA:0,v
FNDA:0,h
FNDA:0,m
FNDA:0,y
FNDA:0,g
FNDA:0,_
FNDA:0,b
FNDA:0,C
FNDA:0,$
FNDA:0,(anonymous_396)
FNDA:0,n
FNDA:0,w
FNDA:0,A
FNDA:0,(anonymous_400)
FNDA:0,x
FNDA:0,k
FNDA:0,(anonymous_403)
FNDA:0,(anonymous_404)
FNDA:0,(anonymous_405)
FNDA:0,(anonymous_406)
FNDA:0,(anonymous_407)
FNDA:0,(anonymous_408)
FNDA:0,(anonymous_409)
FNDA:0,(anonymous_410)
FNDA:0,lo
FNDA:0,(anonymous_412)
FNDA:0,fo
FNDA:0,po
FNDA:0,(anonymous_415)
FNDA:0,vo
FNDA:0,ho
FNDA:0,mo
FNDA:0,yo
FNDA:0,go
FNDA:0,(anonymous_421)
FNDA:0,(anonymous_422)
FNDA:0,(anonymous_423)
FNDA:0,(anonymous_424)
FNDA:0,(anonymous_425)
FNDA:0,(anonymous_426)
FNDA:0,Co
FNDA:0,$o
FNDA:0,wo
FNDA:0,(anonymous_430)
FNDA:0,(anonymous_431)
FNDA:0,(anonymous_432)
FNDA:0,(anonymous_433)
FNDA:0,(anonymous_434)
FNDA:0,(anonymous_435)
FNDA:0,(anonymous_436)
FNDA:0,(anonymous_437)
FNDA:0,So
FNDA:0,Eo
FNDA:0,jo
FNDA:0,(anonymous_441)
FNDA:0,(anonymous_442)
FNDA:0,(anonymous_443)
FNDA:0,(anonymous_444)
FNDA:0,(anonymous_445)
FNDA:0,t
FNDA:0,(anonymous_447)
FNDA:0,(anonymous_448)
FNDA:0,(anonymous_449)
FNDA:0,(anonymous_450)
FNDA:0,(anonymous_451)
FNDA:0,(anonymous_452)
FNDA:0,(anonymous_453)
FNDA:0,(anonymous_454)
FNDA:0,(anonymous_455)
FNDA:0,(anonymous_456)
FNDA:0,(anonymous_457)
DA:6,0
LF:1
LH:0
BRDA:6,0,0,0
BRDA:6,0,1,0
BRDA:6,0,2,0
BRDA:6,0,3,0
BRDA:6,1,0,0
BRDA:6,1,1,0
BRDA:6,2,0,0
BRDA:6,2,1,0
BRDA:6,2,2,0
BRDA:6,3,0,0
BRDA:6,3,1,0
BRDA:6,3,2,0
BRDA:6,4,0,0
BRDA:6,4,1,0
BRDA:6,5,0,0
BRDA:6,5,1,0
BRDA:6,6,0,0
BRDA:6,6,1,0
BRDA:6,6,2,0
BRDA:6,7,0,0
BRDA:6,7,1,0
BRDA:6,8,0,0
BRDA:6,8,1,0
BRDA:6,9,0,0
BRDA:6,9,1,0
BRDA:6,10,0,0
BRDA:6,10,1,0
BRDA:6,11,0,0
BRDA:6,11,1,0
BRDA:6,12,0,0
BRDA:6,12,1,0
BRDA:6,13,0,0
BRDA:6,13,1,0
BRDA:6,14,0,0
BRDA:6,14,1,0
BRDA:6,15,0,0
BRDA:6,15,1,0
BRDA:6,16,0,0
BRDA:6,16,1,0
BRDA:6,17,0,0
BRDA:6,17,1,0
BRDA:6,18,0,0
BRDA:6,18,1,0
BRDA:6,19,0,0
BRDA:6,19,1,0
BRDA:6,20,0,0
BRDA:6,20,1,0
BRDA:6,21,0,0
BRDA:6,21,1,0
BRDA:6,21,2,0
BRDA:6,22,0,0
BRDA:6,22,1,0
BRDA:6,23,0,0
BRDA:6,23,1,0
BRDA:6,24,0,0
BRDA:6,24,1,0
BRDA:6,25,0,0
BRDA:6,25,1,0
BRDA:6,26,0,0
BRDA:6,26,1,0
BRDA:6,27,0,0
BRDA:6,27,1,0
BRDA:6,28,0,0
BRDA:6,28,1,0
BRDA:6,29,0,0
BRDA:6,29,1,0
BRDA:6,30,0,0
BRDA:6,30,1,0
BRDA:6,31,0,0
BRDA:6,31,1,0
BRDA:6,32,0,0
BRDA:6,32,1,0
BRDA:6,33,0,0
BRDA:6,33,1,0
BRDA:6,34,0,0
BRDA:6,34,1,0
BRDA:6,35,0,0
BRDA:6,35,1,0
BRDA:6,36,0,0
BRDA:6,36,1,0
BRDA:6,37,0,0
BRDA:6,37,1,0
BRDA:6,38,0,0
BRDA:6,38,1,0
BRDA:6,39,0,0
BRDA:6,39,1,0
BRDA:6,40,0,0
BRDA:6,40,1,0
BRDA:6,40,2,0
BRDA:6,41,0,0
BRDA:6,41,1,0
BRDA:6,42,0,0
BRDA:6,42,1,0
BRDA:6,43,0,0
BRDA:6,43,1,0
BRDA:6,44,0,0
BRDA:6,44,1,0
BRDA:6,45,0,0
BRDA:6,45,1,0
BRDA:6,46,0,0
BRDA:6,46,1,0
BRDA:6,46,2,0
BRDA:6,46,3,0
BRDA:6,46,4,0
BRDA:6,47,0,0
BRDA:6,47,1,0
BRDA:6,48,0,0
BRDA:6,48,1,0
BRDA:6,49,0,0
BRDA:6,49,1,0
BRDA:6,49,2,0
BRDA:6,49,3,0
BRDA:6,50,0,0
BRDA:6,50,1,0
BRDA:6,51,0,0
BRDA:6,51,1,0
BRDA:6,52,0,0
BRDA:6,52,1,0
BRDA:6,53,0,0
BRDA:6,53,1,0
BRDA:6,54,0,0
BRDA:6,54,1,0
BRDA:6,55,0,0
BRDA:6,55,1,0
BRDA:6,56,0,0
BRDA:6,56,1,0
BRDA:6,56,2,0
BRDA:6,57,0,0
BRDA:6,57,1,0
BRDA:6,58,0,0
BRDA:6,58,1,0
BRDA:6,59,0,0
BRDA:6,59,1,0
BRDA:6,60,0,0
BRDA:6,60,1,0
BRDA:6,61,0,0
BRDA:6,61,1,0
BRDA:6,62,0,0
BRDA:6,62,1,0
BRDA:6,63,0,0
BRDA:6,63,1,0
BRDA:6,64,0,0
BRDA:6,64,1,0
BRDA:6,64,2,0
BRDA:6,64,3,0
BRDA:6,64,4,0
BRDA:6,64,5,0
BRDA:6,64,6,0
BRDA:6,65,0,0
BRDA:6,65,1,0
BRDA:6,65,2,0
BRDA:6,66,0,0
BRDA:6,66,1,0
BRDA:6,67,0,0
BRDA:6,67,1,0
BRDA:6,68,0,0
BRDA:6,68,1,0
BRDA:6,69,0,0
BRDA:6,69,1,0
BRDA:6,70,0,0
BRDA:6,70,1,0
BRDA:6,70,2,0
BRDA:6,70,3,0
BRDA:6,71,0,0
BRDA:6,71,1,0
BRDA:6,72,0,0
BRDA:6,72,1,0
BRDA:6,73,0,0
BRDA:6,73,1,0
BRDA:6,74,0,0
BRDA:6,74,1,0
BRDA:6,75,0,0
BRDA:6,75,1,0
BRDA:6,76,0,0
BRDA:6,76,1,0
BRDA:6,77,0,0
BRDA:6,77,1,0
BRDA:6,77,2,0
BRDA:6,77,3,0
BRDA:6,77,4,0
BRDA:6,77,5,0
BRDA:6,78,0,0
BRDA:6,78,1,0
BRDA:6,79,0,0
BRDA:6,79,1,0
BRDA:6,80,0,0
BRDA:6,80,1,0
BRDA:6,81,0,0
BRDA:6,81,1,0
BRDA:6,82,0,0
BRDA:6,82,1,0
BRDA:6,83,0,0
BRDA:6,83,1,0
BRDA:6,84,0,0
BRDA:6,84,1,0
BRDA:6,85,0,0
BRDA:6,85,1,0
BRDA:6,85,2,0
BRDA:6,86,0,0
BRDA:6,86,1,0
BRDA:6,87,0,0
BRDA:6,87,1,0
BRDA:6,88,0,0
BRDA:6,88,1,0
BRDA:6,89,0,0
BRDA:6,89,1,0
BRDA:6,89,2,0
BRDA:6,89,3,0
BRDA:6,89,4,0
BRDA:6,90,0,0
BRDA:6,90,1,0
BRDA:6,91,0,0
BRDA:6,91,1,0
BRDA:6,91,2,0
BRDA:6,92,0,0
BRDA:6,92,1,0
BRDA:6,93,0,0
BRDA:6,93,1,0
BRDA:6,94,0,0
BRDA:6,94,1,0
BRDA:6,95,0,0
BRDA:6,95,1,0
BRDA:6,96,0,0
BRDA:6,96,1,0
BRDA:6,97,0,0
BRDA:6,97,1,0
BRDA:6,97,2,0
BRDA:6,97,3,0
BRDA:6,98,0,0
BRDA:6,98,1,0
BRDA:6,99,0,0
BRDA:6,99,1,0
BRDA:6,100,0,0
BRDA:6,100,1,0
BRDA:6,101,0,0
BRDA:6,101,1,0
BRDA:6,102,0,0
BRDA:6,102,1,0
BRDA:6,103,0,0
BRDA:6,103,1,0
BRDA:6,104,0,0
BRDA:6,104,1,0
BRDA:6,105,0,0
BRDA:6,105,1,0
BRDA:6,106,0,0
BRDA:6,106,1,0
BRDA:6,107,0,0
BRDA:6,107,1,0
BRDA:6,108,0,0
BRDA:6,108,1,0
BRDA:6,109,0,0
BRDA:6,109,1,0
BRDA:6,110,0,0
BRDA:6,110,1,0
BRDA:6,111,0,0
BRDA:6,111,1,0
BRDA:6,112,0,0
BRDA:6,112,1,0
BRDA:6,113,0,0
BRDA:6,113,1,0
BRDA:6,114,0,0
BRDA:6,114,1,0
BRDA:6,115,0,0
BRDA:6,115,1,0
BRDA:6,116,0,0
BRDA:6,116,1,0
BRDA:6,117,0,0
BRDA:6,117,1,0
BRDA:6,118,0,0
BRDA:6,118,1,0
BRDA:6,119,0,0
BRDA:6,119,1,0
BRDA:6,120,0,0
BRDA:6,120,1,0
BRDA:6,121,0,0
BRDA:6,121,1,0
BRDA:6,121,2,0
BRDA:6,122,0,0
BRDA:6,122,1,0
BRDA:6,123,0,0
BRDA:6,123,1,0
BRDA:6,124,0,0
BRDA:6,124,1,0
BRDA:6,125,0,0
BRDA:6,125,1,0
BRDA:6,126,0,0
BRDA:6,126,1,0
BRDA:6,127,0,0
BRDA:6,127,1,0
BRDA:6,128,0,0
BRDA:6,128,1,0
BRDA:6,129,0,0
BRDA:6,129,1,0
BRDA:6,130,0,0
BRDA:6,130,1,0
BRDA:6,131,0,0
BRDA:6,131,1,0
BRDA:6,132,0,0
BRDA:6,132,1,0
BRDA:6,133,0,0
BRDA:6,133,1,0
BRDA:6,134,0,0
BRDA:6,134,1,0
BRDA:6,135,0,0
BRDA:6,135,1,0
BRDA:6,136,0,0
BRDA:6,136,1,0
BRDA:6,137,0,0
BRDA:6,137,1,0
BRDA:6,138,0,0
BRDA:6,138,1,0
BRDA:6,139,0,0
BRDA:6,139,1,0
BRDA:6,140,0,0
BRDA:6,140,1,0
BRDA:6,141,0,0
BRDA:6,141,1,0
BRDA:6,142,0,0
BRDA:6,142,1,0
BRDA:6,143,0,0
BRDA:6,143,1,0
BRDA:6,144,0,0
BRDA:6,144,1,0
BRDA:6,145,0,0
BRDA:6,145,1,0
BRDA:6,146,0,0
BRDA:6,146,1,0
BRDA:6,147,0,0
BRDA:6,147,1,0
BRDA:6,148,0,0
BRDA:6,148,1,0
BRDA:6,148,2,0
BRDA:6,149,0,0
BRDA:6,149,1,0
BRDA:6,150,0,0
BRDA:6,150,1,0
BRDA:6,151,0,0
BRDA:6,151,1,0
BRDA:6,152,0,0
BRDA:6,152,1,0
BRDA:6,153,0,0
BRDA:6,153,1,0
BRDA:6,154,0,0
BRDA:6,154,1,0
BRDA:6,154,2,0
BRDA:6,155,0,0
BRDA:6,155,1,0
BRDA:6,156,0,0
BRDA:6,156,1,0
BRDA:6,157,0,0
BRDA:6,157,1,0
BRDA:6,158,0,0
BRDA:6,158,1,0
BRDA:6,158,2,0
BRDA:6,158,3,0
BRDA:6,159,0,0
BRDA:6,159,1,0
BRDA:6,160,0,0
BRDA:6,160,1,0
BRDA:6,161,0,0
BRDA:6,161,1,0
BRDA:6,162,0,0
BRDA:6,162,1,0
BRDA:6,163,0,0
BRDA:6,163,1,0
BRDA:6,164,0,0
BRDA:6,164,1,0
BRDA:6,165,0,0
BRDA:6,165,1,0
BRDA:6,166,0,0
BRDA:6,166,1,0
BRDA:6,167,0,0
BRDA:6,167,1,0
BRDA:6,168,0,0
BRDA:6,168,1,0
BRDA:6,169,0,0
BRDA:6,169,1,0
BRDA:6,169,2,0
BRDA:6,169,3,0
BRDA:6,169,4,0
BRDA:6,170,0,0
BRDA:6,170,1,0
BRDA:6,171,0,0
BRDA:6,171,1,0
BRDA:6,172,0,0
BRDA:6,172,1,0
BRDA:6,173,0,0
BRDA:6,173,1,0
BRDA:6,174,0,0
BRDA:6,174,1,0
BRDA:6,174,2,0
BRDA:6,175,0,0
BRDA:6,175,1,0
BRDA:6,176,0,0
BRDA:6,176,1,0
BRDA:6,177,0,0
BRDA:6,177,1,0
BRDA:6,178,0,0
BRDA:6,178,1,0
BRDA:6,179,0,0
BRDA:6,179,1,0
BRDA:6,179,2,0
BRDA:6,179,3,0
BRDA:6,180,0,0
BRDA:6,180,1,0
BRDA:6,181,0,0
BRDA:6,181,1,0
BRDA:6,182,0,0
BRDA:6,182,1,0
BRDA:6,183,0,0
BRDA:6,183,1,0
BRDA:6,184,0,0
BRDA:6,184,1,0
BRDA:6,185,0,0
BRDA:6,185,1,0
BRDA:6,186,0,0
BRDA:6,186,1,0
BRDA:6,187,0,0
BRDA:6,187,1,0
BRDA:6,188,0,0
BRDA:6,188,1,0
BRDA:6,188,2,0
BRDA:6,188,3,0
BRDA:6,189,0,0
BRDA:6,189,1,0
BRDA:6,190,0,0
BRDA:6,190,1,0
BRDA:6,191,0,0
BRDA:6,191,1,0
BRDA:6,192,0,0
BRDA:6,192,1,0
BRDA:6,193,0,0
BRDA:6,193,1,0
BRDA:6,194,0,0
BRDA:6,194,1,0
BRDA:6,195,0,0
BRDA:6,195,1,0
BRDA:6,196,0,0
BRDA:6,196,1,0
BRDA:6,197,0,0
BRDA:6,197,1,0
BRDA:6,198,0,0
BRDA:6,198,1,0
BRDA:6,199,0,0
BRDA:6,199,1,0
BRDA:6,200,0,0
BRDA:6,200,1,0
BRDA:6,201,0,0
BRDA:6,201,1,0
BRDA:6,202,0,0
BRDA:6,202,1,0
BRDA:6,203,0,0
BRDA:6,203,1,0
BRDA:6,204,0,0
BRDA:6,204,1,0
BRDA:6,205,0,0
BRDA:6,205,1,0
BRDA:6,206,0,0
BRDA:6,206,1,0
BRDA:6,207,0,0
BRDA:6,207,1,0
BRDA:6,208,0,0
BRDA:6,208,1,0
BRDA:6,209,0,0
BRDA:6,209,1,0
BRDA:6,210,0,0
BRDA:6,210,1,0
BRDA:6,211,0,0
BRDA:6,211,1,0
BRDA:6,212,0,0
BRDA:6,212,1,0
BRDA:6,213,0,0
BRDA:6,213,1,0
BRDA:6,214,0,0
BRDA:6,214,1,0
BRDA:6,214,2,0
BRDA:6,215,0,0
BRDA:6,215,1,0
BRDA:6,215,2,0
BRDA:6,216,0,0
BRDA:6,216,1,0
BRDA:6,217,0,0
BRDA:6,217,1,0
BRDA:6,218,0,0
BRDA:6,218,1,0
BRDA:6,218,2,0
BRDA:6,219,0,0
BRDA:6,219,1,0
BRDA:6,220,0,0
BRDA:6,220,1,0
BRDA:6,221,0,0
BRDA:6,221,1,0
BRDA:6,222,0,0
BRDA:6,222,1,0
BRDA:6,223,0,0
BRDA:6,223,1,0
BRDA:6,224,0,0
BRDA:6,224,1,0
BRDA:6,225,0,0
BRDA:6,225,1,0
BRDA:6,225,2,0
BRDA:6,225,3,0
BRDA:6,225,4,0
BRDA:6,226,0,0
BRDA:6,226,1,0
BRDA:6,227,0,0
BRDA:6,227,1,0
BRDA:6,228,0,0
BRDA:6,228,1,0
BRDA:6,229,0,0
BRDA:6,229,1,0
BRDA:6,230,0,0
BRDA:6,230,1,0
BRDA:6,231,0,0
BRDA:6,231,1,0
BRDA:6,232,0,0
BRDA:6,232,1,0
BRDA:6,233,0,0
BRDA:6,233,1,0
BRDA:6,234,0,0
BRDA:6,234,1,0
BRDA:6,235,0,0
BRDA:6,235,1,0
BRDA:6,236,0,0
BRDA:6,236,1,0
BRDA:6,237,0,0
BRDA:6,237,1,0
BRDA:6,237,2,0
BRDA:6,237,3,0
BRDA:6,238,0,0
BRDA:6,238,1,0
BRDA:6,238,2,0
BRDA:6,238,3,0
BRDA:6,239,0,0
BRDA:6,239,1,0
BRDA:6,240,0,0
BRDA:6,240,1,0
BRDA:6,241,0,0
BRDA:6,241,1,0
BRDA:6,242,0,0
BRDA:6,242,1,0
BRDA:6,243,0,0
BRDA:6,243,1,0
BRDA:6,244,0,0
BRDA:6,244,1,0
BRDA:6,244,2,0
BRDA:6,245,0,0
BRDA:6,245,1,0
BRDA:6,246,0,0
BRDA:6,246,1,0
BRDA:6,247,0,0
BRDA:6,247,1,0
BRDA:6,248,0,0
BRDA:6,248,1,0
BRDA:6,249,0,0
BRDA:6,249,1,0
BRDA:6,250,0,0
BRDA:6,250,1,0
BRDA:6,250,2,0
BRDA:6,250,3,0
BRDA:6,250,4,0
BRDA:6,250,5,0
BRDA:6,251,0,0
BRDA:6,251,1,0
BRDA:6,251,2,0
BRDA:6,252,0,0
BRDA:6,252,1,0
BRDA:6,253,0,0
BRDA:6,253,1,0
BRDA:6,253,2,0
BRDA:6,254,0,0
BRDA:6,254,1,0
BRDA:6,255,0,0
BRDA:6,255,1,0
BRDA:6,256,0,0
BRDA:6,256,1,0
BRDA:6,256,2,0
BRDA:6,256,3,0
BRDA:6,257,0,0
BRDA:6,257,1,0
BRDA:6,258,0,0
BRDA:6,258,1,0
BRDA:6,258,2,0
BRDA:6,259,0,0
BRDA:6,259,1,0
BRDA:6,260,0,0
BRDA:6,260,1,0
BRDA:6,261,0,0
BRDA:6,261,1,0
BRDA:6,262,0,0
BRDA:6,262,1,0
BRDA:6,263,0,0
BRDA:6,263,1,0
BRDA:6,264,0,0
BRDA:6,264,1,0
BRDA:6,265,0,0
BRDA:6,265,1,0
BRDA:6,266,0,0
BRDA:6,266,1,0
BRDA:6,267,0,0
BRDA:6,267,1,0
BRDA:6,268,0,0
BRDA:6,268,1,0
BRDA:6,269,0,0
BRDA:6,269,1,0
BRDA:6,270,0,0
BRDA:6,270,1,0
BRDA:6,271,0,0
BRDA:6,271,1,0
BRDA:6,272,0,0
BRDA:6,272,1,0
BRDA:6,273,0,0
BRDA:6,273,1,0
BRDA:6,274,0,0
BRDA:6,274,1,0
BRDA:6,275,0,0
BRDA:6,275,1,0
BRDA:6,276,0,0
BRDA:6,276,1,0
BRDA:6,277,0,0
BRDA:6,277,1,0
BRDA:6,278,0,0
BRDA:6,278,1,0
BRDA:6,278,2,0
BRDA:6,279,0,0
BRDA:6,279,1,0
BRDA:6,280,0,0
BRDA:6,280,1,0
BRDA:6,281,0,0
BRDA:6,281,1,0
BRDA:6,282,0,0
BRDA:6,282,1,0
BRDA:6,283,0,0
BRDA:6,283,1,0
BRDA:6,284,0,0
BRDA:6,284,1,0
BRDA:6,285,0,0
BRDA:6,285,1,0
BRDA:6,285,2,0
BRDA:6,286,0,0
BRDA:6,286,1,0
BRDA:6,287,0,0
BRDA:6,287,1,0
BRDA:6,288,0,0
BRDA:6,288,1,0
BRDA:6,289,0,0
BRDA:6,289,1,0
BRDA:6,290,0,0
BRDA:6,290,1,0
BRDA:6,291,0,0
BRDA:6,291,1,0
BRDA:6,291,2,0
BRDA:6,292,0,0
BRDA:6,292,1,0
BRDA:6,293,0,0
BRDA:6,293,1,0
BRDA:6,294,0,0
BRDA:6,294,1,0
BRDA:6,295,0,0
BRDA:6,295,1,0
BRDA:6,295,2,0
BRDA:6,296,0,0
BRDA:6,296,1,0
BRDA:6,297,0,0
BRDA:6,297,1,0
BRDA:6,298,0,0
BRDA:6,298,1,0
BRDA:6,298,2,0
BRDA:6,299,0,0
BRDA:6,299,1,0
BRDA:6,300,0,0
BRDA:6,300,1,0
BRDA:6,301,0,0
BRDA:6,301,1,0
BRDA:6,302,0,0
BRDA:6,302,1,0
BRDA:6,303,0,0
BRDA:6,303,1,0
BRDA:6,304,0,0
BRDA:6,304,1,0
BRDA:6,305,0,0
BRDA:6,305,1,0
BRDA:6,306,0,0
BRDA:6,306,1,0
BRDA:6,307,0,0
BRDA:6,307,1,0
BRDA:6,308,0,0
BRDA:6,308,1,0
BRDA:6,308,2,0
BRDA:6,309,0,0
BRDA:6,309,1,0
BRDA:6,310,0,0
BRDA:6,310,1,0
BRDA:6,311,0,0
BRDA:6,311,1,0
BRDA:6,312,0,0
BRDA:6,312,1,0
BRDA:6,313,0,0
BRDA:6,313,1,0
BRDA:6,314,0,0
BRDA:6,314,1,0
BRDA:6,315,0,0
BRDA:6,315,1,0
BRDA:6,315,2,0
BRDA:6,316,0,0
BRDA:6,316,1,0
BRDA:6,317,0,0
BRDA:6,317,1,0
BRDA:6,318,0,0
BRDA:6,318,1,0
BRDA:6,319,0,0
BRDA:6,319,1,0
BRDA:6,319,2,0
BRDA:6,320,0,0
BRDA:6,320,1,0
BRDA:6,321,0,0
BRDA:6,321,1,0
BRDA:6,322,0,0
BRDA:6,322,1,0
BRDA:6,322,2,0
BRDA:6,322,3,0
BRDA:6,322,4,0
BRDA:6,322,5,0
BRDA:6,323,0,0
BRDA:6,323,1,0
BRDA:6,323,2,0
BRDA:6,324,0,0
BRDA:6,324,1,0
BRDA:6,325,0,0
BRDA:6,325,1,0
BRDA:6,326,0,0
BRDA:6,326,1,0
BRDA:6,327,0,0
BRDA:6,327,1,0
BRDA:6,328,0,0
BRDA:6,328,1,0
BRDA:6,329,0,0
BRDA:6,329,1,0
BRDA:6,330,0,0
BRDA:6,330,1,0
BRDA:6,331,0,0
BRDA:6,331,1,0
BRDA:6,332,0,0
BRDA:6,332,1,0
BRDA:6,333,0,0
BRDA:6,333,1,0
BRDA:6,334,0,0
BRDA:6,334,1,0
BRDA:6,335,0,0
BRDA:6,335,1,0
BRDA:6,336,0,0
BRDA:6,336,1,0
BRDA:6,337,0,0
BRDA:6,337,1,0
BRDA:6,338,0,0
BRDA:6,338,1,0
BRDA:6,339,0,0
BRDA:6,339,1,0
BRDA:6,340,0,0
BRDA:6,340,1,0
BRDA:6,341,0,0
BRDA:6,341,1,0
BRDA:6,342,0,0
BRDA:6,342,1,0
BRDA:6,343,0,0
BRDA:6,343,1,0
BRDA:6,344,0,0
BRDA:6,344,1,0
BRDA:6,345,0,0
BRDA:6,345,1,0
BRDA:6,345,2,0
BRDA:6,345,3,0
BRDA:6,346,0,0
BRDA:6,346,1,0
BRDA:6,347,0,0
BRDA:6,347,1,0
BRDA:6,348,0,0
BRDA:6,348,1,0
BRDA:6,349,0,0
BRDA:6,349,1,0
BRDA:6,350,0,0
BRDA:6,350,1,0
BRDA:6,351,0,0
BRDA:6,351,1,0
BRDA:6,352,0,0
BRDA:6,352,1,0
BRDA:6,353,0,0
BRDA:6,353,1,0
BRDA:6,354,0,0
BRDA:6,354,1,0
BRDA:6,355,0,0
BRDA:6,355,1,0
BRDA:6,356,0,0
BRDA:6,356,1,0
BRDA:6,357,0,0
BRDA:6,357,1,0
BRDA:6,358,0,0
BRDA:6,358,1,0
BRDA:6,359,0,0
BRDA:6,359,1,0
BRDA:6,360,0,0
BRDA:6,360,1,0
BRDA:6,361,0,0
BRDA:6,361,1,0
BRDA:6,362,0,0
BRDA:6,362,1,0
BRDA:6,362,2,0
BRDA:6,363,0,0
BRDA:6,363,1,0
BRDA:6,364,0,0
BRDA:6,364,1,0
BRDA:6,365,0,0
BRDA:6,365,1,0
BRDA:6,366,0,0
BRDA:6,366,1,0
BRDA:6,367,0,0
BRDA:6,367,1,0
BRDA:6,368,0,0
BRDA:6,368,1,0
BRDA:6,369,0,0
BRDA:6,369,1,0
BRDA:6,369,2,0
BRDA:6,370,0,0
BRDA:6,370,1,0
BRDA:6,370,2,0
BRDA:6,371,0,0
BRDA:6,371,1,0
BRDA:6,372,0,0
BRDA:6,372,1,0
BRDA:6,373,0,0
BRDA:6,373,1,0
BRDA:6,374,0,0
BRDA:6,374,1,0
BRDA:6,375,0,0
BRDA:6,375,1,0
BRDA:6,376,0,0
BRDA:6,376,1,0
BRDA:6,377,0,0
BRDA:6,377,1,0
BRDA:6,378,0,0
BRDA:6,378,1,0
BRDA:6,379,0,0
BRDA:6,379,1,0
BRDA:6,380,0,0
BRDA:6,380,1,0
BRDA:6,381,0,0
BRDA:6,381,1,0
BRDA:6,382,0,0
BRDA:6,382,1,0
BRDA:6,383,0,0
BRDA:6,383,1,0
BRDA:6,384,0,0
BRDA:6,384,1,0
BRDA:6,385,0,0
BRDA:6,385,1,0
BRDA:6,386,0,0
BRDA:6,386,1,0
BRDA:6,387,0,0
BRDA:6,387,1,0
BRDA:6,388,0,0
BRDA:6,388,1,0
BRDA:6,389,0,0
BRDA:6,389,1,0
BRDA:6,390,0,0
BRDA:6,390,1,0
BRDA:6,391,0,0
BRDA:6,391,1,0
BRDA:6,391,2,0
BRDA:6,391,3,0
BRDA:6,392,0,0
BRDA:6,392,1,0
BRDA:6,393,0,0
BRDA:6,393,1,0
BRDA:6,394,0,0
BRDA:6,394,1,0
BRDA:6,395,0,0
BRDA:6,395,1,0
BRDA:6,395,2,0
BRDA:6,396,0,0
BRDA:6,396,1,0
BRDA:6,397,0,0
BRDA:6,397,1,0
BRDA:6,398,0,0
BRDA:6,398,1,0
BRDA:6,399,0,0
BRDA:6,399,1,0
BRDA:6,399,2,0
BRDA:6,400,0,0
BRDA:6,400,1,0
BRDA:6,401,0,0
BRDA:6,401,1,0
BRDA:6,401,2,0
BRDA:6,402,0,0
BRDA:6,402,1,0
BRDA:6,403,0,0
BRDA:6,403,1,0
BRDA:6,404,0,0
BRDA:6,404,1,0
BRDA:6,405,0,0
BRDA:6,405,1,0
BRDA:6,406,0,0
BRDA:6,406,1,0
BRDA:6,407,0,0
BRDA:6,407,1,0
BRDA:6,407,2,0
BRDA:6,408,0,0
BRDA:6,408,1,0
BRDA:6,409,0,0
BRDA:6,409,1,0
BRDA:6,410,0,0
BRDA:6,410,1,0
BRDA:6,410,2,0
BRDA:6,411,0,0
BRDA:6,411,1,0
BRDA:6,412,0,0
BRDA:6,412,1,0
BRDA:6,413,0,0
BRDA:6,413,1,0
BRDA:6,414,0,0
BRDA:6,414,1,0
BRDA:6,415,0,0
BRDA:6,415,1,0
BRDA:6,416,0,0
BRDA:6,416,1,0
BRDA:6,417,0,0
BRDA:6,417,1,0
BRDA:6,418,0,0
BRDA:6,418,1,0
BRDA:6,419,0,0
BRDA:6,419,1,0
BRDA:6,419,2,0
BRDA:6,419,3,0
BRDA:6,419,4,0
BRDA:6,420,0,0
BRDA:6,420,1,0
BRDA:6,420,2,0
BRDA:6,420,3,0
BRDA:6,421,0,0
BRDA:6,421,1,0
BRDA:6,422,0,0
BRDA:6,422,1,0
BRDA:6,423,0,0
BRDA:6,423,1,0
BRDA:6,424,0,0
BRDA:6,424,1,0
BRDA:6,425,0,0
BRDA:6,425,1,0
BRDA:6,425,2,0
BRDA:6,426,0,0
BRDA:6,426,1,0
BRDA:6,427,0,0
BRDA:6,427,1,0
BRDA:6,428,0,0
BRDA:6,428,1,0
BRDA:6,429,0,0
BRDA:6,429,1,0
BRDA:6,430,0,0
BRDA:6,430,1,0
BRDA:6,431,0,0
BRDA:6,431,1,0
BRDA:6,432,0,0
BRDA:6,432,1,0
BRDA:6,433,0,0
BRDA:6,433,1,0
BRDA:6,434,0,0
BRDA:6,434,1,0
BRDA:6,435,0,0
BRDA:6,435,1,0
BRDA:6,436,0,0
BRDA:6,436,1,0
BRDA:6,436,2,0
BRDA:6,437,0,0
BRDA:6,437,1,0
BRDA:6,438,0,0
BRDA:6,438,1,0
BRDA:6,439,0,0
BRDA:6,439,1,0
BRDA:6,440,0,0
BRDA:6,440,1,0
BRDA:6,441,0,0
BRDA:6,441,1,0
BRDA:6,441,2,0
BRDA:6,441,3,0
BRDA:6,442,0,0
BRDA:6,442,1,0
BRDA:6,443,0,0
BRDA:6,443,1,0
BRDA:6,443,2,0
BRDA:6,443,3,0
BRDA:6,444,0,0
BRDA:6,444,1,0
BRDA:6,444,2,0
BRDA:6,445,0,0
BRDA:6,445,1,0
BRDA:6,446,0,0
BRDA:6,446,1,0
BRDA:6,447,0,0
BRDA:6,447,1,0
BRDA:6,448,0,0
BRDA:6,448,1,0
BRDA:6,449,0,0
BRDA:6,449,1,0
BRDA:6,450,0,0
BRDA:6,450,1,0
BRDA:6,451,0,0
BRDA:6,451,1,0
BRDA:6,452,0,0
BRDA:6,452,1,0
BRDA:6,453,0,0
BRDA:6,453,1,0
BRDA:6,454,0,0
BRDA:6,454,1,0
BRDA:6,455,0,0
BRDA:6,455,1,0
BRDA:6,456,0,0
BRDA:6,456,1,0
BRDA:6,457,0,0
BRDA:6,457,1,0
BRDA:6,458,0,0
BRDA:6,458,1,0
BRDA:6,459,0,0
BRDA:6,459,1,0
BRDA:6,460,0,0
BRDA:6,460,1,0
BRDA:6,461,0,0
BRDA:6,461,1,0
BRDA:6,462,0,0
BRDA:6,462,1,0
BRDA:6,463,0,0
BRDA:6,463,1,0
BRDA:6,464,0,0
BRDA:6,464,1,0
BRDA:6,465,0,0
BRDA:6,465,1,0
BRDA:6,465,2,0
BRDA:6,466,0,0
BRDA:6,466,1,0
BRDA:6,467,0,0
BRDA:6,467,1,0
BRDA:6,468,0,0
BRDA:6,468,1,0
BRDA:6,469,0,0
BRDA:6,469,1,0
BRDA:6,470,0,0
BRDA:6,470,1,0
BRDA:6,471,0,0
BRDA:6,471,1,0
BRDA:6,472,0,0
BRDA:6,472,1,0
BRDA:6,473,0,0
BRDA:6,473,1,0
BRDA:6,474,0,0
BRDA:6,474,1,0
BRDA:6,475,0,0
BRDA:6,475,1,0
BRDA:6,476,0,0
BRDA:6,476,1,0
BRDA:6,477,0,0
BRDA:6,477,1,0
BRDA:6,478,0,0
BRDA:6,478,1,0
BRDA:6,479,0,0
BRDA:6,479,1,0
BRDA:6,479,2,0
BRDA:6,479,3,0
BRDA:6,480,0,0
BRDA:6,480,1,0
BRDA:6,481,0,0
BRDA:6,481,1,0
BRDA:6,482,0,0
BRDA:6,482,1,0
BRDA:6,483,0,0
BRDA:6,483,1,0
BRDA:6,484,0,0
BRDA:6,484,1,0
BRDA:6,485,0,0
BRDA:6,485,1,0
BRDA:6,485,2,0
BRDA:6,486,0,0
BRDA:6,486,1,0
BRDA:6,487,0,0
BRDA:6,487,1,0
BRDA:6,488,0,0
BRDA:6,488,1,0
BRDA:6,489,0,0
BRDA:6,489,1,0
BRDA:6,490,0,0
BRDA:6,490,1,0
BRDA:6,491,0,0
BRDA:6,491,1,0
BRDA:6,492,0,0
BRDA:6,492,1,0
BRDA:6,493,0,0
BRDA:6,493,1,0
BRDA:6,494,0,0
BRDA:6,494,1,0
BRDA:6,495,0,0
BRDA:6,495,1,0
BRDA:6,496,0,0
BRDA:6,496,1,0
BRDA:6,497,0,0
BRDA:6,497,1,0
BRDA:6,498,0,0
BRDA:6,498,1,0
BRDA:6,499,0,0
BRDA:6,499,1,0
BRDA:6,500,0,0
BRDA:6,500,1,0
BRDA:6,501,0,0
BRDA:6,501,1,0
BRDA:6,502,0,0
BRDA:6,502,1,0
BRDA:6,503,0,0
BRDA:6,503,1,0
BRDA:6,504,0,0
BRDA:6,504,1,0
BRDA:6,505,0,0
BRDA:6,505,1,0
BRDA:6,506,0,0
BRDA:6,506,1,0
BRDA:6,507,0,0
BRDA:6,507,1,0
BRDA:6,508,0,0
BRDA:6,508,1,0
BRDA:6,509,0,0
BRDA:6,509,1,0
BRDA:6,510,0,0
BRDA:6,510,1,0
BRDA:6,511,0,0
BRDA:6,511,1,0
BRDA:6,512,0,0
BRDA:6,512,1,0
BRDA:6,512,2,0
BRDA:6,513,0,0
BRDA:6,513,1,0
BRDA:6,514,0,0
BRDA:6,514,1,0
BRDA:6,515,0,0
BRDA:6,515,1,0
BRDA:6,516,0,0
BRDA:6,516,1,0
BRDA:6,517,0,0
BRDA:6,517,1,0
BRDA:6,517,2,0
BRDA:6,518,0,0
BRDA:6,518,1,0
BRDA:6,518,2,0
BRDA:6,518,3,0
BRDA:6,519,0,0
BRDA:6,519,1,0
BRDA:6,520,0,0
BRDA:6,520,1,0
BRDA:6,521,0,0
BRDA:6,521,1,0
BRDA:6,522,0,0
BRDA:6,522,1,0
BRDA:6,523,0,0
BRDA:6,523,1,0
BRDA:6,524,0,0
BRDA:6,524,1,0
BRDA:6,525,0,0
BRDA:6,525,1,0
BRDA:6,526,0,0
BRDA:6,526,1,0
BRDA:6,527,0,0
BRDA:6,527,1,0
BRDA:6,528,0,0
BRDA:6,528,1,0
BRDA:6,529,0,0
BRDA:6,529,1,0
BRDA:6,530,0,0
BRDA:6,530,1,0
BRDA:6,530,2,0
BRDA:6,531,0,0
BRDA:6,531,1,0
BRDA:6,532,0,0
BRDA:6,532,1,0
BRDA:6,533,0,0
BRDA:6,533,1,0
BRDA:6,534,0,0
BRDA:6,534,1,0
BRDA:6,535,0,0
BRDA:6,535,1,0
BRDA:6,536,0,0
BRDA:6,536,1,0
BRDA:6,537,0,0
BRDA:6,537,1,0
BRDA:6,538,0,0
BRDA:6,538,1,0
BRDA:6,539,0,0
BRDA:6,539,1,0
BRDA:6,540,0,0
BRDA:6,540,1,0
BRDA:6,541,0,0
BRDA:6,541,1,0
BRDA:6,542,0,0
BRDA:6,542,1,0
BRDA:6,543,0,0
BRDA:6,543,1,0
BRDA:6,544,0,0
BRDA:6,544,1,0
BRDA:6,545,0,0
BRDA:6,545,1,0
BRDA:6,546,0,0
BRDA:6,546,1,0
BRDA:6,547,0,0
BRDA:6,547,1,0
BRDA:6,548,0,0
BRDA:6,548,1,0
BRDA:6,549,0,0
BRDA:6,549,1,0
BRDA:6,550,0,0
BRDA:6,550,1,0
BRDA:6,551,0,0
BRDA:6,551,1,0
BRDA:6,552,0,0
BRDA:6,552,1,0
BRDA:6,553,0,0
BRDA:6,553,1,0
BRDA:6,553,2,0
BRDA:6,553,3,0
BRDA:6,554,0,0
BRDA:6,554,1,0
BRDA:6,555,0,0
BRDA:6,555,1,0
BRDA:6,556,0,0
BRDA:6,556,1,0
BRDA:6,556,2,0
BRDA:6,556,3,0
BRDA:6,557,0,0
BRDA:6,557,1,0
BRDA:6,558,0,0
BRDA:6,558,1,0
BRDA:6,559,0,0
BRDA:6,559,1,0
BRDA:6,560,0,0
BRDA:6,560,1,0
BRDA:6,561,0,0
BRDA:6,561,1,0
BRDA:6,562,0,0
BRDA:6,562,1,0
BRDA:6,562,2,0
BRDA:6,563,0,0
BRDA:6,563,1,0
BRDA:6,564,0,0
BRDA:6,564,1,0
BRDA:6,565,0,0
BRDA:6,565,1,0
BRDA:6,566,0,0
BRDA:6,566,1,0
BRDA:6,567,0,0
BRDA:6,567,1,0
BRDA:6,567,2,0
BRDA:6,567,3,0
BRDA:6,567,4,0
BRDA:6,567,5,0
BRDA:6,568,0,0
BRDA:6,568,1,0
BRDA:6,569,0,0
BRDA:6,569,1,0
BRDA:6,570,0,0
BRDA:6,570,1,0
BRDA:6,571,0,0
BRDA:6,571,1,0
BRDA:6,571,2,0
BRDA:6,572,0,0
BRDA:6,572,1,0
BRDA:6,572,2,0
BRDA:6,573,0,0
BRDA:6,573,1,0
BRDA:6,574,0,0
BRDA:6,574,1,0
BRDA:6,575,0,0
BRDA:6,575,1,0
BRDA:6,576,0,0
BRDA:6,576,1,0
BRDA:6,577,0,0
BRDA:6,577,1,0
BRDA:6,578,0,0
BRDA:6,578,1,0
BRDA:6,578,2,0
BRDA:6,579,0,0
BRDA:6,579,1,0
BRDA:6,580,0,0
BRDA:6,580,1,0
BRDA:6,580,2,0
BRDA:6,581,0,0
BRDA:6,581,1,0
BRDA:6,582,0,0
BRDA:6,582,1,0
BRDA:6,583,0,0
BRDA:6,583,1,0
BRDA:6,584,0,0
BRDA:6,584,1,0
BRDA:6,585,0,0
BRDA:6,585,1,0
BRDA:6,585,2,0
BRDA:6,586,0,0
BRDA:6,586,1,0
BRDA:6,586,2,0
BRDA:6,587,0,0
BRDA:6,587,1,0
BRDA:6,588,0,0
BRDA:6,588,1,0
BRDA:6,589,0,0
BRDA:6,589,1,0
BRDA:6,590,0,0
BRDA:6,590,1,0
BRDA:6,591,0,0
BRDA:6,591,1,0
BRDA:6,592,0,0
BRDA:6,592,1,0
BRDA:6,593,0,0
BRDA:6,593,1,0
BRDA:6,594,0,0
BRDA:6,594,1,0
BRDA:6,594,2,0
BRDA:6,595,0,0
BRDA:6,595,1,0
BRDA:6,596,0,0
BRDA:6,596,1,0
BRDA:6,597,0,0
BRDA:6,597,1,0
BRDA:6,598,0,0
BRDA:6,598,1,0
BRDA:6,599,0,0
BRDA:6,599,1,0
BRDA:6,600,0,0
BRDA:6,600,1,0
BRDA:6,601,0,0
BRDA:6,601,1,0
BRDA:6,601,2,0
BRDA:6,601,3,0
BRDA:6,601,4,0
BRDA:6,602,0,0
BRDA:6,602,1,0
BRDA:6,603,0,0
BRDA:6,603,1,0
BRDA:6,604,0,0
BRDA:6,604,1,0
BRDA:6,605,0,0
BRDA:6,605,1,0
BRDA:6,606,0,0
BRDA:6,606,1,0
BRDA:6,607,0,0
BRDA:6,607,1,0
BRDA:6,608,0,0
BRDA:6,608,1,0
BRDA:6,609,0,0
BRDA:6,609,1,0
BRDA:6,610,0,0
BRDA:6,610,1,0
BRDA:6,611,0,0
BRDA:6,611,1,0
BRDA:6,611,2,0
BRDA:6,611,3,0
BRDA:6,611,4,0
BRDA:6,611,5,0
BRDA:6,611,6,0
BRDA:6,611,7,0
BRDA:6,612,0,0
BRDA:6,612,1,0
BRDA:6,613,0,0
BRDA:6,613,1,0
BRDA:6,613,2,0
BRDA:6,614,0,0
BRDA:6,614,1,0
BRDA:6,614,2,0
BRDA:6,615,0,0
BRDA:6,615,1,0
BRDA:6,615,2,0
BRDA:6,616,0,0
BRDA:6,616,1,0
BRDA:6,617,0,0
BRDA:6,617,1,0
BRDA:6,617,2,0
BRDA:6,618,0,0
BRDA:6,618,1,0
BRDA:6,619,0,0
BRDA:6,619,1,0
BRDA:6,619,2,0
BRDA:6,620,0,0
BRDA:6,620,1,0
BRDA:6,620,2,0
BRDA:6,621,0,0
BRDA:6,621,1,0
BRDA:6,622,0,0
BRDA:6,622,1,0
BRDA:6,623,0,0
BRDA:6,623,1,0
BRDA:6,624,0,0
BRDA:6,624,1,0
BRDA:6,625,0,0
BRDA:6,625,1,0
BRDA:6,626,0,0
BRDA:6,626,1,0
BRDA:6,627,0,0
BRDA:6,627,1,0
BRDA:6,628,0,0
BRDA:6,628,1,0
BRDA:6,629,0,0
BRDA:6,629,1,0
BRDA:6,630,0,0
BRDA:6,630,1,0
BRDA:6,631,0,0
BRDA:6,631,1,0
BRDA:6,632,0,0
BRDA:6,632,1,0
BRDA:6,633,0,0
BRDA:6,633,1,0
BRDA:6,633,2,0
BRDA:6,633,3,0
BRDA:6,634,0,0
BRDA:6,634,1,0
BRDA:6,635,0,0
BRDA:6,635,1,0
BRDA:6,636,0,0
BRDA:6,636,1,0
BRDA:6,637,0,0
BRDA:6,637,1,0
BRDA:6,638,0,0
BRDA:6,638,1,0
BRDA:6,638,2,0
BRDA:6,638,3,0
BRDA:6,639,0,0
BRDA:6,639,1,0
BRDA:6,640,0,0
BRDA:6,640,1,0
BRDA:6,641,0,0
BRDA:6,641,1,0
BRDA:6,642,0,0
BRDA:6,642,1,0
BRDA:6,643,0,0
BRDA:6,643,1,0
BRDA:6,644,0,0
BRDA:6,644,1,0
BRDA:6,645,0,0
BRDA:6,645,1,0
BRDA:6,646,0,0
BRDA:6,646,1,0
BRDA:6,647,0,0
BRDA:6,647,1,0
BRDA:6,648,0,0
BRDA:6,648,1,0
BRDA:6,649,0,0
BRDA:6,649,1,0
BRDA:6,650,0,0
BRDA:6,650,1,0
BRDA:6,651,0,0
BRDA:6,651,1,0
BRDA:6,652,0,0
BRDA:6,652,1,0
BRDA:6,653,0,0
BRDA:6,653,1,0
BRDA:6,654,0,0
BRDA:6,654,1,0
BRDA:6,655,0,0
BRDA:6,655,1,0
BRDA:6,656,0,0
BRDA:6,656,1,0
BRDA:6,656,2,0
BRDA:6,656,3,0
BRDA:6,656,4,0
BRDA:6,656,5,0
BRDA:6,657,0,0
BRDA:6,657,1,0
BRDA:6,658,0,0
BRDA:6,658,1,0
BRDA:6,658,2,0
BRDA:6,658,3,0
BRDA:6,658,4,0
BRDA:6,659,0,0
BRDA:6,659,1,0
BRDA:6,660,0,0
BRDA:6,660,1,0
BRDA:6,661,0,0
BRDA:6,661,1,0
BRDA:6,662,0,0
BRDA:6,662,1,0
BRDA:6,663,0,0
BRDA:6,663,1,0
BRDA:6,664,0,0
BRDA:6,664,1,0
BRDA:6,665,0,0
BRDA:6,665,1,0
BRDA:6,666,0,0
BRDA:6,666,1,0
BRDA:6,666,2,0
BRDA:6,666,3,0
BRDA:6,667,0,0
BRDA:6,667,1,0
BRDA:6,668,0,0
BRDA:6,668,1,0
BRDA:6,669,0,0
BRDA:6,669,1,0
BRDA:6,670,0,0
BRDA:6,670,1,0
BRDA:6,671,0,0
BRDA:6,671,1,0
BRDA:6,672,0,0
BRDA:6,672,1,0
BRDA:6,673,0,0
BRDA:6,673,1,0
BRDA:6,674,0,0
BRDA:6,674,1,0
BRDA:6,675,0,0
BRDA:6,675,1,0
BRDA:6,676,0,0
BRDA:6,676,1,0
BRDA:6,677,0,0
BRDA:6,677,1,0
BRDA:6,678,0,0
BRDA:6,678,1,0
BRDA:6,679,0,0
BRDA:6,679,1,0
BRDA:6,680,0,0
BRDA:6,680,1,0
BRDA:6,681,0,0
BRDA:6,681,1,0
BRDA:6,682,0,0
BRDA:6,682,1,0
BRDA:6,683,0,0
BRDA:6,683,1,0
BRDA:6,684,0,0
BRDA:6,684,1,0
BRDA:6,685,0,0
BRDA:6,685,1,0
BRDA:6,686,0,0
BRDA:6,686,1,0
BRDA:6,687,0,0
BRDA:6,687,1,0
BRDA:6,688,0,0
BRDA:6,688,1,0
BRDA:6,689,0,0
BRDA:6,689,1,0
BRDA:6,690,0,0
BRDA:6,690,1,0
BRDA:6,691,0,0
BRDA:6,691,1,0
BRDA:6,692,0,0
BRDA:6,692,1,0
BRDA:6,693,0,0
BRDA:6,693,1,0
BRDA:6,694,0,0
BRDA:6,694,1,0
BRDA:6,695,0,0
BRDA:6,695,1,0
BRDA:6,695,2,0
BRDA:6,696,0,0
BRDA:6,696,1,0
BRDA:6,697,0,0
BRDA:6,697,1,0
BRDA:6,698,0,0
BRDA:6,698,1,0
BRDA:6,698,2,0
BRDA:6,698,3,0
BRDA:6,699,0,0
BRDA:6,699,1,0
BRDA:6,700,0,0
BRDA:6,700,1,0
BRDA:6,701,0,0
BRDA:6,701,1,0
BRDA:6,702,0,0
BRDA:6,702,1,0
BRDA:6,703,0,0
BRDA:6,703,1,0
BRDA:6,704,0,0
BRDA:6,704,1,0
BRDA:6,705,0,0
BRDA:6,705,1,0
BRDA:6,706,0,0
BRDA:6,706,1,0
BRDA:6,707,0,0
BRDA:6,707,1,0
BRDA:6,708,0,0
BRDA:6,708,1,0
BRDA:6,709,0,0
BRDA:6,709,1,0
BRDA:6,710,0,0
BRDA:6,710,1,0
BRDA:6,711,0,0
BRDA:6,711,1,0
BRDA:6,712,0,0
BRDA:6,712,1,0
BRDA:6,713,0,0
BRDA:6,713,1,0
BRDA:6,714,0,0
BRDA:6,714,1,0
BRDA:6,715,0,0
BRDA:6,715,1,0
BRDA:6,716,0,0
BRDA:6,716,1,0
BRDA:6,716,2,0
BRDA:6,716,3,0
BRDA:6,717,0,0
BRDA:6,717,1,0
BRDA:6,717,2,0
BRDA:6,718,0,0
BRDA:6,718,1,0
BRDA:6,719,0,0
BRDA:6,719,1,0
BRDA:6,720,0,0
BRDA:6,720,1,0
BRDA:6,721,0,0
BRDA:6,721,1,0
BRDA:6,722,0,0
BRDA:6,722,1,0
BRDA:6,722,2,0
BRDA:6,722,3,0
BRDA:6,723,0,0
BRDA:6,723,1,0
BRDA:6,724,0,0
BRDA:6,724,1,0
BRDA:6,724,2,0
BRDA:6,725,0,0
BRDA:6,725,1,0
BRDA:6,726,0,0
BRDA:6,726,1,0
BRDA:6,727,0,0
BRDA:6,727,1,0
BRDA:6,728,0,0
BRDA:6,728,1,0
BRDA:6,729,0,0
BRDA:6,729,1,0
BRDA:6,730,0,0
BRDA:6,730,1,0
BRDA:6,731,0,0
BRDA:6,731,1,0
BRDA:6,732,0,0
BRDA:6,732,1,0
BRDA:6,733,0,0
BRDA:6,733,1,0
BRDA:6,734,0,0
BRDA:6,734,1,0
BRDA:6,735,0,0
BRDA:6,735,1,0
BRDA:6,736,0,0
BRDA:6,736,1,0
BRDA:6,737,0,0
BRDA:6,737,1,0
BRDA:6,738,0,0
BRDA:6,738,1,0
BRDA:6,739,0,0
BRDA:6,739,1,0
BRDA:6,740,0,0
BRDA:6,740,1,0
BRDA:6,741,0,0
BRDA:6,741,1,0
BRDA:6,742,0,0
BRDA:6,742,1,0
BRDA:6,743,0,0
BRDA:6,743,1,0
BRDA:6,744,0,0
BRDA:6,744,1,0
BRDA:6,745,0,0
BRDA:6,745,1,0
BRDA:6,746,0,0
BRDA:6,746,1,0
BRDA:6,747,0,0
BRDA:6,747,1,0
BRDA:6,748,0,0
BRDA:6,748,1,0
BRDA:6,748,2,0
BRDA:6,749,0,0
BRDA:6,749,1,0
BRDA:6,749,2,0
BRDA:6,750,0,0
BRDA:6,750,1,0
BRDA:6,751,0,0
BRDA:6,751,1,0
BRDA:6,752,0,0
BRDA:6,752,1,0
BRDA:6,753,0,0
BRDA:6,753,1,0
BRDA:6,754,0,0
BRDA:6,754,1,0
BRDA:6,755,0,0
BRDA:6,755,1,0
BRDA:6,756,0,0
BRDA:6,756,1,0
BRDA:6,757,0,0
BRDA:6,757,1,0
BRDA:6,757,2,0
BRDA:6,758,0,0
BRDA:6,758,1,0
BRDA:6,759,0,0
BRDA:6,759,1,0
BRDA:6,760,0,0
BRDA:6,760,1,0
BRDA:6,761,0,0
BRDA:6,761,1,0
BRDA:6,762,0,0
BRDA:6,762,1,0
BRDA:6,763,0,0
BRDA:6,763,1,0
BRDA:6,764,0,0
BRDA:6,764,1,0
BRDA:6,765,0,0
BRDA:6,765,1,0
BRDA:6,766,0,0
BRDA:6,766,1,0
BRDA:6,767,0,0
BRDA:6,767,1,0
BRDA:6,768,0,0
BRDA:6,768,1,0
BRDA:6,769,0,0
BRDA:6,769,1,0
BRDA:6,770,0,0
BRDA:6,770,1,0
BRDA:6,771,0,0
BRDA:6,771,1,0
BRDA:6,772,0,0
BRDA:6,772,1,0
BRDA:6,773,0,0
BRDA:6,773,1,0
BRDA:6,774,0,0
BRDA:6,774,1,0
BRDA:6,774,2,0
BRDA:6,775,0,0
BRDA:6,775,1,0
BRDA:6,776,0,0
BRDA:6,776,1,0
BRDA:6,777,0,0
BRDA:6,777,1,0
BRDA:6,778,0,0
BRDA:6,778,1,0
BRDA:6,778,2,0
BRDA:6,779,0,0
BRDA:6,779,1,0
BRDA:6,780,0,0
BRDA:6,780,1,0
BRDA:6,781,0,0
BRDA:6,781,1,0
BRDA:6,782,0,0
BRDA:6,782,1,0
BRDA:6,783,0,0
BRDA:6,783,1,0
BRDA:6,784,0,0
BRDA:6,784,1,0
BRDA:6,785,0,0
BRDA:6,785,1,0
BRDA:6,785,2,0
BRDA:6,786,0,0
BRDA:6,786,1,0
BRDA:6,787,0,0
BRDA:6,787,1,0
BRDA:6,788,0,0
BRDA:6,788,1,0
BRDA:6,788,2,0
BRDA:6,789,0,0
BRDA:6,789,1,0
BRDA:6,789,2,0
BRDA:6,790,0,0
BRDA:6,790,1,0
BRDA:6,791,0,0
BRDA:6,791,1,0
BRDA:6,792,0,0
BRDA:6,792,1,0
BRDA:6,793,0,0
BRDA:6,793,1,0
BRDA:6,794,0,0
BRDA:6,794,1,0
BRDA:6,795,0,0
BRDA:6,795,1,0
BRDA:6,796,0,0
BRDA:6,796,1,0
BRDA:6,797,0,0
BRDA:6,797,1,0
BRDA:6,798,0,0
BRDA:6,798,1,0
BRDA:6,798,2,0
BRDA:6,799,0,0
BRDA:6,799,1,0
BRDA:6,799,2,0
BRDA:6,799,3,0
BRDA:6,800,0,0
BRDA:6,800,1,0
BRDA:6,801,0,0
BRDA:6,801,1,0
BRDA:6,802,0,0
BRDA:6,802,1,0
BRDA:6,803,0,0
BRDA:6,803,1,0
BRDA:6,804,0,0
BRDA:6,804,1,0
BRDA:6,805,0,0
BRDA:6,805,1,0
BRDA:6,806,0,0
BRDA:6,806,1,0
BRDA:6,807,0,0
BRDA:6,807,1,0
BRDA:6,808,0,0
BRDA:6,808,1,0
BRDA:6,809,0,0
BRDA:6,809,1,0
BRDA:6,809,2,0
BRDA:6,810,0,0
BRDA:6,810,1,0
BRDA:6,811,0,0
BRDA:6,811,1,0
BRDA:6,812,0,0
BRDA:6,812,1,0
BRDA:6,813,0,0
BRDA:6,813,1,0
BRDA:6,814,0,0
BRDA:6,814,1,0
BRDA:6,815,0,0
BRDA:6,815,1,0
BRDA:6,816,0,0
BRDA:6,816,1,0
BRDA:6,816,2,0
BRDA:6,817,0,0
BRDA:6,817,1,0
BRDA:6,818,0,0
BRDA:6,818,1,0
BRDA:6,819,0,0
BRDA:6,819,1,0
BRDA:6,820,0,0
BRDA:6,820,1,0
BRDA:6,821,0,0
BRDA:6,821,1,0
BRDA:6,822,0,0
BRDA:6,822,1,0
BRDA:6,823,0,0
BRDA:6,823,1,0
BRDA:6,824,0,0
BRDA:6,824,1,0
BRDA:6,824,2,0
BRDA:6,825,0,0
BRDA:6,825,1,0
BRDA:6,826,0,0
BRDA:6,826,1,0
BRDA:6,827,0,0
BRDA:6,827,1,0
BRDA:6,828,0,0
BRDA:6,828,1,0
BRDA:6,829,0,0
BRDA:6,829,1,0
BRDA:6,830,0,0
BRDA:6,830,1,0
BRDA:6,831,0,0
BRDA:6,831,1,0
BRDA:6,832,0,0
BRDA:6,832,1,0
BRDA:6,832,2,0
BRDA:6,833,0,0
BRDA:6,833,1,0
BRDA:6,834,0,0
BRDA:6,834,1,0
BRDA:6,835,0,0
BRDA:6,835,1,0
BRDA:6,836,0,0
BRDA:6,836,1,0
BRDA:6,837,0,0
BRDA:6,837,1,0
BRDA:6,838,0,0
BRDA:6,838,1,0
BRDA:6,839,0,0
BRDA:6,839,1,0
BRDA:6,840,0,0
BRDA:6,840,1,0
BRDA:6,841,0,0
BRDA:6,841,1,0
BRDA:6,842,0,0
BRDA:6,842,1,0
BRDA:6,842,2,0
BRDA:6,843,0,0
BRDA:6,843,1,0
BRDA:6,844,0,0
BRDA:6,844,1,0
BRDA:6,845,0,0
BRDA:6,845,1,0
BRDA:6,846,0,0
BRDA:6,846,1,0
BRDA:6,846,2,0
BRDA:6,847,0,0
BRDA:6,847,1,0
BRDA:6,848,0,0
BRDA:6,848,1,0
BRDA:6,849,0,0
BRDA:6,849,1,0
BRDA:6,850,0,0
BRDA:6,850,1,0
BRDA:6,851,0,0
BRDA:6,851,1,0
BRDA:6,852,0,0
BRDA:6,852,1,0
BRDA:6,853,0,0
BRDA:6,853,1,0
BRDA:6,854,0,0
BRDA:6,854,1,0
BRDA:6,855,0,0
BRDA:6,855,1,0
BRDA:6,856,0,0
BRDA:6,856,1,0
BRDA:6,857,0,0
BRDA:6,857,1,0
BRDA:6,858,0,0
BRDA:6,858,1,0
BRDA:6,859,0,0
BRDA:6,859,1,0
BRDA:6,860,0,0
BRDA:6,860,1,0
BRDA:6,861,0,0
BRDA:6,861,1,0
BRDA:6,862,0,0
BRDA:6,862,1,0
BRDA:6,863,0,0
BRDA:6,863,1,0
BRDA:6,864,0,0
BRDA:6,864,1,0
BRDA:6,865,0,0
BRDA:6,865,1,0
BRDA:6,865,2,0
BRDA:6,866,0,0
BRDA:6,866,1,0
BRDA:6,866,2,0
BRDA:6,866,3,0
BRDA:6,866,4,0
BRDA:6,867,0,0
BRDA:6,867,1,0
BRDA:6,868,0,0
BRDA:6,868,1,0
BRDA:6,868,2,0
BRDA:6,869,0,0
BRDA:6,869,1,0
BRDA:6,870,0,0
BRDA:6,870,1,0
BRDA:6,871,0,0
BRDA:6,871,1,0
BRDA:6,872,0,0
BRDA:6,872,1,0
BRDA:6,873,0,0
BRDA:6,873,1,0
BRDA:6,874,0,0
BRDA:6,874,1,0
BRDA:6,875,0,0
BRDA:6,875,1,0
BRDA:6,876,0,0
BRDA:6,876,1,0
BRDA:6,876,2,0
BRDA:6,876,3,0
BRDA:6,877,0,0
BRDA:6,877,1,0
BRDA:6,878,0,0
BRDA:6,878,1,0
BRDA:6,879,0,0
BRDA:6,879,1,0
BRDA:6,880,0,0
BRDA:6,880,1,0
BRDA:6,881,0,0
BRDA:6,881,1,0
BRDA:6,882,0,0
BRDA:6,882,1,0
BRDA:6,882,2,0
BRDA:6,883,0,0
BRDA:6,883,1,0
BRDA:6,884,0,0
BRDA:6,884,1,0
BRDA:6,885,0,0
BRDA:6,885,1,0
BRDA:6,886,0,0
BRDA:6,886,1,0
BRDA:6,886,2,0
BRDA:6,886,3,0
BRDA:6,886,4,0
BRDA:6,887,0,0
BRDA:6,887,1,0
BRDA:6,887,2,0
BRDA:6,887,3,0
BRDA:6,888,0,0
BRDA:6,888,1,0
BRDA:6,889,0,0
BRDA:6,889,1,0
BRDA:6,890,0,0
BRDA:6,890,1,0
BRDA:6,890,2,0
BRDA:6,891,0,0
BRDA:6,891,1,0
BRDA:6,892,0,0
BRDA:6,892,1,0
BRDA:6,893,0,0
BRDA:6,893,1,0
BRDA:6,894,0,0
BRDA:6,894,1,0
BRDA:6,895,0,0
BRDA:6,895,1,0
BRDA:6,896,0,0
BRDA:6,896,1,0
BRDA:6,897,0,0
BRDA:6,897,1,0
BRDA:6,898,0,0
BRDA:6,898,1,0
BRDA:6,899,0,0
BRDA:6,899,1,0
BRDA:6,900,0,0
BRDA:6,900,1,0
BRDA:6,901,0,0
BRDA:6,901,1,0
BRDA:6,902,0,0
BRDA:6,902,1,0
BRDA:6,903,0,0
BRDA:6,903,1,0
BRDA:6,904,0,0
BRDA:6,904,1,0
BRDA:6,905,0,0
BRDA:6,905,1,0
BRDA:6,906,0,0
BRDA:6,906,1,0
BRDA:6,907,0,0
BRDA:6,907,1,0
BRDA:6,908,0,0
BRDA:6,908,1,0
BRDA:6,909,0,0
BRDA:6,909,1,0
BRDA:6,910,0,0
BRDA:6,910,1,0
BRDA:6,911,0,0
BRDA:6,911,1,0
BRDA:6,912,0,0
BRDA:6,912,1,0
BRDA:6,913,0,0
BRDA:6,913,1,0
BRDA:6,914,0,0
BRDA:6,914,1,0
BRDA:6,915,0,0
BRDA:6,915,1,0
BRDA:6,916,0,0
BRDA:6,916,1,0
BRDA:6,917,0,0
BRDA:6,917,1,0
BRDA:6,917,2,0
BRDA:6,917,3,0
BRDA:6,918,0,0
BRDA:6,918,1,0
BRDA:6,919,0,0
BRDA:6,919,1,0
BRDA:6,920,0,0
BRDA:6,920,1,0
BRDA:6,921,0,0
BRDA:6,921,1,0
BRDA:6,921,2,0
BRDA:6,922,0,0
BRDA:6,922,1,0
BRDA:6,923,0,0
BRDA:6,923,1,0
BRDA:6,924,0,0
BRDA:6,924,1,0
BRDA:6,925,0,0
BRDA:6,925,1,0
BRDA:6,925,2,0
BRDA:6,926,0,0
BRDA:6,926,1,0
BRDA:6,927,0,0
BRDA:6,927,1,0
BRDA:6,928,0,0
BRDA:6,928,1,0
BRDA:6,929,0,0
BRDA:6,929,1,0
BRDA:6,930,0,0
BRDA:6,930,1,0
BRDA:6,930,2,0
BRDA:6,931,0,0
BRDA:6,931,1,0
BRDA:6,932,0,0
BRDA:6,932,1,0
BRDA:6,933,0,0
BRDA:6,933,1,0
BRDA:6,934,0,0
BRDA:6,934,1,0
BRDA:6,935,0,0
BRDA:6,935,1,0
BRDA:6,936,0,0
BRDA:6,936,1,0
BRDA:6,937,0,0
BRDA:6,937,1,0
BRDA:6,938,0,0
BRDA:6,938,1,0
BRDA:6,938,2,0
BRDA:6,939,0,0
BRDA:6,939,1,0
BRDA:6,940,0,0
BRDA:6,940,1,0
BRDA:6,941,0,0
BRDA:6,941,1,0
BRDA:6,942,0,0
BRDA:6,942,1,0
BRDA:6,943,0,0
BRDA:6,943,1,0
BRDA:6,944,0,0
BRDA:6,944,1,0
BRDA:6,945,0,0
BRDA:6,945,1,0
BRDA:6,946,0,0
BRDA:6,946,1,0
BRDA:6,946,2,0
BRDA:6,947,0,0
BRDA:6,947,1,0
BRDA:6,948,0,0
BRDA:6,948,1,0
BRDA:6,949,0,0
BRDA:6,949,1,0
BRDA:6,950,0,0
BRDA:6,950,1,0
BRDA:6,951,0,0
BRDA:6,951,1,0
BRDA:6,952,0,0
BRDA:6,952,1,0
BRDA:6,953,0,0
BRDA:6,953,1,0
BRDA:6,954,0,0
BRDA:6,954,1,0
BRDA:6,955,0,0
BRDA:6,955,1,0
BRDA:6,956,0,0
BRDA:6,956,1,0
BRDA:6,957,0,0
BRDA:6,957,1,0
BRDA:6,958,0,0
BRDA:6,958,1,0
BRDA:6,958,2,0
BRDA:6,959,0,0
BRDA:6,959,1,0
BRDA:6,960,0,0
BRDA:6,960,1,0
BRDA:6,961,0,0
BRDA:6,961,1,0
BRDA:6,962,0,0
BRDA:6,962,1,0
BRDA:6,962,2,0
BRDA:6,963,0,0
BRDA:6,963,1,0
BRDA:6,964,0,0
BRDA:6,964,1,0
BRDA:6,965,0,0
BRDA:6,965,1,0
BRDA:6,966,0,0
BRDA:6,966,1,0
BRDA:6,967,0,0
BRDA:6,967,1,0
BRDA:6,968,0,0
BRDA:6,968,1,0
BRDA:6,969,0,0
BRDA:6,969,1,0
BRDA:6,970,0,0
BRDA:6,970,1,0
BRDA:6,970,2,0
BRDA:6,971,0,0
BRDA:6,971,1,0
BRDA:6,972,0,0
BRDA:6,972,1,0
BRDA:6,973,0,0
BRDA:6,973,1,0
BRDA:6,974,0,0
BRDA:6,974,1,0
BRDA:6,975,0,0
BRDA:6,975,1,0
BRDA:6,976,0,0
BRDA:6,976,1,0
BRDA:6,977,0,0
BRDA:6,977,1,0
BRDA:6,978,0,0
BRDA:6,978,1,0
BRDA:6,979,0,0
BRDA:6,979,1,0
BRDA:6,980,0,0
BRDA:6,980,1,0
BRDA:6,981,0,0
BRDA:6,981,1,0
BRDA:6,981,2,0
BRDA:6,982,0,0
BRDA:6,982,1,0
BRDA:6,983,0,0
BRDA:6,983,1,0
BRDA:6,984,0,0
BRDA:6,984,1,0
BRDA:6,985,0,0
BRDA:6,985,1,0
BRDA:6,986,0,0
BRDA:6,986,1,0
BRDA:6,987,0,0
BRDA:6,987,1,0
BRDA:6,988,0,0
BRDA:6,988,1,0
BRDA:6,989,0,0
BRDA:6,989,1,0
BRDA:6,990,0,0
BRDA:6,990,1,0
BRDA:6,991,0,0
BRDA:6,991,1,0
BRDA:6,992,0,0
BRDA:6,992,1,0
BRDA:6,993,0,0
BRDA:6,993,1,0
BRDA:6,994,0,0
BRDA:6,994,1,0
BRDA:6,995,0,0
BRDA:6,995,1,0
BRDA:6,996,0,0
BRDA:6,996,1,0
BRDA:6,997,0,0
BRDA:6,997,1,0
BRDA:6,998,0,0
BRDA:6,998,1,0
BRDA:6,999,0,0
BRDA:6,999,1,0
BRDA:6,1000,0,0
BRDA:6,1000,1,0
BRDA:6,1001,0,0
BRDA:6,1001,1,0
BRDA:6,1002,0,0
BRDA:6,1002,1,0
BRDA:6,1003,0,0
BRDA:6,1003,1,0
BRDA:6,1004,0,0
BRDA:6,1004,1,0
BRDA:6,1005,0,0
BRDA:6,1005,1,0
BRDA:6,1006,0,0
BRDA:6,1006,1,0
BRDA:6,1007,0,0
BRDA:6,1007,1,0
BRDA:6,1008,0,0
BRDA:6,1008,1,0
BRDA:6,1009,0,0
BRDA:6,1009,1,0
BRDA:6,1010,0,0
BRDA:6,1010,1,0
BRDA:6,1010,2,0
BRDA:6,1011,0,0
BRDA:6,1011,1,0
BRDA:6,1011,2,0
BRDA:6,1011,3,0
BRDA:6,1011,4,0
BRDA:6,1011,5,0
BRDA:6,1012,0,0
BRDA:6,1012,1,0
BRDA:6,1013,0,0
BRDA:6,1013,1,0
BRDA:6,1014,0,0
BRDA:6,1014,1,0
BRDA:6,1015,0,0
BRDA:6,1015,1,0
BRDA:6,1016,0,0
BRDA:6,1016,1,0
BRDA:6,1017,0,0
BRDA:6,1017,1,0
BRDA:6,1018,0,0
BRDA:6,1018,1,0
BRDA:6,1019,0,0
BRDA:6,1019,1,0
BRDA:6,1020,0,0
BRDA:6,1020,1,0
BRDA:6,1020,2,0
BRDA:6,1021,0,0
BRDA:6,1021,1,0
BRDA:6,1022,0,0
BRDA:6,1022,1,0
BRDA:6,1022,2,0
BRDA:6,1022,3,0
BRDA:6,1023,0,0
BRDA:6,1023,1,0
BRDA:6,1024,0,0
BRDA:6,1024,1,0
BRDA:6,1025,0,0
BRDA:6,1025,1,0
BRDA:6,1026,0,0
BRDA:6,1026,1,0
BRDA:6,1027,0,0
BRDA:6,1027,1,0
BRDA:6,1028,0,0
BRDA:6,1028,1,0
BRDA:6,1028,2,0
BRDA:6,1029,0,0
BRDA:6,1029,1,0
BRDA:6,1030,0,0
BRDA:6,1030,1,0
BRDA:6,1030,2,0
BRDA:6,1030,3,0
BRDA:6,1030,4,0
BRDA:6,1031,0,0
BRDA:6,1031,1,0
BRDA:6,1032,0,0
BRDA:6,1032,1,0
BRDA:6,1033,0,0
BRDA:6,1033,1,0
BRDA:6,1034,0,0
BRDA:6,1034,1,0
BRDA:6,1034,2,0
BRDA:6,1034,3,0
BRDA:6,1034,4,0
BRDA:6,1034,5,0
BRDA:6,1034,6,0
BRDA:6,1034,7,0
BRDA:6,1034,8,0
BRDA:6,1035,0,0
BRDA:6,1035,1,0
BRDA:6,1036,0,0
BRDA:6,1036,1,0
BRDA:6,1037,0,0
BRDA:6,1037,1,0
BRDA:6,1038,0,0
BRDA:6,1038,1,0
BRDA:6,1039,0,0
BRDA:6,1039,1,0
BRDA:6,1040,0,0
BRDA:6,1040,1,0
BRDA:6,1041,0,0
BRDA:6,1041,1,0
BRDA:6,1042,0,0
BRDA:6,1042,1,0
BRDA:6,1043,0,0
BRDA:6,1043,1,0
BRDA:6,1044,0,0
BRDA:6,1044,1,0
BRDA:6,1044,2,0
BRDA:6,1045,0,0
BRDA:6,1045,1,0
BRDA:6,1046,0,0
BRDA:6,1046,1,0
BRDA:6,1047,0,0
BRDA:6,1047,1,0
BRDA:6,1048,0,0
BRDA:6,1048,1,0
BRDA:6,1049,0,0
BRDA:6,1049,1,0
BRDA:6,1050,0,0
BRDA:6,1050,1,0
BRDA:6,1051,0,0
BRDA:6,1051,1,0
BRDA:6,1051,2,0
BRF:2331
BRH:0
end_of_record
TN:
SF:/Users/macbook_pro_i7_512gb/Desktop/Coding/Visma-pra/vite-vue2-starter/src/main.js
FN:20,(anonymous_0)
FNF:1
FNH:0
FNDA:0,(anonymous_0)
DA:9,0
DA:11,0
DA:19,0
DA:20,0
LF:4
LH:0
BRF:0
BRH:0
end_of_record
TN:
SF:/Users/macbook_pro_i7_512gb/Desktop/Coding/Visma-pra/vite-vue2-starter/src/api/apiCalls.js
FN:1,deleteData
FN:13,putData
FN:31,postData
FN:49,getData
FNF:4
FNH:0
FNDA:0,deleteData
FNDA:0,putData
FNDA:0,postData
FNDA:0,getData
DA:2,0
DA:3,0
DA:6,0
DA:8,0
DA:9,0
DA:14,0
DA:15,0
DA:22,0
DA:24,0
DA:26,0
DA:27,0
DA:32,0
DA:33,0
DA:40,0
DA:42,0
DA:44,0
DA:45,0
DA:50,0
DA:51,0
DA:53,0
DA:55,0
DA:57,0
DA:58,0
LF:23
LH:0
BRDA:6,0,0,0
BRDA:6,0,1,0
BRDA:22,1,0,0
BRDA:22,1,1,0
BRDA:40,2,0,0
BRDA:40,2,1,0
BRDA:53,3,0,0
BRDA:53,3,1,0
BRF:8
BRH:0
end_of_record
TN:
SF:/Users/macbook_pro_i7_512gb/Desktop/Coding/Visma-pra/vite-vue2-starter/src/store/store.js
FN:13,(anonymous_0)
FN:16,(anonymous_1)
FN:17,(anonymous_2)
FN:21,(anonymous_3)
FN:26,(anonymous_4)
FN:31,(anonymous_5)
FN:32,(anonymous_6)
FNF:7
FNH:0
FNDA:0,(anonymous_0)
FNDA:0,(anonymous_1)
FNDA:0,(anonymous_2)
FNDA:0,(anonymous_3)
FNDA:0,(anonymous_4)
FNDA:0,(anonymous_5)
FNDA:0,(anonymous_6)
DA:6,0
DA:8,0
DA:14,0
DA:17,0
DA:22,0
DA:23,0
DA:24,0
DA:27,0
DA:32,0
LF:9
LH:0
BRDA:23,0,0,0
BRDA:23,0,1,0
BRF:2
BRH:0
end_of_record
